YES
1
1 945
1 1333
945 53
945 681
945 545
945 364
1333 1098
53 78
681 753
681 260
681 494
78 111
78 1299
78 609
78 888
753 1184
753 983
260 451
260 525
260 873
260 59
111 103
111 711
1299 980
1299 1010
1299 541
609 1393
609 846
609 715
888 1298
983 891
983 490
983 1058
451 906
525 911
525 975
873 935
873 1398
873 190
59 344
103 1181
103 1039
980 817
980 754
980 800
980 1042
1010 1203
1010 1086
1010 527
1010 1248
1010 839
541 558
541 769
1393 325
1393 625
846 1295
846 1133
846 374
715 1113
715 1093
715 628
715 423
715 1062
1298 1075
1298 292
1298 39
891 1028
891 478
891 785
490 863
906 178
906 582
911 743
911 1151
911 639
911 359
935 540
1398 195
1398 262
190 805
190 67
190 181
344 1018
1181 973
1181 538
1181 71
1039 35
1039 1220
817 1397
817 1266
817 93
817 566
800 1346
1042 852
1042 340
1203 411
839 56
839 1312
839 539
839 1223
839 597
558 1360
558 1245
769 252
769 363
325 1364
325 571
325 128
625 1158
625 315
625 729
1133 396
1133 272
374 964
1113 157
1093 879
628 768
423 695
423 537
1062 498
1062 47
1062 1180
1075 1068
1075 862
1075 936
292 362
292 1305
292 907
292 96
292 356
292 419
39 317
39 192
39 268
478 580
785 147
785 531
785 1092
785 661
863 724
863 142
863 1372
863 257
863 496
863 1265
743 360
743 343
743 1096
743 176
639 898
359 470
359 1304
195 162
262 987
262 245
262 83
805 426
805 62
805 163
805 223
67 1287
181 86
181 732
1018 150
1018 734
1018 755
1018 1159
973 210
973 751
538 148
538 1078
538 1123
538 982
71 1009
71 950
35 454
35 920
35 106
1266 337
93 693
566 1211
852 453
852 521
340 180
340 1111
340 324
340 338
340 448
340 672
411 1238
56 803
56 98
56 354
1312 194
1223 928
1223 227
1223 1215
597 443
597 951
597 89
597 346
1245 425
1245 676
1245 524
252 642
363 985
571 1045
571 914
571 670
128 216
128 592
1158 622
729 880
272 1368
272 657
272 970
272 1099
272 828
157 229
879 1285
695 741
695 286
537 450
537 1345
47 79
1180 82
1180 1376
1180 923
1180 22
1180 462
1068 254
1068 809
1068 132
936 265
936 1171
936 931
936 647
362 42
362 282
362 833
96 526
356 420
419 974
419 486
192 946
192 1208
268 934
268 120
268 495
268 601
268 779
580 327
580 599
147 858
147 1044
531 301
531 158
531 1258
531 1214
1092 138
661 31
661 101
661 1038
661 1240
661 1391
724 483
724 1306
496 1254
496 1117
496 370
1265 789
360 466
343 723
1096 857
1096 127
1096 838
1096 204
176 77
176 1332
898 919
470 522
470 807
1304 706
162 25
245 153
245 979
83 835
83 121
426 792
426 74
62 593
62 966
163 228
223 1094
1287 37
1287 1089
150 145
150 461
150 1154
734 876
734 770
755 1387
755 1259
755 1013
755 660
210 623
210 297
210 1053
210 952
751 385
148 1183
1078 222
1078 989
1123 270
1123 320
982 5
1009 353
1009 91
920 347
920 113
106 921
337 64
1211 72
1211 533
1211 562
453 1059
453 303
453 1139
521 351
521 570
180 517
338 241
338 123
448 708
672 621
672 1130
803 763
803 298
803 909
98 637
98 455
98 992
194 692
928 382
227 825
1215 869
443 1163
443 507
951 815
951 1194
89 1043
89 590
346 9
346 701
642 551
642 70
985 778
1045 261
1045 1362
1045 1005
1045 771
1045 1132
670 884
216 424
216 308
216 793
216 299
592 967
592 1076
592 1116
622 836
880 310
880 274
1368 584
1368 554
657 15
970 1205
1099 1054
1099 472
1099 1066
828 536
229 160
741 105
741 294
286 85
450 1347
450 1110
79 11
82 550
1376 1122
923 143
923 302
923 17
22 710
254 1339
254 903
809 977
809 680
132 189
132 1288
265 849
1171 1037
1171 1381
647 1350
42 280
42 780
833 220
833 1145
526 290
526 1380
526 1137
420 999
420 43
486 683
486 1324
946 410
934 1000
934 1367
934 395
934 1342
120 774
495 1046
601 1379
779 814
599 1284
1044 746
301 722
301 871
158 1313
158 1179
158 663
158 823
158 938
1214 925
138 1235
138 620
138 232
101 1293
101 856
1038 1291
1038 1326
1240 1104
1391 394
483 585
1117 1210
1117 1296
1117 1127
370 1363
466 1149
723 326
723 471
127 167
838 1329
838 1100
204 431
204 756
77 58
77 913
1332 1172
1332 118
919 1124
919 649
919 1283
25 565
835 508
835 379
121 258
792 555
792 758
792 684
792 1166
74 747
593 464
966 865
966 403
966 473
228 735
37 1103
1089 131
145 760
461 1105
876 1138
876 841
876 519
770 1386
1259 965
1013 929
660 1128
660 659
660 535
623 1388
623 682
623 95
623 1383
297 393
1053 861
1053 875
1053 1034
952 13
222 1074
989 413
989 1102
270 442
270 694
320 208
5 1003
5 248
353 1193
91 469
91 57
347 1300
113 1231
921 1237
64 843
64 7
72 333
533 1330
562 1318
562 772
562 278
1059 54
303 698
1139 648
570 1195
570 646
517 440
123 927
708 371
708 115
708 561
708 511
621 709
763 607
298 1049
909 824
637 449
992 80
692 547
825 1050
825 872
825 445
869 1250
1163 615
1163 375
1163 271
815 750
1194 456
1194 1198
590 429
701 430
70 422
778 1290
778 986
778 673
778 365
261 1190
1362 45
1362 20
1005 427
771 332
424 295
424 1197
424 492
424 501
793 10
299 530
1116 948
1116 1348
1116 624
836 6
310 688
274 309
274 1357
584 1035
554 18
554 1177
554 832
554 721
15 108
1205 276
1066 781
536 941
536 813
536 731
160 1055
294 231
294 757
85 457
1110 1041
1110 1176
11 1316
11 787
11 705
550 417
143 1087
302 1307
17 777
710 924
903 762
977 1274
977 1081
977 668
189 969
189 782
189 1234
1288 591
849 640
849 156
1037 943
1381 1079
1381 878
1381 656
280 611
280 1019
780 556
220 1334
1145 90
1145 542
290 944
1380 739
1137 1069
1137 388
43 406
683 161
683 1002
1324 1017
410 714
1367 141
1367 717
1342 217
1342 1136
774 283
774 971
1046 1371
1046 140
814 830
814 133
1284 1230
722 1252
722 610
722 1025
1313 1115
1179 247
663 433
663 786
823 1175
823 437
925 677
620 38
1293 534
856 568
1326 736
1326 27
1104 516
394 1262
585 1061
1296 848
1127 665
1127 761
1149 480
1149 720
1149 1239
326 766
326 104
326 1377
326 336
471 716
471 901
471 76
471 933
167 349
1100 273
1100 613
431 409
756 177
58 3
1172 728
1172 233
1172 136
1124 563
1124 790
508 937
258 799
258 1292
555 847
555 311
758 377
684 764
1166 500
464 650
1103 1382
1105 1281
841 949
519 73
519 154
519 1015
965 1077
659 1070
659 1323
659 675
535 868
535 918
95 1241
1383 479
1383 691
861 97
875 910
1034 1196
13 68
13 1095
1074 264
413 1033
1102 1112
694 126
208 202
208 468
248 1280
469 452
1231 523
1231 1228
1231 1051
1231 804
843 1341
7 850
333 1337
333 1129
333 1141
333 224
333 1246
1330 559
772 400
278 1174
278 816
278 390
278 619
648 845
371 632
115 1091
561 1279
511 196
511 266
709 63
1049 46
824 1317
824 794
824 368
449 697
80 991
872 783
872 1273
445 1073
445 117
1250 775
1250 1107
375 726
375 134
750 1047
750 1182
456 1108
456 155
456 867
1198 109
429 387
429 32
430 436
422 667
1190 277
20 1153
295 1008
1197 1321
492 616
492 146
492 107
492 1328
501 239
530 552
530 669
1348 405
1348 1225
6 631
6 1256
1035 598
1035 1243
832 528
721 1263
108 882
108 515
108 505
108 323
781 806
781 1071
813 1249
813 497
731 366
1055 135
231 166
231 1024
231 339
757 703
457 588
457 572
1041 397
1041 484
1176 322
1316 1209
787 958
1307 84
1307 1021
1307 61
924 188
762 578
1274 638
1081 253
668 149
668 1233
969 288
782 634
1234 493
591 895
591 1384
943 287
656 674
656 1178
1019 65
1019 1120
1334 321
1334 818
90 796
90 666
542 874
542 474
944 1170
1069 1152
388 1365
388 652
388 997
406 329
1002 749
1002 102
1017 100
714 1268
717 255
217 988
217 886
217 201
1136 1040
283 1395
971 1067
1371 960
140 885
830 355
830 840
830 1264
133 475
1252 269
1025 512
1025 795
786 687
38 520
534 361
568 1126
516 256
516 658
1262 870
1061 1060
665 587
480 482
720 1244
720 831
104 976
1377 242
336 139
716 1336
933 36
933 1004
349 243
3 401
3 1374
3 1276
3 173
233 744
233 1297
937 1011
937 316
764 1144
764 532
764 671
650 319
650 432
1281 341
1015 837
1077 603
1077 1343
1070 218
1070 509
1070 1378
1323 1142
675 893
675 712
479 596
691 553
97 1314
68 1213
68 185
126 1310
202 249
468 28
468 41
468 1355
468 4
452 1052
523 745
850 1048
850 690
1337 864
559 114
390 168
845 740
845 485
1279 215
1279 1036
266 820
266 414
63 912
63 137
46 1014
697 968
697 125
697 1097
1273 99
1273 398
775 752
1107 1216
134 1001
134 767
1047 1319
867 415
277 1063
1008 383
1008 544
616 1012
616 381
107 1167
107 954
107 1125
239 1032
405 1370
631 1016
1256 384
1256 307
1256 844
598 589
528 577
1263 416
882 1335
882 1253
806 514
1249 259
366 802
135 1352
588 877
588 1083
588 225
397 564
484 408
322 513
1209 300
958 221
188 12
578 122
253 1219
1233 439
634 1315
1178 503
65 608
65 372
65 1006
818 1007
818 289
818 860
796 1349
474 182
1170 759
1170 984
329 214
100 48
1268 1308
988 1072
886 24
1067 1322
355 811
1264 529
361 972
256 733
870 171
870 438
482 939
831 219
831 174
831 1027
976 1251
976 334
242 1275
243 801
401 1030
1374 932
1374 267
1276 853
173 489
744 1270
1144 169
319 719
432 209
341 993
603 1282
603 172
596 1056
1314 250
1213 829
185 1354
28 881
28 808
1355 1389
1355 1309
4 737
4 23
1052 92
1048 152
864 487
1036 602
1036 1134
1014 402
968 1255
1097 1236
1216 947
767 1162
1167 119
1370 699
844 1150
514 112
1083 463
564 33
513 203
439 1358
372 956
182 1369
182 1344
214 1026
1072 1303
24 1207
174 244
489 1247
169 306
719 546
250 679
250 392
881 246
808 1338
699 367
1150 655
1150 641
33 184
203 88
1369 1224
244 1320
246 902
655 476
88 994
1 742
3 165
4 557
4 130
4 296
4 1206
5 981
6 444
10 548
10 1165
18 887
22 617
24 1278
33 350
36 1351
46 305
53 1385
61 866
62 727
63 899
64 1185
67 962
72 1082
77 1029
79 595
79 700
84 890
88 293
93 854
101 1294
101 827
101 1201
107 352
109 1242
111 1023
114 1192
117 50
120 391
120 81
127 87
127 917
127 1392
133 237
133 312
133 318
135 686
142 1155
142 1366
146 1119
154 1289
154 1186
172 389
184 291
188 1135
190 304
190 633
194 1396
194 894
201 275
204 1331
209 653
220 1146
224 116
224 1269
227 889
229 281
242 170
243 738
246 822
247 51
247 207
249 1187
252 788
252 234
253 251
257 69
259 1189
264 1085
268 328
270 40
270 386
271 1088
273 702
273 2
282 1164
283 335
287 575
290 926
290 380
292 855
294 996
298 1131
300 581
303 412
307 990
309 689
310 998
310 651
316 1057
317 29
326 175
340 404
344 664
349 978
353 30
353 313
353 8
356 1109
360 1356
362 942
363 1188
366 834
366 905
366 1227
368 460
368 626
371 191
382 506
382 179
385 1229
388 798
394 197
395 1101
395 1157
397 263
401 504
405 1202
408 678
409 1218
410 883
416 60
417 896
417 1217
420 826
427 773
429 1106
431 662
436 959
438 330
439 129
439 477
442 49
452 725
452 1271
461 930
464 428
468 579
469 916
470 488
472 851
473 904
475 704
478 1020
482 441
482 1121
484 1080
489 418
494 543
495 44
498 200
501 1031
501 748
507 892
507 1090
515 1140
516 685
528 707
529 434
533 1191
535 654
538 1394
539 1118
540 447
546 627
547 606
550 14
556 784
563 459
568 718
577 576
582 915
584 1200
588 34
590 1148
592 586
601 164
607 1173
608 612
608 183
609 629
611 995
619 636
622 198
628 238
628 369
631 110
631 1065
637 481
639 236
641 1160
658 124
669 52
673 955
691 279
705 1169
711 1143
715 1267
719 499
720 765
722 342
728 961
731 1260
735 373
735 345
746 573
751 1301
754 583
755 378
762 66
768 1156
769 1114
770 819
770 358
770 211
774 574
778 730
779 569
782 1353
782 1226
787 696
802 1277
803 331
805 1212
828 144
832 458
833 1311
836 842
838 1084
839 187
840 186
845 643
846 240
848 435
849 399
862 284
867 776
872 810
872 518
876 230
885 213
901 21
901 1204
902 1340
918 645
927 1222
935 1390
935 605
936 549
936 922
948 446
949 963
972 510
974 348
985 791
988 94
992 285
993 491
999 465
1000 1168
1008 1022
1009 1232
1015 421
1015 1286
1016 159
1018 1325
1028 713
1032 151
1032 594
1037 1161
1037 567
1038 1199
1038 600
1044 908
1049 16
1052 1147
1076 502
1093 193
1093 635
1099 900
1111 212
1123 1361
1123 357
1128 206
1128 604
1128 55
1129 560
1133 75
1151 618
1171 957
1193 226
1194 1261
1207 797
1207 205
1209 26
1225 19
1292 199
1298 1302
1305 897
1317 376
1329 235
1329 630
1338 940
1341 1064
1367 1375
1368 821
1371 644
1387 1373
1391 614
1351 1221
312 1327
926 1359
285 859
713 467
1221 953
1359 1272
1359 407
859 812
467 1257
1257 314