10 253218
9 917769
4 4210606
90 430090
7 3195783
9 9302217
3 860387
8 9078672
6 289586
20 5774
4 7928043
1 9963805
60 164832
4 3892534
6 4091162
4 4505017
4 634055
70 997388
2 9948901
2 8174465
6 2052936
4 817135
7 942626
7 959111
6 8830440
7 2704193
4 2696454
20 67091
8 5699963
900 5873
1 9000406
3 8440511
20 600659
6 6919699
9 894000
10 940855
9 2000042
2 8284509
2 8083614
9 551148
50 909324
500 79996
30 564821
7 1967170
8 9269309
3 2725428
9 9054537
6 7674022
20 516087
3 1022103
1 4046297
9 4851049
3 7555018
4 2899331
9 1050081
8 1957038
9 3958235
70 4078
4 5139178
5 8003465
9 89080
800 4458
1 5079357
7 1595083
4 780921
1 5206267
8 1588951
9 47453
5 6670556
8 5011424
9 3020890
8 9500896
800 6080
7 4570321
6 3411217
4 6049602
5 758429
8 1070988
10 711353
8 9647315
3 3625081
3 9170608
1 8548216
40 456393
3 8461221
10 869805
50 343818
9 9353977
7 5510634
3 78184
3 9970253
9 349505
900 51666
9 9109404
60 424074
-1
70 106044
4 6652359
-1
30 309558
8 640077
20 99894
3 2016143
9 1308619
3 4593056
1 646361
2 9107011
7 2140024
3 9394304
7 6302756
4 8071586
3 5272273
9 5022213
90 970088
4 2089466
9 207477
1 9286430
2 8156470
-1
7 5550713
7 4552014
1 8169071
8 270053
90 80055
3 4672300
4 9881757
1 6743601
8 8328685
3 1352761
6 2909666
1 4445639
7 9874923
6 7649410
2 5765785
300 39671
9 300486
7 9556354
60 303437
6 1935023
1 6220140
7 77799
6 6136882
8 406960
8 72
3 9562067
6 3060006
800 59074
30 54
2 3756096
60 782136
2 7321293
5 6011067
100 30589
3 2010178
8 5581557
1 2700419
4 6658400
20 856602
5 2620523
-1
6 9787546
5 6446542
5 2373524
3 2055469
1 8472655
2 6204088
8 6804671
4 5213713
7 8068853
8 8050793
5 1344063
2 1992551
8 9187880
9 134210
2 3779
80 900174
700 97365
300 40572
1 8443563
5 4215356
4 9878499
1 1537652
500 617
2 991
8 2123387
2 9610267
90 409073
50 194037
1 6527664
5 4170301
7 4418644
7 5694033
60 990634
4 4014028
6 5089991
500 5043
4 4078463
3 549268
5 4301527
900 90835
2 4204987
4 65844
9 7361296
1 5101290
3 9285058
9 7007457
2 5105211
4 780022
800 12025
6 5960287
40 328207
6 1368932
20 270488
9 3061819
5 77814
9 6005780
6 1319052
4 4595998
7 7069247
2 3635206
900 77455
9 292083
400 86334
5 8061869
6 877047
20 777595
5 9866347
8 9671803
8 517413
800 70669
5 3076084
9 2100443
5 2284432
10 5080
8 4847423
6 4718209
3 5653433
5 6629065
1 292094
5 9750311
1 2731650
9 3750067
70 620044
50 309810
20 290545
4 8459016
2 835696
4 5076503
1 2011465
7 6800928
6 5678079
1 6974054
6 55
7 8968447
4 1935047
2 4830067
3 9127550
7 3144324
50 606782
-1
600 48904
8 3199943
20 289
6 6652003
60 737150
5 95389
7 5689772
9 3984125
40 443053
1 7717727
70 752566
2 4037539
8 2046301
5 7493059
5 8849931
80 352654
3 3970841
5 7969694
4 9004311
7 4890854
3 4349541
500 87028
20 935065
3 8008812
2 27578
-1
600 66507
8 4047233
8 2392259
2 3820173
2 200118
8 7514894
8 36968
4 507428
6 4993508
7 5434207
3 9830001
6 42056
3 7091944
7 9527003
8 7006141
4 8310733
6 1903485
80 68590
20 35101
3 7707267
2 6527144
8 2066904
2 3375811
8 2636896
80 518598
2 6806418
70 739015
8 6108471
5 886155
40 764042
6 7773893
7 5211428
4 6260017
40 178055
6 1437178
40 694041
4 323317
1 640987
6 9115783
5 289107
1 6660059
90 458888
40 893813
3 8062247
40 400092
40 806539
2 9600501
9 3138561
1 3470367
1 9910966
6 6069094
5 1530271
1 8319398
9 7908768
40 701272
2 8617217
9 6658350
2 5412587
1 1087016
20 480892
9 788840
4 921425
4 3840486
80 895097
2 3003049
1 5576018
2 2624609
8 5758118
3 6616542
4 3099963
2 7000041
9 3249126
40 572333
5 7875629
8 5800011
20 961299
5 6206635
7 1880873
2 3637478
2 4315324
40 212928
90 613745
6 4261671
1 1893040
-1
90 308269
1 4363614
4 3080795
1 3592642
1 7124491
6 8808424
8 5868270
1 2609706
1 5840694
4 59058
7 6100790
4 2612311
6 6825927
1 309134
1 7824268
5 5038356
8 275338
8 858128
-1
1 5823731
7 5113577
30 129330
7 9211052
7 7101062
1 6709632
9 5576639
9 2786402
8 643560
9 3162910
6 4101831
5 6158742
3 448006
7 8093024
3 5634562
2 1155354
8 3727877
5 964455
9 5877079
30 639437
8 72841
3 6005945
4 4408429
8 5544400
4 6805692
5 3080776
4 3294040
7000 7704
9 601856
20 366140
5 2170118
1 9291250
9 3528889
4 3251907
2 7440723
1 6184168
7 7730187
4000 6287
700 13020
90 604040
2 8955192
2 3490730
4 850876
4 3079578
6 998046
8 2839243
2 430716
6 7921473
3 9258620
6 1410006
2 2360651
6 5657654
9 4502094
7 25055
4 5251784
9 7173937
9 8138012
5 6207008
9 1384544
3 2667993
90 30889
7 8093712
9 4521673
6 5052036
80 83096
4 3851006
4 195389
1 5797247
2 8903050
6 3207987
9 479111
5 1401113
8 8436424
6 8724658
6 23269
40 653346
3 8390199
4 3412305
8 7673922
50 32507
8 7010563
6 90072
1 210058
3 803092
5 6217909
9 8450573
7 6342572
7 8506127
4 5292949
3 9600921
2 8944944
8 9400009
600 71638
90 402048
1 1942027
8 9926522
40 924318
4 8117719
6 107465
4 512921
4 8460090
-1
60 239145
9 4926806
7 8034248
6 2119785
40 185487
3 7389306
-1
2 9730065
1 1788041
2 4504481
3 6855764
5 9858621
7 1314819
700 40544
3 7575595
8 1903951
9 6085525
900 20246
3 9037051
8 9888070
40 238873
70 607134
1 3332986
5 88997
7 604227
10 489065
3 6089034
5 68034
2 309091
4 5155729
6 8065776
2 7468216
7 2060642
5 7124933
300 4029
6 8190788
5 2013025
10 332170
70 7386
4 895685
7 4370091
5 4037578
5 3230798
60 122985
2 6004072
6 984105
8 10112
9 2120705
6 7071194
7 3402834
7 4955015
8 8730109
6 6910623
20 160928
5 6952029
8 80557
9 2252461
2 725323
8 41867
3 5203840
4 1869483
7 7270655
8 230043
9 6840794
7 8478869
6 3183747
-1
2 3680944
4 2368507
6 2880028
7 6192967
200 10314
6 7021332
6 700091
7 3094414
7 978764
5 8240828
9 459382
6 920037
30 110311
50 219627
1 90079
4 1220394
10 331330
70 50568
3 463701
5 90048
60 1131
9 5989161
5 61342
2 1949068
4 8076011
60 100103
8 642803
2 64481
2 3077405
7 98155
6 2889009
4 957668
4 364189
8 4816889
6 2561528
4 6400684
1 5524619
60 527072
8 7633030
4 642042
1 9828090
9 728987
4 8833202
9 264486
8 5495107
7 58172
4 112666
70 628916
3 3489514
1 8645745
6 708854
5 510089
1 3641053
20 793688
3 7096710
3 8633023
3 5742919
6 8110284
6 5634141
3 7036154
7 460429
1 9727635
4 1786856
1 9570713
8 2928521
4 5600808
7 499559
3 8339819
1 3000038
2 106724
5 4054908
7 1375023
5 2167028
1 153059
70 382079
80 488384
8 1203346
2 6100918
6 633
1 24004
7 5474055
900 1021
5 4320508
400 24160
3 9420870
8 354619
6 3203038
6 4099196
5 4966403
8 142053
5 908090
80 658004
2 7197399
5 8214610
8 8644181
7 5541656
3 5979878
200 29292
30 308815
1 13002
5 5898363
1 3984329
4 2023023
8 2550371
10 308012
1 2965490
3 9992927
1 2144417
9 8911091
3 4414974
8 1738397
7 5236281
6 6779880
-1
40 670444
1 623742
4 1103061
3 2057031
9 7758431
6 897123
4 9743650
5 8085282
2 7671522
80 9091
3 2869134
4 5485884
90 437720
90 38833
20 71340
3 4037517
9 1524622
9 837026
-1
5 6959120
5 253058
100 93088
7 455804
90 17064
5 5076262
8 7965677
2 5200339
9 606708
50 50506
9 784540
60 500747
1 912706
30 680513
2 3388859
9 7095925
50 404080
70 927472
5 5989166
3 8476815
9 4698287
8 9832083
1 496487
8 2110032
4 420706
9 1875061
1 4341393
5 1164398
1 3240873
9 6285378
9 3340670
700 73500
80 233568
4 9520450
9 4656282
8 4859664
7 1805569
3 3966576
5 9492037
8 6687031
3 5654351
4 210095
3 6807055
7 117561
60 358132
70 911166
1 3190015
8 151244
6 2329837
50 734451
7 5239915
2 40249
9 8096097
8 1070886
1 9181571
2 6524373
9 6019697
5 400253
1 3220095
70 702
5 740718
1 2352083
6 4858011
20 950807
3 2200038
9 8360321
9 586564
6 2231084
6 7001922
7 754821
1 9064874
8 3320581
1 3783336
60 112048
5 871859
3 1023722
9 1761362
70 706087
6 6016079
3 1698643
80 965307
4 1420058
9 6302584
20 32000
7 3441958
6 4389162
10 913313
2 1991510
90 264233
3 4351758
1 8701496
90 533916
60 563061
600 84030
7 4127078
1 5502581
7 1853519
9 3880596
2 5573616
4 1558997
2 7875613
8 8019108
700 48806
10 691677
30 34062
5 795307
1 3899707
1 80780
4 9900951
8 5054382
6 642853
4 9103955
9 4845936
10 309090
3 494846
30 79709
7 822356
3 5071189
9 577295
7 8485749
3 2114889
2 1860019
2 7209813
6 4039587
3 5866000
80 61080
6 2801542
3 2531023
5 4500270
5 5025251
6 774344
2 7070642
4 4347244
2 254447
3 7608854
3 5268786
600 79617
6 6305881
5 9021954
9 6915878
2 7936840
4 4943189
7 6292511
30 862710
60 780973
7 4518100
1 3070319
2 506930
5 4791080
50 48866
90 590949
5 560995
5 5741653
6 98048
9 3821833
9 6407053
100 66891
7 540333
3 1004725
10 438067
5 396579
7 5797092
3 1363013
8 8061344
6 33077
60 757757
9 1543096
9 34057
4 70650
6 5234283
6 1901462
300 378
-1
200 60531
100 50082
1 2040040
50 392028
9 2704306
5 6209840
8 6711860
6 3197876
9 4746997
4 4981319
9 710518
9 8201805
8 8118895
2 3100060
2 1004706
60 970812
1 6870682
3 1043927
3 5209622
4 1378092
2 7703761
60 746470
3 1080478
7 9070399
5 2091646
9 4967357
5 6300791
2 1753978
1 7095747
9 5243625
5 2999183
8 5140139
40 18269
3 9355847
3 2526619
1 8476105
10 903781
4 399805
10 56838
3 4075990
7 1084307
8 30715
8 3089940
6 321
9 6574879
3 3518906
800 23108
4 440072
30 112277
2 9114694
6 2269671
6 5367099
5 1956483
8 9010464
9 8339095
7 8254083
5 8333200
500 4014
70 826593
50 92343
4 5096642
4 54624
4 1320173
1 9
1 4800128
-1
50 561190
2 2294342
1 9503883
4 3181304
7 7359780
90 276536
7 579140
8 443721
900 72464
1 835679
6 6092470
9 1402002
-1
8 7369701
5 9805037
9 5800684
10 540119
5 57061
90 730623
8 4529639
7 3368817
6 4280591
60 94070
7 689037
600 14194
7 4130822
4 3920731
800 90789
6 1533017
4 7341952
9 7201988
-1
2 9734505
400 80057
5 8086526
3 9534850
2 6929715
3 4273115
4 4800355
9 2732932
9 100315
900 61051
4 15500
70 800071
9 334
10 422304
9 801078
2 5014423
3 330594
5 1260737
4 3077029
8 552042
4 800020
4 2052177
2 5402051
9 9400506
-1
6 401809
5 4196605
3 5994651
6 100098
2 7568953
3 406402
8 6144051
4 7073478
6 8090012
10 480058
1 500894
5 5560025
6 5307745
7 4330266
5 7548654
2 6870069
6 2942009
6 8219456
6 7509425
8 2833082
70 54146
5 2359851
70 470077
80 88862
6 437233
5 6133825
3 2556279
6 3150080
8 5572174
2 5047527
1 877079
8 1580071
2 952487
2 527895
40 100266
6 4965194
30 5048
4 2884347
50 20534
4 3146110
30 856848
1 2058258
2 5431405
9 1675092
5 8368487
4 9749060
90 372123
30 504025
8 1214606
30 100508
10 6979
-1
1 1451009
5 536263
10 862869
50 875404
6 4735865
40 372758
4 7952020
8 2898457
2 9168298
4 9651086
7 2690237
2 6454088
7 3669012
900 9805
3 2498994
90 651129
9 8007655
3 755690
3 2408236
2 9977680
70 95844
6 5001069
7 1699634
7 10874
6 496397
8 6592603
6 8910957
5 4800440
60 411964
3 5183673
5 1058660
9 154991
1 306373
2 8980171
6 1709078
5 670544
7 3820641
5 4140960
5 1009871
1 4470338
1 2871056
7 6002090
4 9091035
3 7223952
-1
6 4663094
4 3972318
2000 7082
-1
5 5691506
60 280387
6 1090292
1 401072
3 5581667
-1
1 836039
3 7209206
-1
8 1089135
-1
6 8820436
3 2183200
2 9098808
60 270044
6 77742
10 807714
3 8010791
2 8405300
30 850247
200 30252
9 307908
700 5476
50 8082
6 2046
1 37
7 444820
40 696
4 2807663
3 1470572
2 6000880
1 3816959
5 2613906
3 6808048
6 3009514
5 660493
8 7131858
30 4084
70 926309
7 7626981
9 2743242
4 5936046
-1
7 7928452
3 5023095
8 390542
3 5021743
1 9392033
6 6017421
7 3116091
2 1361994
6 4080019
3 1103076
1 5609532
3 7607411
7 1279876
5 4716030
5 2002331
2 2598454
6 3164026
9 749661
10 736068
200 16972
4 1000027
8 7242588
6 730977
20 543784
7 8827123
9 6859328
1 3288122
9 4731720
3 475654
8 8054080
9 8407045
3 2278158
3 9463581
6 141769
9 1593355
5 3605658
2 7492614
-1
3 2566154
5 4042623
1 8406116
80 304086
3 401703
1 130059
2 1000430
9 4000731
9 8601072
3 4201582
5 5547334
1 9071
9 2806553
5 4550782
80 969539
7 2141879
1 9241737
2 3098293
60 920749
1 8195090
6 750763
6 5545238
3 102644
2 79500
200 56343
40 490580
6 4080727
2 3018301
7 883301
3 4699861
20 255271
3 2500967
3 6019
6 1192102
2 8012940
90 431043
30 459766
80 2059
4 6051371
20 601668
30 370084
40 19530
7 4144480
30 411
4 9754680
30 93093
5 702207
2 4335042
9 858495
8 6707019
6 246468
8 3803047
5 3856070
90 460913
4 2620711
6 9915217
6 3539823
1 7808595
3 7706564
10 861630
3 5819376
8 6045602
3 6050871
5 3376547
6 5005995
2 3085919
60 764549
4 3284241
40 181153
50 601
6 6187888
60 4227
3 4605144
8 254683
7 7465689
50 81
2 7510708
-1
8 7229139
3 2502063
7 3550372
7 1553171
70 273697
2 7368946
9 1290512
3 1549110
3 7984766
5 529574
5 9580986
3 1062551
6 867942
6 6909321
9 3096619
4 9579448
300 17218
10 179481
8 6011053
4 5452010
5 8298103
6 7349152
6 1021005
2 4352539
90 731735
6 900746
2 1849127
9 84068
50 72741
2 7175015
5 9293366
2 2352021
1 8556123
5 5472210
90 69235
1 6839113
20 90025
8 2048119
10 749904
-1
5 2555611
3 1006357
5 5194211
8 3253162
5 202078
80 7680
1 959428
2000 9036
90 40269
9 341
8 3271449
1 8053371
5 6595727
7 90943
8 321709
60 159770
7 9740310
1 1902413
7 7652139
2 9136392
4 2587716
4 47691
7 2030404
9 1579030
2 4657567
3 7207046
6 6015602
5 1084684
2 3687644
5 518191
6 2807045
5 6517714
3 643029
8 5035008
70 417357
40 701581
5 919714
3 7631161
1 6454258
5 2905871
40 82965
7 3953063
4 8681284
20 707073
7 5267476
4 7601994
3 5308803
500 46651
1 6614993
6 9704181
20 702728
3 8908421
4 7180070
3 8062697
40 737209
6 3926599
10 370957
6 1592725
60 502284
7 9623327
4 8129011
6 5952182
400 30074
60 150215
20 661665
900 8783
100 90390
1 3644401
4 7301476
7 2651128
1 6660906
7 675
7 2740783
2 2204421
9 4005802
30 238117
5 60192
9 3881718
6 1545368
80 784067
5 2053478
400 52681
6 3430777
5 3581380
40 43096
7 6104050
5 6009006
3 5741216
4 3389286
5 1780663
2 9388598
3 6110227
8 7679046
8 382672
10 582389
20 561230
8 7445497
80 671924
3 5565852
4 7806107
9 519010
5 6034
4 3093709
3 7966372
6 4666624
9 4284000
90 342046
40 70937
5 362440
2 2727303
3 3050554
3 740019
8 925954
8 4120067
4 6112867
6 338407
6 981118
3 1000647
3 5513144
5 5674266
6 1083542
90 230561
3 9981
8 194397
8 86837
6 4072181
5 6401573
80 834943
7 994447
8 6610705
10 689474
9 47357
90 301071
9 2018253
90 300821
9 8073417
20 7979
60 36953
3 1608477
4 3229094
6 4892050
1 7514467
60 300619
9 7523052
5 2309312
8 8140152
1 4048182
3 1026189
90 483022
30 835045
300 30097
60 309427
80 715052
7 5000549
-1
9 3857140
700 70029
20 158122
30 485610
20 608864
5 6196045
-1
4 4012479
4 3285164
4 8260710
1 7262640
6 5332473
9 2137866
9 9126387
90 758667
7 484859
8 5884037
2 611393
5 234006
1 8449746
1 6972462
2 1138066
8 6186967
2 6762548
90 579078
8 5157605
8 5636510
7 629770
90 93032
6 7054084
9 3136929
5 3992653
8 1625796
1 3858882
400 61107
8 736181
4 9034521
7 8396158
8 42298
1 3080982
5 7083839
7 4462391
6 1134374
5 8004029
-1
6 6283808
8 406409
5 6866929
8 1000034
1 8120447
2 7403789
1 9500300
90 448449
1 8932040
8 3348737
4 8596587
-1
9 990311
6 405047
7 3474009
6 9370580
9 1140659
2 7036598
7 4105481
6 3513025
2 4526754
10 713011
5 2008084
1 5195510
40 164091
900 48550
5 6140815
2 1234774
3 5080445
1 4904114
4 6921699
4 5474716
5 1520992
80 7412
5 8935173
40 22956
3 8286213
6 27624
2 9600163
2 7513400
6 597340
6 4505030
80 163385
4 5256089
50 95614
80 50743
200 3858
7 3512070
70 40895
9 3870295
8 6070573
7 1757518
9 8433119
5 2313012
1 5807227
1 3817946
8 54955
5 2106668
9 9283940
4 2608435
70 512201
3 201252
60 917247
6 6986107
3 5671
5 7316589
40 96040
4 20687
40 21707
3 124097
5 9338824
5 4454794
3 6308140
8 232246
3 8180671
2 3149393
10 7729
6 3409112
8 6608784
8 6240288
6 72090
8 2070106
7 3708052
5 2915311
3 8452482
7 8587893
5 8081042
700 30912
5 4463775
8 6359160
6 5069365
3 2215834
5 8787817
4 4007351
90 5474
6 7020038
7 500040
8 8990484
8 4540726
5 8832074
1 9287940
50 2025
2 4108022
3 4407038
5 5702127
60 865035
2 6107385
1 7512047
1 4066814
2 173
70 687014
600 7345
2 5528431
6 6017057
40 239294
70 106440
8 4706720
2 314096
10 709711
300 73054
1 4281824
6 3108033
3 5334017
40 332415
9 7807521
2 5924206
9 5763206
4 6312849
5 8502186
50 93033
50 147168
8 1010031
2 1050317
4 5522620
1 5565096
9 5177783
9 28898
1 467733
3 8508803
9 953189
5 6187826
8 578378
80 98131
3 7567392
7 7044669
90 340799
6 7236016
70 780633
4 1860219
90 930805
7 4445240
4 6484994
7 7557614
4 7659990
3 1032994
9 5870454
8 4671363
9 7920222
5 40049
60 560074
1 7091767
10 872745
6 9036824
5 2254475
1 7330449
90 502260
1 5903034
7 7793841
9 7454874
2 1068990
9 1119714
20 771047
1 7890803
2 2403805
8 9604707
2 5572701
4 6290376
6 4121176
60 83033
8 4794665
8 8070595
40 486777
5 6000168
9 1063397
3 7683220
50 725593
5 8559797
70 290984
9 750057
7 4105746
20 384031
-1
3 5800871
40 70080
3 7292573
9 669653
3 2835789
3 2247819
8 9310021
40 641182
5 6184224
2 9038072
8 997028
6 9047429
8 2300108
6 400001
10 532025
5 5883569
2 2580319
3 253314
8 9928098
4 47740
7 9354258
5 417106
50 46483
5 6227398
4 2584411
60 118472
1 308061
70 406359
6 2051573
3 373720
800 8042
-1
3 6711295
4 7740461
1 3432269
20 730657
3 4226878
2 619241
-1
1 3397709
4 9640633
5 1400021
3 8012
3 7008310
3 5381719
5 3565062
300 20061
4 4472133
8 6716038
4 9424752
2 1364777
6 3020743
1 7127517
3 6102911
5 5266671
7 7173860
9 5375785
5 3588552
50 137701
20 1748
3 2840961
6 7835011
4 414114
3 430400
20 9055
4 5660001
2 6033468
8 7172824
60 649677
7 884668
3 8120097
5 955075
8 110521
50 800078
9 2805210
1 9207789
1 9566118
1 2400099
2 5023927
4 8508661
7 9712
5 2993399
7 7460098
30 10593
90 407751
20 990540
7 3556013
9 8809388
3 3558751
8 3860560
2 7009589
9 1193
8 1254055
3 4564020
2 4695988
7 5486377
4 5010357
7 516635
-1
6 4211943
7 5380078
9 270051
8 4401464
100 90091
500 22001
9 8278628
80 475
5 2002208
20 307034
1 293739
5 8913991
8 7003866
-1
700 16545
4 9608182
3 4062389
50 601016
4 8750466
300 6530
2 4868621
5 6091658
40 774026
9 6801559
4 6096490
3 9938715
9 2695081
4 5003039
7 1877324
3 9355773
2000 8022
4 2000432
8 3586087
40 598715
6 1062617
6 4006005
2 536189
400 90980
9 9346909
6 3700284
9 4000735
1 720077
30 905297
1 2730223
4 4655599
3 8962575
4 8789722
5 8620962
4 9427143
9 7710131
4 900960
10 323
7 21011
3 4982098
6 1783627
-1
9 6918421
9 600086
8 5614818
40 808996
9 5818498
10 504829
3 70022
4 414590
3 9668671
9 4259472
400 10045
3 7038502
6 5970031
70 886602
50 103559
9 2707887
2 8086107
8 5222031
800 29806
7 7675068
3 8610909
90 369171
3 7854561
10 60826
9 24422
40 324391
6 9365874
4 8317762
6 2725261
1 9338197
7 8973800
30 539083
20 88095
1 120852
7 3605905
30 770488
4 3278218
6 4785551
6 4380789
90 60905
9 9406695
7 7306358
8 2706165
3 1603957
7 4685264
4 5557455
2 9403229
400 70098
6 1007065
2 7058651
5 39052
5 6884835
50 582098
8 6070802
3 4925567
4 4100004
400 55076
3 347405
1 4800784
2 1898081
7 626299
9 850265
4 7033027
6 2101442
7 9101173
4 6080776
80 140548
50 730350
4 1044971
6 2598596
5 9020024
70 902344
70 10523
4 2289071
9 5110783
3 6126299
8 6404526
7 2807927
6 8061381
4 3853
60 14065
9 836738
20 70651
70 790269
3 7129919
6 6304106
80 4489
1 3723103
4 9825473
3 1381705
5 8642736
500 72326
8 2603132
9 2537281
1 602095
1 400102
70 87529
6 9067656
2 300989
200 13476
70 639407
9 4484059
4 4050493
3000 4055
6 9532985
3 7700661
9 306006
2 7283053
8 350808
2 590423
7 1004468
500 5006
200 42183
3 1041489
2 815668
9 3107113
6 7660165
3 6792929
5 7760587
-1
-1
90 9082
5 8147156
7 9270136
7 5944184
7 7092150
700 53801
9 6263480
5 5053170
3 1312829
7 485016
1 4000723
9 51123
1 3345328
90 368
8 6790951
80 657436
1 2000961
3 3030291
8 3003204
9 355865
3 700497
10 420368
9 9765245
6 1403814
7 8401920
9 4926418
7 4222
9 14
400 5061
3 6544047
2 8560368
6 5805793
6 8774981
8 2622145
2 9463140
2 5347501
9 293198
6 2100003
5 1035936
5 107790
2 6106675
7 1320802
10 620422
1 5712677
5 7390046
7 5500184
2 3205167
9 1470966
6 8045205
2 5003075
9 4660014
3 2363174
1 2491437
7 1561035
6 4802759
2 5701871
4 6822823
1 1004066
7 5200461
2 9750848
7 635073
2 8924991
6 4618126
-1
7 5074177
2 2000828
4 258008
4 818212
1 975640
8 4308560
2 43250
20 805942
3 2080969
1 9027628
3 94015
9 8614621
8 8316153
6 5104557
3 2528845
9 6225395
5 8274777
9 7041095
1 8013308
3 72589
4 6906476
3 1295340
1 709153
7 348265
2 2000056
-1
200 55465
4 1063384
8 131553
900 10061
30 13460
7 7350291
10 290506
6 817937
8 7333692
9 4187159
9 8020254
3 4500010
7 77118
3 2004446
1 6780591
90 21030
4 6000347
7 613934
9 5488919
5 5005896
60 435462
8 3566172
700 42864
8 9656699
30 304048
8 1245631
3 6620524
6 9314018
8 1564866
10 910275
1 6702001
6 6026033
6 5516062
5 133
60 356906
5 5011
9 7978539
40 256334
2 1447301
1 7022237
6 6470456
8 7948132
8 199734
9 9140992
2 1589073
80 682138
20 43
30 430245
80 400050
5 8374025
8 9142015
40 283228
40 20075
6 1032085
90 478336
70 300973
9 1927614
30 771249
50 56970
300 30018
400 40004
7 80838
5 7123888
7 6430013
7 9766008
5 9199187
10 20090
3 4389280
3 2152238
5 259516
4 8270047
2 1215936
5 2346043
4 1323546
20 609247
4 7853072
7 2084548
3 8608750
5 20737
1 261558
2 200782
6 4910090
6 7488007
4 2834726
8 7307643
5 1980125
10 617017
8 5407013
8 563070
3 4486057
70 82965
60 706084
3 6548743
6 4849402
8 1010807
80 982273
9 7020820
6 6035065
5 4057119
4 88829
3 436518
2 1900294
1 9014600
5 5949462
7 3955817
60 328048
2 3365777
9 6050594
7 70820
6 6633967
7 1219039
9 6775629
3 9657016
9 7450859
700 65922
3 9550958
6 3086467
4 8098694
8 4167487
1 7005546
4 8140678
50 993714
2 6480944
1 8073233
9 5747315
1 1615252
50 287600
5 2006023
9 2772507
1 717016
20 178059
6 6089102
80 923152
9 696613
10 87601
5 4775856
3 2883097
6 7070091
7 3841551
5 795700
9 2103824
40 484158
8 1026021
700 56435
2 5850973
50 76981
6 5531967
7 6956267
7 874858
4 862506
8 6191402
8 2581041
-1
7 6585992
4 254610
4 20572
1 8250656
5 7630353
40 749513
8 1787763
7 8070365
4 9201016
3 2002748
8 581036
9 5215043
6000 6043
7 9517019
3 3209070
50 819703
3 797047
50 376959
7 3740442
4 3860032
90 414
60 931736
3 6010473
8 7308027
2 6950544
2 400096
2 7940
9 8170435
4 1837635
9 8795737
4 1648844
60 972818
5 67058
9 3714838
6 1260092
1 810274
6 9812164
9 9309953
90 999813
9 680406
6 7107705
-1
2 23050
6 9320350
3 2737956
1 7543006
10 44077
6 6001073
8 9060852
4 5839797
300 66831
5 4304587
9 7290907
5 55965
-1
5 1842090
5 3436027
1 6610018
300 59705
2 23069
2 6070945
1 98830
2 3090724
9 1414980
100 71851
8 2918083
3 1492233
800 56259
6 103516
30 430004
300 54096
700 38330
10 93468
6 1912176
9 4246571
1 1025
7 5341141
7 1119542
5 485838
2 5678097
8 702
7 1742648
40 817163
8 4436028
6 7035993
3 8361988
6 8650767
5 5010557
30 697670
200 2015
9 584008
30 952028
4 5611324
3 9183182
-1
5 4771525
8 6153993
9 5085297
1 4506008
70 253910
-1
8 1897210
2 6859433
8 2915
9 2072927
8 4040901
8 217272
90 900073
9 5955474
1 9090562
3 8616037
9 3785990
3 2842182
90 69076
3 6509028
10 350450
10 600430
4 6061683
2 5054779
5 672413
3000 8588
1 5666692
10 863791
9 6000041
7 6902889
6 2930046
7 706078
6 37053
900 48081
5 380498
1 904171
80 403043
6 9920428
2 230369
8 6814621
7 3804463
6 1959474
8 9685470
20 64084
60 740267
8 4067874
70 304631
3 46270
3 48062
2 8300522
4 8017129
5 5809593
8 1266660
1 44716
4 1505352
9 3240995
60 855107
8 4000031
1 9541951
700 5212
4 4362103
2 1060507
9 5130061
60 6831
5 572088
-1
3 487257
4 3792575
5 8157053
4 4208838
50 860047
2 4392178
80 482010
5 8633184
9 7348075
3 2505057
2 9087139
3 4800909
7 8173633
90 805081
7 59631
5 1742224
600 64927
10 352029
20 104137
70 407739
9 8104165
6 1042010
80 200926
6 6485855
1 8850595
6 8469854
8 325521
2 5056
2 1600162
5 502972
3 5534034
7 2710529
7 5058051
9 7461700
6 2281496
500 90085
60 953015
6 459865
3 9191051
9 9018085
1 4951907
70 711624
2 7394475
60 367280
400 3523
1 353267
40 247865
6 5827811
5 1196186
9 6465674
6 8660516
800 5733
5 1906024
90 100173
8 369169
5 2343070
50 394715
90 880696
30 342879
40 538522
7 543930
8 4548031
40 502281
10 693968
900 20783
1000 7394
9 7068
5 6807089
4 8159736
50 13177
100 2304
80 636493
8 6921337
9 8197184
1 2683172
2 8284581
7 9769091
4 6528704
400 1574
60 57108
4 5000942
1 978855
1 456980
6 679844
8 105009
2 8464560
3 102581
2 1504252
-1
9 4694650
9 4030354
6 7470997
70 835318
40 914368
7 2130911
1 7359912
9 8227903
7 605821
-1
3 7830420
3 3469075
3 2623021
1 6663597
9 547156
7 9574574
8 6544641
6 5365581
6 6663606
6 9559375
60 65576
8 8952414
3 3750538
7 7290365
6 6103395
5 445022
4 7630241
5 9660372
6 4362737
800 9946
5 2372775
8 8193080
3 7788439
5 8261353
80 307141
7 3005216
9 5429457
3 731458
8 8419039
3 6903987
3 4527670
5 1242111
2 6770021
7 6057169
1 4448051
8 3128168
1 2201150
8 533862
5 3145158
9 7009047
100 80711
9 256032
70 381403
5 7842862
7 950257
90 614561
4 6463995
7 6815539
400 26119
1 755630
4 1362553
30 748301
2 2236052
400 90206
4 6301176
2 3076008
-1
8 505432
5 5924305
8 1675378
30 859844
2 1445510
-1
5 4928037
40 71094
4 5169731
2 7900143
70 158542
90 244594
1 5672245
70 831348
9 2105185
30 5983
50 962911
3 7172234
5 5190088
60 215468
90 824294
-1
1 906227
1 4050156
9 6434423
8 939037
9 735637
4 6995259
2 3386439
70 704
5 4106302
5 4343813
30 99210
1 1863587
8 401029
6 7687069
8 3509724
1 9205
2 253149
8 2290221
60 233882
2 4007046
60 693661
8 3054071
5 1320719
9 4006034
8 3727888
5 3233781
80 943526
3 6229631
4 7806245
40 770057
4 3513939
1 6767311
5 81177
9 7335717
-1
9 3900202
-1
2 8222034
4 9037993
1 4848725
60 620602
2 2709966
5 6167555
2 264035
6 8024015
8 143201
7 9427289
7 9672757
600 4006
90 130158
1 50951
4 2590683
7 169268
3 3847718
20 952860
4 478476
40 670471
4 4168600
9 1010792
6 2390051
9 604066
1 8644379
7 8976010
7 1408033
10 942161
3 1474965
20 600120
2 1774910
3 9336039
9 2279908
700 30024
1 565734
6 4008030
2 9426109
2 706806
3 111532
6 827046
70 200100
2 115942
10 90404
6 1164010
20 210716
4 4168251
4 190042
5 9017987
3 3675419
6 3175039
4 1349302
3 1012428
4 742738
50 137603
8 8179254
3 2636615
50 1317
1 4840962
1 204824
5 540148
200 42507
2 2279084
6 6677596
7 8465046
5 900070
8 1296006
2 3040079
4 2125856
90 263407
8 7230319
3 461593
1 1282318
5 9002146
5 6776536
6 5579422
5 7963105
9 279289
60 245950
6 3430085
7 940011
4 2773713
2 4148534
700 88478
90 656624
9 585449
7 8480255
6 7612784
6 3977
5 7000086
2 2268023
7 40671
40 954597
1 4137665
7 8600288
9 4401884
1 56797
3 2055118
10 100649
30 375162
7 9140093
1 8625193
800 79795
9 7883730
90 15299
2 5106075
8 2200072
6 297142
1 4434131
90 7776
7 1001250
-1
4 9841203
4 121086
8 7969733
4 7752
4 7159759
9 7049940
9 2514132
6 9613633
800 28969
3 8887884
7 5104008
1 4406781
10 936242
-1
4 9509856
5 9758295
10 144049
2 3676338
8 7029070
50 292390
8 8216670
30 575011
9 9605586
2 7003876
1 7820569
2 6054
4 7486766
2 9644815
3 170970
8 8192345
-1
20 4024
4 869309
9 7717432
90 618676
1 3187929
5 4377560
3 720050
4 5297833
1 1592036
20 112233
6 5510613
2 6638075
6 2961849
60 393045
90 800067
6 3220531
2 9552416
7 5400634
40 137849
60 100002
8 4298644
3 3204202
3 5578976
2 800083
60 469780
50 733555
6 2410029
8 606793
8 5495461
10 70070
6 549632
200 63719
2 7078979
9 470745
3 3802480
4 9005431
-1
5 8919661
9 5569030
500 68588
2 8551230
10 800036
3 1869327
8 1415764
5 106705
2 3752793
40 783404
9 9542897
9 1265603
-1
3 72076
5 2217757
5 6600439
8 4252901
9 193067
7 3086947
9 520993
5 18
4 1016257
5 4623722
4 1871097
2 9580581
5 2751366
8 4930025
800 90422
1 6209384
80 637242
2 1547798
7 8945975
70 349072
3 1667501
70 164678
4 2140737
6 9986309
3 5902975
1 7060792
7 4390622
10 780901
70 840663
3 5296682
7 5253505
8 7479024
200 45300
9 6028
2 7621312
90 282571
5 3015108
9 8007607
30 24041
5 2252842
6 2142034
3 9032697
9 4739305
6 1990631
8 5832049
1 9746139
1 1284219
3 4918602
6 2480844
4 9125291
80 551690
1 9893077
7 4254933
6 6108861
1 8538887
7 3391105
40 639629
8 588093
7 3520351
6 5203697
8 205572
30 296347
9 7294786
7 3324649
7 7550020
4 9800509
6 320002
8 7064981
4 5713005
8 311388
9 69038
1 8247554
20 812241
1 4319291
2 6206030
60 10403
7 3984754
3 1833190
4 1154162
80 2839
8 2990644
70 420964
80 767945
3 2644811
30 920025
8 7707954
4 309040
8 7261156
8 8000801
8 3471390
6 5100371
-1
3 8050257
7 1870725
3 29188
3 153022
1 517709
600 7015
9 8201549
6 233963
1 8087628
9 6087263
3 5631367
9 9209704
7 70335
8 8072067
3 5079289
6 7045998
4 3859528
1 518668
50 319877
4 1896603
70 74489
3 9020050
3 3731686
4 9970489
4 502056
8 925865
3 351474
2 5901475
90 110099
2 3884394
3 6061020
9 2230859
80 645831
2 3001780
3 7901713
1 963060
7 1730145
4 5000738
30 334734
4 6709789
5 3433789
40 118779
4 5691315
90 306068
9 771256
5 6514186
4 5988643
4 5540032
70 36064
4 6360599
3 3987879
1 1500868
6 9008109
2 1072074
400 98931
4 1463751
-1
9 983464
9 80017
3 3873550
7 2708523
4 6462320
4 43070
8 5058052
20 351959
5 9102615
80 270329
4 6252829
9 2761030
4 9999001
8 2637093
8 8634898
9 7075058
5 3000028
5 742956
2 702135
30 6062
90 70139
2 4109012
8 5355239
4 5540724
60 750094
4 505701
3 9954583
6 390455
20 20060
9 669823
2 1496829
6 8704575
1 6880540
90 9146
8 300029
9 5837069
2 9670094
9 87392
7 2285236
9 9155065
7 4751305
7 5096616
9 1853914
3 2916635
6 9874130
9 3807286
3 70803
50 684061
6 7301791
9 5040536
8 3022245
-1
8 86115
8 4631393
80 548512
9 4886082
3 1307041
5 8388159
1 4567924
6 4950105
3 64667
2 9702444
80 825244
7 308146
7 462479
60 440832
4 781345
6 1906052
1 657370
7 2167395
40 153235
3 3564649
4 6800150
900 30200
40 371171
2 1448015
4 2872270
3 3095095
5 615794
600 3345
-1
7 5690012
2 3620236
9 130435
