40 52588
4 35351
5 1337702
3 2752249
2 1150539
4 6020054
20 702580
8 202004
4 3600163
9 9571635
80 764045
2 9864792
2 6207036
1 4000019
70 471008
700 8591
70 10453
2 6418269
8 2207861
9 8057009
4 4760415
10 65546
5 840730
5 887035
50 540754
6 503283
4 2462
4 7861545
3 7003346
6 1087102
9 6487418
9 2036548
-1
9 1306898
7 100899
6 3741197
40 88878
2 8214211
2 903970
70 533527
2 1906936
3 3473090
6000 9096
6 2300431
2 2800449
7 5995112
3 84277
9 9391284
20 311744
6 8307732
80 250397
60 250127
5 3813407
8 1042956
600 44641
7 7060566
30 299055
5 565660
9 8306423
50 23720
1 207626
60 909230
6 310693
7 417935
7 2855583
5 9993150
2 83817
7 5585265
2 498427
7 2470065
7 1853166
-1
2 3403384
3 1050039
-1
30 10028
4 863991
2 7430991
50 7069
300 8547
5 2613700
8 2020558
40 790160
1 9180357
7 7009881
2 6070013
20 644701
5 1750914
4 4074276
4 1027217
-1
5 8686599
3 118910
6 7861557
1 825442
4 3448661
60 816087
2 1610032
5 4843004
7 6004550
5 7020765
60 228282
8 6231439
2 40982
3 4759526
6 464835
4 6426957
7 1500485
7 6437587
80 150047
7 1843615
3 3559055
70 434763
-1
9 5290065
800 3948
6 8867889
40 356303
90 160028
9 1400916
2 9576121
4 1933464
2 9502569
7 9206459
5 4524099
1 3415674
90 431811
6 4050201
3 970611
30 406090
3 3940838
9 430084
100 18087
4 2444883
5 9502136
8 6872741
8 1284218
9 1142833
5 1715165
5 3806203
7 7553320
400 50018
9 605689
3 346025
7 2637048
1 9732095
4 8019823
9 1437961
3 8050986
4 8515546
6 5021992
7 703084
5 2196595
4 432029
2 475602
2 2020428
8 9036550
60 628238
20 841727
90 301115
8 4100050
2 6121675
7 3082878
4 1353883
4 6917502
400 30021
1 7304708
3 9959378
7 6085953
1 9358066
8 5645323
5 405351
4 8100603
40 360027
5 3730743
5 9140800
8 1593574
2 9696655
700 1758
10 83623
4 9040419
8 4242478
3 3368224
2 387022
2 170785
-1
70 601058
-1
5 19357
8 9985394
4 2700023
6 6081099
1 8820779
2 704134
1 4580578
60 800079
4 6244709
1 6030775
60 63027
3 6414342
4 9286261
9 4330904
6 409067
4 9427951
4 450017
3 4250856
9 4603938
9 7000074
8 2638057
4 374123
5 7003682
6 3600819
2 7664367
70 21876
4 5415460
9 558737
1 2066609
6 9696735
40 10331
3 200604
9 3993415
4 1940153
5 6264028
30 443096
4 2635406
2 2238303
1 2768005
5 8109209
7 6865390
7 7401243
70 240555
6 5317450
3 7654195
7 700615
60 606482
1 9393590
7 1300661
4 9873976
8 8374583
8 9312621
1 1221955
1 3522678
7 2965029
30 371669
90 806537
9 529821
20 300041
7 4734184
10 30943
300 3639
5 7006602
8 5891396
6 6091909
6 51966
40 381692
100 11023
8 809489
7 741
1 5952574
7 46870
9 165829
4 9604484
9 6732713
3 7867538
7 7661485
6 9597884
5 9422999
1 7038700
6 767056
9 1130015
-1
1 5896718
3 6718273
6 7025040
6 7002396
2 8454457
4 2789068
4 5526441
3 2010098
4 330006
5 2001906
7 6073631
9 9603627
1 3257632
3 5029909
1 4169768
1 1524433
4 6180476
60 290100
2 9729751
3 600024
20 70973
80 501692
1 5174694
2 3907006
8 9074617
6 1432026
7 7705785
3 2762080
7 9607897
9 2126047
9 8027227
60 79097
3 581058
70 434295
3 5108813
3 2017029
2 3903007
7 394450
7 8980168
3 529947
9 5233627
8 930417
1 5304906
8 548215
3 7008310
7 6641848
8 1444011
8 2830550
3 3400666
7 9523041
80 591
8 6962422
4 6827646
-1
8 6088906
4 9052181
5 746161
1 1200486
5 3915139
-1
8 1259821
7 1610126
7 666871
4 4449619
5000 6430
2 780
1 2960028
7 4025
3 1050040
2 10041
8 9400069
4 31552
1 728389
3 2383898
50 900115
9 1480999
40 22035
9 9745407
50 222683
8 1628458
6 3350555
7 2522981
6 9117023
4 9747230
9 1546968
30 498713
9 1882437
4 7328445
3 465006
5 9056672
3 9006082
4 241688
600 54831
6 7876784
4 6907183
60 944732
60 940424
3 7384289
3 5229021
4 5650805
1 1523501
1 5613372
8 4747517
8 446393
7 5805223
8 5148028
4 6732861
9 4556623
6 6850055
4 9007562
2 201809
8 5553553
80 109478
6 6958613
4 8094635
3 167312
3 8130522
9 1134906
4 5400342
5 9801439
100 50204
8 9030386
7 4376291
6 164079
8 6412871
4 9471271
9 790116
20 800260
90 2788
2 7146113
1 5971893
2 6434840
60 546670
3 6865940
4 4164578
60 822414
7 2414136
5 167834
1 2960651
3 9045181
4 5999290
20 117620
100 1727
-1
4 9605593
8 841112
8 322076
900 63090
900 20094
9 3036426
500 25393
9 1857947
3 3077089
30 800137
4 5064429
2 3015152
4 7186266
1 9278191
-1
500 96267
7 4341055
30 193494
8 1486604
5 5965064
8 1530779
9 7666721
7 9026846
8 792432
700 10748
8 1370315
5 5233668
20 957467
900 64536
8 7402023
5 2001110
1 991008
80 62955
8 3779428
20 670979
5 2693015
6 4031381
9 4514346
6 1481685
6 7183077
9 2260497
5 8783614
8 7811838
300 3011
6 2062201
400 38084
700 54011
7 9126754
5 5408221
10 455152
30 354319
9 2476587
7 8896677
50 36024
6 760947
20 92
8 5178806
9 9904492
1 5817339
5 780955
5 7881152
3 5713400
4 1316839
3 2929030
600 24158
-1
7 9281971
7 1605023
4 65381
70 661125
60 16491
400 78007
3 9052872
7 5087551
9 8251850
9 9010844
2 4848004
8 3021112
3 250035
9 4040167
9 550299
5 1229438
1 7108937
1 6445240
70 315372
9 8124743
8 9280415
7 223633
3 2431473
4 9259507
5 4687053
4 6563059
60 50519
4 10950
4 7789186
4 286330
80 510790
60 70810
90 10960
40 411126
9 905599
6 1774058
7 4029137
8 55562
3 8756317
50 180815
7 2323819
7 80167
8 2562047
8 1210036
9 503015
200 50479
8 5324515
800 39026
30 8186
5 6333437
40 308150
7 7720330
8 44787
7 5512993
4 3518934
9 5557800
4 1635755
1 106126
900 64083
5 6068
9 6084255
4 1191056
8 5648604
7 1779225
4 660076
5 8380581
6 606546
800 31095
5 8080883
8 346660
9 9060210
3 806141
20 701002
7 6936298
300 79099
4 3106898
-1
4 719558
400 9688
1 9448075
5 5536958
9 3522068
2 8149002
9 9132722
6 7485206
2 10047
80 300061
-1
70 25029
7 3301855
6 9192006
2 6764064
20 434538
40 2341
3 40
6 5133579
7 644693
5 3043030
8 912497
4 1333528
4 3249497
6 841872
2 4781339
8 4699883
800 4778
80 949131
3 7658211
5 8630256
4 5689494
1 7929770
70 445041
1 3027601
8 2816097
300 3447
5 4713864
7 3029750
4 4392068
7 9011604
3 760061
8 2847623
6 641374
3 8485219
50 4086
5 9570352
8 9377128
7 9135024
9 1699964
6 5508962
3 1063859
2 1107203
7 3180321
1 3492067
7 4379630
2000 3217
1 8160451
2 5625405
6 3851535
5 70954
8 6508404
6 4482119
8 1641878
5 38053
5 205607
8 2009001
1 9906240
30 219699
90 300015
5 17051
7 9200799
1 4542856
8 1608669
7 4000463
5 444
2 80184
5 5729531
5 1547044
-1
8 4410172
3 8470948
3 9910
5 622
1 29298
10 746425
9 7333074
6 1880033
9 8700262
7 6700523
1 9369897
6 8431710
6 3126533
3 2816215
5 7718907
4 4987332
6 2825979
2 3005043
5 443775
6 9403067
3 201642
6 8617241
1 3082021
100 45711
70 405180
6 7757207
5 8295956
7 6083274
9 1303977
2 8400402
1 7068343
9 2674004
3 261443
8 5940170
8 5455544
10 524568
20 858009
7 9074337
90 720832
3 9312544
30 706586
2 7599825
100 55928
5 8053862
9 3149192
6 2881377
50 437633
9 8480317
80 887327
1 327625
8 5543757
4 6108886
2 7362169
3 102102
1 2080413
8 4407486
9 8608424
2 6410804
2 2003338
8 6492424
3 5097009
1 333265
1 7071034
-1
2 6440033
5 7690047
8 2699029
30 834900
3 8871462
50 840569
1 1243640
20 853035
2 2292263
1 1258086
70 58456
2 8000694
40 169212
7 4419921
5 9385
6 4958881
5 8430875
2 8890790
7 56016
10 517088
2 7062635
6 9986334
2 33151
10 600567
7 5781826
9 1892098
8 3081590
6 1076519
-1
90 999015
500 29087
9 1242263
1 4885635
70 650090
30 6023
6 8663569
8 51120
6 3044355
7 7122074
1 5044140
90 8036
9 8320189
3 4550434
9 4094363
7 5622936
50 267798
9 8475611
8 7510950
5 6256235
7 5180811
1 5020017
3 8772531
5 3902264
8 703411
6 4092975
1 9109611
3 1790582
2 9225759
8 7905552
4 6112083
3 1194105
4 7302640
6 7346783
400 50047
-1
4 1309319
5 8420001
5 5361807
5 5316754
90 900219
1 4320801
30 359050
5 2696032
5 9409167
60 379072
1 5552004
50 304012
90 935250
9 3487699
9 6030085
90 163045
7 9570587
8 960848
4 6718831
2 1096067
5 2580447
5 1184087
90 860100
9 1090113
3 2168
8 8570330
2 2931658
6 5296873
5 2953309
80 161535
4 8337824
10 865648
7 7758511
8 900929
2 3299086
1 7388576
7 4413097
90 100775
3 8357538
8 376848
8 2770529
-1
6 5006943
1 2425368
9 4029805
50 616676
1 1538643
9 8384411
4 4395491
2 3351899
8 1322369
3 5101044
50 829856
2 3410908
1 329073
1 5006395
6 3252563
-1
7 59676
5 9162943
40 230191
7 3503397
1 4780720
8 2792777
80 323289
8 4884077
8 7510404
5 1085767
70 452932
40 366000
4 7503886
80 543642
50 87752
80 205094
9 6975580
6 9345747
1 623042
6 9048074
6 38223
7 6460418
20 584986
7 4506595
4 7000088
2 3697047
7 344792
8 2264525
3 6858072
3 4629510
4 5538043
9 5300470
7 5200302
5 600009
9 2133512
400 20987
3 9331677
8 1398424
-1
3 5000025
9 5020034
1 3610703
1 5875044
3 607165
2 4203792
9 6047143
2 5354448
7 1971017
1 3726356
4 5003046
3 6471469
2 5136598
60 10262
80 601795
3 8697160
3 5236810
7 9370900
40 902200
8 1203453
10 112577
80 238441
20 990890
2 4505100
3 9768015
6 6683221
3 63608
10 5166
5 234559
200 403
9 4932738
500 2933
60 440996
6 324922
5 8107149
4 8029299
-1
4 7008416
1 8845472
4 2032012
8 7288649
1 507279
60 79077
9 9100031
7 754104
9 2545112
2 3090002
3 2152483
5 28154
700 7874
5 8684767
2 6850035
20 417457
10 867418
9 3633528
3 3303818
4 7309833
1 1301598
800 18050
2 371895
6 7005114
9 887290
7 1360764
70 70515
3 315862
1 8375423
2 5016994
-1
4 2040034
1 1031058
9 1663872
9 5453013
1 4202019
20 248149
1 5832612
4 862139
3 1800069
9 605587
800 83021
3 1891095
4 3963727
1 7052611
4 2689160
2 7500269
4 2129620
1 7312036
1 5785661
7 3027362
1 2863771
2 2221057
5 8656189
2 4830070
10 590565
2 2643115
4 1370575
50 792551
7 3758489
8 160111
6 3992862
1 2789681
40 305313
80 502084
20 500591
9 1401804
2 4761817
1 638650
3 5503972
800 6877
6 1175046
900 3039
5 313983
500 90401
30 990512
4 6301457
8 2728047
2 134868
60 470034
7 6616116
-1
5 3984795
3 305600
1 4309068
700 66022
8 74174
2 5467826
7 7181083
100 52384
2 1480009
9 71002
7 9267298
9 2012733
1 2228745
8 690781
5 7136763
90 634288
1 300046
4 7173375
2 4907687
800 2005
3 2074111
3 6621868
5 9408989
50 51649
5 9533764
3 937731
4 1525862
50 163020
30 751211
1 2442198
2 1608153
7 900082
-1
30 168784
40 594132
1 4306429
7 2017391
60 660460
800 7304
5 9508801
9 4087107
2 9495596
10 3086
8 3222707
2 9761547
4 5289475
7 2783622
60 702281
7 9765174
3 2050765
30 585048
2 6261089
4 717016
30 38625
9 4918585
5 8533853
4 4175316
2 8050336
3 4850751
3 249265
7 7503711
70 151043
6 6505757
6 2604158
6 6921021
5 7406703
2 830600
2 6142567
6 2770481
2 9070860
3 20152
7 3703874
9 4070929
2 4015038
-1
30 230036
3 5990369
20 282031
7 4105018
3 985909
8 5880976
50 970941
1 4728976
1 8614973
6 7982451
1 3302019
7 9060500
7 1869707
9 7257170
7 1867010
2 6940385
30 700472
2 5003075
2 6349028
9 9425624
6 4082400
5 8001077
3 3062040
2000 3013
4 5300443
2 6330386
9 1370489
8 880312
5 3006428
3 1699300
6 1009069
9 8002620
1 5373281
2 1911526
9 2076011
2 4566318
2 8522900
7 4989437
8 8125060
4 1943762
9 4593059
1 258188
4 9700355
1 4602427
6 6606358
1 8010933
7 510730
6 2670149
4 261946
50 306320
8 7612908
8 5060944
3 513363
40 599059
7 2398441
4000 9335
8 21625
2 671355
1 6300086
3 8716090
5 3488026
9 7089
5 1721737
7 9232068
2 4190038
3 9605141
1 795177
3 1140878
8 8093195
7 450178
4 3021322
2 7424442
6 7881143
8 8266150
300 56014
9 5227124
4 8142010
10 70971
7 3203610
70 983055
4 6239946
9 3132390
90 539754
4 9040003
3 2626162
7 6546480
5 9324614
3 6712021
4 103556
60 854327
4000 8033
1 9013843
60 100067
60 944104
90 602028
1 1426381
2 2912525
2 615446
10 420038
6 267613
80 9622
5 393008
80 80751
4 6058267
8 8315329
4 441834
4 2286017
800 90841
7 563108
60 300573
8 9090281
20 600988
4 5063014
4 9147153
9 1925861
7 8003102
6 259538
6 5755583
600 47271
6 6551571
3 6265064
70 634531
3 6058405
1 3939707
5 2601941
2 6762155
6 4103428
4 6549054
7 4660314
8 9399229
3 1126482
5 1964808
6 2931295
7 1452736
7 3904957
4 602185
5 19032
5 72008
9 1634276
6 6471873
7 505058
4 2085072
70 30265
4 400961
5000 5059
8 7088896
4 1633981
3 802302
6 6822597
8 163062
6 3521446
2 500655
900 76395
3 3029455
9 4800759
3 3093558
8 9360789
70 703332
4 6000118
9 650051
4 3088367
6 3320716
9 5023003
2 5681775
3 2405
5 1875722
90 1046
8 3000165
8 9606088
2 506743
9 306906
7 219546
1 6055017
60 302042
2 8019934
7 3801021
5 5594452
4 9512211
4 1226001
2 4800097
7 689445
4 7960993
50 41723
60 722019
6 5000787
5 2200025
9 109972
6 6221872
600 55074
1 584008
1 6435929
9 1480647
9 1310047
-1
50 683455
6 6784736
5 9400033
1 8084631
7 1041826
50 22097
8 2255043
10 873273
90 500333
4 9620725
3 5659393
10 819811
2 5741963
1 5508220
1 4775193
2 8477144
2 4093382
3 486532
3 4692040
6 1053021
80 53047
80 684278
80 933467
1 3831065
9 700113
7 711283
1 1719024
30 66676
3 326047
70 508901
80 30026
10 896818
1 9944066
1 7680803
5 3114029
5 3578622
6 1162150
-1
4 370471
4 1835614
8 8541911
4 8370202
9 6352081
300 2016
4 6979988
9 2043588
2 6070595
8 9909375
9 9102763
1 6659601
700 30679
5 5000078
5 5665522
8 6506562
3 502542
8 4549360
4 1428618
6 3040087
100 41993
1 3800235
7 302932
7 6061213
-1
8 81282
6 5869990
5 6903065
9 8113323
2 4725269
30 529920
5 5608979
4 4703416
3 6130314
4 9703010
1 441165
9 6607298
4 9044467
5 340001
6 6600088
2 9065320
9 6007078
1 9902046
2 7005924
4 9000046
9 2870570
10 860192
4 989569
7 5730246
60 472421
300 60312
7 5920056
8 1838839
50 806084
3 939
9 9767470
100 40510
6 5801137
9 7506099
3 8298237
20 917067
4 8995967
50 537842
7 30916
8 9765333
1 6980101
1 9005522
3 9376302
-1
6 706000
20 500035
2 8945195
5 1454396
1 330537
6 694011
3 6032536
8 3960157
5 6513321
7 4505247
3 1530417
60 46700
4 1939963
7 3197676
50 956582
1 2943862
4 5599932
3 1009748
30 611902
8 104006
6 8743899
9 4788
6 9990274
4 2598872
7 4806033
6 5448956
4 1780658
20 950982
60 3451
90 835968
90 20029
5 7033038
3 8930012
2 434443
50 867387
1 8640027
8 702227
4 5000924
20 23636
4 8372187
5 6798360
3 8266870
3 250026
5 8991904
8 4262144
30 391010
5 1650025
1 931292
9 3657942
-1
80 78293
2 647952
3 3444486
6 5837027
9 188788
9 8237078
8 6746902
5 7900410
-1
6 2014162
5 8765394
4 614956
5 9940941
9 5530209
7 4300546
2 1044056
5 1801829
9 6806090
6 8952499
700 8585
100 88219
7 5363928
7 7754449
3 2000304
3 167990
4 1843053
2 8000392
8 2530364
2 5501819
9 2384255
-1
60 410042
6 7911146
8 6351825
7 6953494
20 112
40 642911
10 284026
6 529040
4 7597651
7 3500051
2 924549
8 5930703
6 8000031
100 66085
5 9507143
9 5300354
9 6054102
7 2201333
10 455261
5 5801355
9 660780
10 527079
40 727114
4 3445572
6 8317584
8 4945065
300 47972
6 5259412
9 3263716
1 5416082
7 5380537
1 1798928
6 1444400
4 6410641
1 7303639
2 5745154
5 7096960
8 8968622
9 461759
6 8492908
2 9334240
7 7068038
3 4005761
1 6674596
9 1177068
3 1127771
5 5865992
2 9307171
5 4538290
5 1007708
9 5000333
9 5046670
8 3403103
5 520931
5 9168763
6 2375956
1 119093
1 232243
40 41593
2 3719740
40 2008
5 9985881
7 1022173
6 743489
5 3040053
3 9702555
5 1883381
7 945042
2 4233600
3 3243436
3 5951938
5 6404751
9 302361
6 66042
2 3086545
1 4050023
2 745060
5 9680348
6 76086
2 903071
6 3300498
800 40051
10 98105
4 291088
9 9604100
6 9331455
7 5200584
9 6008753
1 9706500
6 9950018
60 62397
4 3046757
9 7020173
40 206632
30 712652
7 64046
4 107084
6 3427975
7 91743
1 7920048
50 977
7 8409
3 7403501
4 6405402
2 1981341
8 7069248
8 5874144
40 641097
30 19474
90 750449
2 3003982
4 6453057
3 7400016
2 3422042
300 6066
2 4024916
9 3098788
4 9107506
6 7022053
1 5460953
1 6300016
9 7270792
1 215149
2 9929528
1 482795
9 7159415
6 3844366
2 340162
4 3317640
9 423994
6 800056
40 508051
700 22332
9 640025
2 9961811
1 9123896
6 7265913
8 9527912
5 1278258
7 109959
9 8420145
9 2079264
8 3818438
4 1053672
1 4615560
1 1076884
6 624079
70 138217
7 2266200
8 792236
4 8800588
20 558258
9 4229941
2 1147831
3 9124105
30 1025
20 390483
5 5468053
8 1630787
30 25835
20 501669
400 71557
2 6000778
8 2055182
70 898633
-1
9 6910345
90 934293
8 8268493
5 40092
4 897122
-1
8 6065128
400 1072
9 6910019
8 7008955
20 908185
3 504011
9 1775294
4 7100962
7 6632295
40 200792
9 8022786
9 417166
4 2449537
8 251385
30 404014
4 8522048
6 663283
10 530069
6 5910726
9 5006973
3 9739023
1 4275428
4 8858443
2 6870018
4 3464726
6 9610475
4 9213490
9 8147548
8 773197
8 4078357
8 9528921
6 1160075
3 6423841
1 4062800
10 60471
2 8768087
90 37356
8 4603015
400 76499
2 1483831
40 343969
5 6275471
7 8202277
50 607010
7 3458782
5 5407525
3 4613428
2 217794
20 725862
9 185889
9 8885976
80 595532
60 809012
3 7025040
2 2015834
4 11126
9 9002021
1 1621190
2 6067831
2 8808533
8 8180063
5 1330673
30 318082
2 50009
5 8915130
7 2070043
2 5740300
6 2490112
4 4934262
8 2698871
30 600196
3 200122
5 2909348
9 8745841
4 9311936
2 2070531
4 8665981
4 4260458
2 1633848
5 7745682
9 7301008
6 604702
1 6977417
5 4529671
3 570652
20 7060
2 1032091
1 5943889
1 445743
4 6100808
8 5259515
6 8606644
70 683329
8 1420271
50 970605
6 2250099
5 6968
500 96080
9 8881527
7 425939
3 3722932
60 400173
9 6834096
2 376017
9 206868
3 703835
4 4174637
10 924723
4 6746299
4 1818648
7 8823438
5 200953
4 803540
2 3044328
90 935744
2 5166450
7 3555286
20 2097
2 5141959
40 27633
4 3570648
4 8775009
80 670001
9 8061940
3 5079957
70 473071
7 5909032
1 127009
70 104514
8 2439
500 67119
40 612028
40 968359
7 7014036
4 2000069
70 909813
9 6033024
80 783809
90 36974
3 6302895
2 5681251
8 19
2 9686525
400 56901
8 9914881
100 699
40 582450
80 66660
6 7439523
5 2256080
6 6851530
3 60132
-1
70 600086
10 99730
100 1756
4 76525
5 89976
8 3009461
7 501943
2 4461944
7 7218721
7 8283652
9 390739
2 7202134
-1
9 6220002
5 7092335
1 4007050
6 1903202
2 200754
1 6496057
3 698924
4 2340605
6 1443295
2 820105
1 3006293
8 61997
4 181523
4 9716858
40 217721
1 3030064
10 301552
9 324597
5 5125669
9 8973183
80 297907
60 73976
3 1611518
700 3412
2 6555944
100 57976
1 9240375
1 60055
3 5126424
-1
9 3970167
3 4037426
-1
4 7072074
80 509965
60 750706
60 400440
900 65485
6 1710
4 8165083
8 4216700
7 2069092
3 6088896
40 659805
4 1214591
3 381082
7 4701009
8 58160
7 485311
1 3740706
3 351581
9 8224030
8 2229076
40 89096
20 30083
2 5920245
1 409038
3 3009609
5 4050006
6 1053056
7 2894670
2 5821379
80 162707
1 8545957
9 5099728
1 9882514
4 88059
5 534631
1 9017259
9 6763665
8 980187
40 777423
1 8283193
5 1381883
2 9136849
7 4810609
70 378442
2 1363156
7 904013
6 5010919
4 103074
8 6872369
3 9030592
20 399264
9 3160649
90 558622
30 84026
1 4835568
9 1351480
4 909171
30 493910
6 545
4 3966219
3 2807021
1 70819
5 8452432
5 1032887
8 3190637
7 7079256
70 514262
9 5101877
2 8434189
3 6245004
7 7626752
8 3085537
300 22192
5 6177925
6 9150065
9 6104065
9 2998468
40 350020
7 9155075
7 2927009
3 4379670
70 222065
2 2808040
50 910058
3 9377926
100 80085
3 8054013
5 5530554
7 7007912
80 943638
3 4822944
4 297930
4 4021769
900 21102
80 381334
7 6326057
8 309999
10 1159
9 4676938
90 305373
6 5904831
8 7348487
8 7741495
300 1298
1 4568005
3 3864053
5 3380051
6 3443078
5 5779017
7 1111983
70 506039
-1
7 6017915
1 6389691
4 6319149
80 479197
3 4575092
8 237173
9 4694309
7 6134161
4 3176585
-1
9 8821620
80 709633
3 8020433
4 1153490
4 4764281
3 9480239
5 7988763
20 554073
4 7616890
-1
3 144144
6 954993
60 888810
7 103095
1 3253389
80 84568
3 2639739
7 1303359
40 681678
90 796
90 582844
50 570459
1 700065
1 3752106
40 287625
5 593947
3 174020
10 707063
3 6888142
3 510056
3 2044307
7 2499046
6 7707857
7000 8164
20 439292
1 1354095
5 6923122
400 49933
1 8048861
9 4233203
7 8094140
1 4038588
7 6021029
8 9035402
1 1103399
2 9193631
7 1203382
2 9421545
8000 9606
30 596633
2 5930469
90 157519
3 1123831
8 4226744
8 3823762
2 3042081
9 9310555
2 380995
2 3243785
3 2857058
7 6920029
9 3888512
1 6090216
6 6950967
2 3093753
80 667384
5 5581775
2 9775760
2 7639084
7 5188904
7 9693083
6 7718650
1 620060
3 9046064
70 740354
2 4077920
9 3092138
1 40083
7 5795898
6 5439356
5 30093
3 3749164
6 3825876
60 200332
8 615308
80 994534
6 3280130
7 8583039
3 27445
6 340733
8 5118547
1 1107041
3 4386477
7 9169886
70 191237
800 18503
7 3554743
20 907335
2 43
2 3019346
9 9324991
7 7562492
3 1060064
70 812454
1 3700007
8 22213
2 196242
9 4540089
7 7636246
2 3697327
4 278038
7 9940863
-1
5 9040028
2 8168293
1 283863
5 6347262
5 4500715
6 2358301
9 6689654
7 7046586
8 6117676
7 5562439
7 9110732
9 9030848
5 2967564
1 1880855
3 471731
2 9620201
10 261434
6 1370432
200 80085
8 1303894
2 3370849
2 5069654
3 9320520
6 1360800
90 500061
700 6150
6 2037259
2 60558
2 8015830
8 9006811
4 498372
5 6294857
6 4988957
9 5221089
4 1897235
3 2000029
8 7738430
5 1038310
10 84170
7 3437588
2 206563
30 6213
6 335873
7 139040
8 1313424
6 3593080
9 5313191
500 85750
1 9573093
3 1228942
600 7663
3 9670031
500 11349
8 9035478
-1
50 185059
4 449385
90 277725
8 833067
3 2700646
8 459051
8 3970867
8 335177
5 615092
1 3011987
3 5180348
7 9419765
7 1402810
1 2172333
50 500439
2 3203708
5 808860
9 4141686
30 42775
9 802143
40 54087
80 960834
1 7910371
-1
9 5731312
4 6008492
4 177407
5 1184479
3 9540665
3 6054705
6 8240
4 8143677
-1
10 200098
10 490
2 3100202
7 7803076
8 4220625
8 60899
4 86038
1 9323610
6 3641291
1 9925009
1 8017064
10 395527
20 228345
9 1968208
70 681699
9 7008077
1 5635663
1 8913986
6 7163818
8 6790057
1 5903892
6 7590911
9 7909521
2 4479584
3 9062154
6 760798
40 615468
3 930005
30 80791
6 8818197
40 602037
700 61070
8 6441301
10 280360
80 106188
1 4944950
-1
10 610103
4 9723373
-1
9 595063
2 6248793
3 5030599
9 6616053
7 5239250
3 400535
1000 1920
5 7305083
1 7308253
10 640009
7 6023175
2 341343
3 609342
5 2457166
5 1761284
6000 7170
4 64337
1 9067836
4 2008783
40 180033
800 2075
2 5068187
8 9781630
5 3360628
8 3080683
6 860441
2 390095
3 1212323
2 2845423
8 7051325
6 4558827
4 55246
40 20000
2 5900012
6 7912215
6 2967637
50 539742
50 62618
7 7957401
4 6446770
6 239
8 2495
7 1646434
8 10237
9 5859828
3 3293552
4 2060395
8 696751
5 3072104
30 400668
7 7809945
400 7105
10 833832
50 354172
40 150299
6000 6239
1 200050
10 106436
1 445936
6 5374733
6 2838297
2 2052931
2 4540590
3 899472
70 881462
6 4528967
3 24080
8 963795
4 5629075
8 3055879
3 3857263
70 472656
80 8770
40 137895
6 6895572
4 997573
1 58
2 3420649
2 851787
5 4500090
4 5379880
6 2480377
7 5975110
5 8102805
2 1374475
6 3850479
9 4263915
8 43256
1 3332147
3 9370877
5 168873
1 4905925
7 2823648
80 23155
3 3369002
9 3645072
7 3106980
900 8695
1 5093573
9 35646
6 2801476
70 83057
7 1064097
3 6849954
40 348902
900 966
200 2063
9 8077158
90 399536
8 8780033
5 104736
60 95052
4 4716945
5 210610
9 34395
-1
3 5631252
9 9404544
7 3570857
-1
2 968193
5 960027
50 343403
2 4583609
4 5339640
2 1752300
4 305200
7 905301
4 7800148
5 4835579
8 1352755
6 1382082
80 69510
3 4046453
8 7234578
4 1311205
7 8963275
7 2405835
30 228061
5 372056
9 78759
6 9710535
7 6477982
8 1611754
4 998035
5 7430040
2 601294
7 900319
4 4450419
7 995918
5 729295
6 7735560
6 8876640
900 70813
6 7012286
80 35458
6 3885690
200 91011
1 8524061
9 617176
20 700093
5 6457139
4 8631180
9 6030092
7 5690601
2 8140029
9 6267122
8000 9528
60 490477
3 8644738
1 22407
1 5602096
9 7829885
8 7701014
1 6966957
2 8377667
90 609408
40 120177
3 4486346
20 434793
8 4400270
30 553854
70 495638
-1
8 632657
7 4719604
4 7539246
70 207291
70 900046
10 111022
6 9097097
7 4502451
1 4451080
5 645083
100 7220
7 64212
6 7664
80 849845
6 9535615
400 980
20 39681
6 5417014
1 9243352
6 5794749
9 9003564
5 7653415
9 1190077
2 7601201
7 6544224
30 502301
2 4271925
5 9159673
5 3931902
-1
10 962078
50 491652
4 9000464
8 3190428
8 5895627
8 6196846
7 2078
4 1340125
4 2052649
8 5658968
1 900468
2 4076262
3 9748120
8 1657151
700 7353
9 8530973
1 5243620
7 2680098
8 1430089
4 7880390
1 8078202
600 71019
4 4540984
6 1056571
6 1900334
20 800865
50 56071
2 6015136
-1
3 7100635
4 1139287
7 5581036
7 3407001
70 60064
3 7069715
50 231471
6 2540403
7 3400124
1 7754995
2 8229451
8 3031464
3 9510337
30 555419
7 3975911
20 329314
9 8635820
5 1468478
1 4081014
2 688819
90 114942
9 5628482
20 111017
5 9251106
1 4804335
1 81054
2 8780753
500 9292
7 7730848
90 65963
3 4402605
70 38612
5 6262249
9 8740817
60 981457
7 1131798
2 6685498
1 3916036
90 707059
8 2835704
3 2258055
600 84753
3 3192611
8 4391352
4 66994
7 1556208
1 475806
7 4301646
6 8765377
7 549657
7 5244415
3 7389976
9 3057564
2 450058
3 7160248
4 8770268
3 3885009
8 6438241
4 3033
7 409
5 9803142
900 45775
7 932459
5 3090220
8 3003717
90 700251
40 300086
4 5934720
7 5191245
9 5464703
7 2480963
20 28818
-1
4 105243
2 7043543
8 3945
5 3001239
4 4900090
6 1285832
8 8951
5 9370128
6 4692942
9 1000481
5 8480542
5 421116
5 9280940
3 5283717
6 864946
6 5985764
5 4055329
8 913274
9 1968594
10 570266
7 9633514
4 968433
7 9890110
5 411303
9 3062183
80 350326
60 795377
9 904130
4 7334534
90 711641
2 7055733
2 500035
2 6720000
4 783081
6 7043459
20 540452
3 9501926
50 438963
6 9111205
1 2108756
5 7723999
4 71188
2 1897040
40 924074
8 2780131
800 84695
2 93080
40 908055
6 5718589
6 3605514
8 2000875
6 1116673
-1
2000 2328
6 2254002
40 301247
4 8262831
40 543124
1 2820089
3 9906084
60 288266
70 744172
9 4371925
3 362060
90 752306
8 3323959
30 30549
2 7907026
20 704965
7 2813249
-1
40 930024
10 95996
9 7717055
1 2481175
90 244433
90 47388
8 4085780
800 90046
80 400119
6 206169
700 51723
9 5851083
10 441555
70 766687
2 137306
300 80000
3 3942491
8 3334483
4 4762062
8 5046069
4 7915061
2 8677972
2 7501967
8 104614
9 9994375
5 7500054
1 1097881
6 9000066
6 1096702
7 8683086
1 9772903
6 6013975
30 301289
2 7698953
5 650005
10 965240
2 204280
9 1902688
6 6253536
5 2351768
9 2323708
8 1405301
6 379314
1 3705686
8 9370175
9 7041200
50 401484
7 1500028
6 4867550
4 4642722
6 4007355
9 3269701
4 5892205
50 939624
70 763972
8 2990611
9 253250
10 972763
5 403122
7 852898
-1
6 9422001
1 8916025
2 9615163
9 6710179
4 1840728
5 6550173
20 48098
10 56476
3 8661661
5 4060985
90 876826
9 9995082
30 247868
2 6483821
5 120342
5 247755
80 54745
1 7434361
7 4735574
1 618132
1 597
5 3397468
80 751105
4 5910884
60 800789
6 3994995
9 3080918
7 108491
300 78035
7000 8454
70 439072
90 743598
9 4709996
5 8854308
8 5001323
3 9133212
4 7868098
4 6775489
800 92075
6 2564012
8 5111111
800 8003
700 10979
1 9099385
7 5523675
50 534008
1 5065221
1 416557
8 4114033
2 3589554
7 6008419
9 6164902
1 8687680
400 86127
6 5741937
5 40085
8 6263586
3000 7348
-1
50 309090
7 14004
8 409040
6 4225131
2 70022
8 3828471
300 20052
5 2702695
20 540142
5 5901027
9 4050417
5000 5076
4 5534161
700 40105
7 8910648
7 2233519
6 838611
3 1024315
8 3064094
3 772941
5 4451701
9 809066
6 7964
5 429065
90 428093
3 9317769
1 940421
6 681471
3 8352077
1 1376963
2 1102959
70 797821
7 642974
2 9370028
1 6009843
6 4272999
2 4256419
8 86903
5 2998313
6 5500744
9 2847375
3 4392905
4 51023
2 4001525
5 572826
3 6727
6 1872343
20 78191
6 2038067
4 5040010
80 533899
4 767555
2 1847250
8 4644037
5 4097626
7 935033
8 545045
10 520003
6 427904
2 6057167
8 2282020
8 1066428
7 9213260
-1
6 308308
7 7187831
1 1535528
3 200032
8 3093
1 668924
6 255496
4 5537935
20 348106
5 8382662
2 3060327
6 9570787
7 1070381
2 9513329
5 3851405
50 512654
5 23025
800 8908
20 864912
6 81
9 4498285
6 2240364
800 3213
90 235051
6 4870681
4 5108128
5 5668114
4 6829954
4 3553146
4 6928392
5 8163755
2 7587169
5 3001316
6 2500441
80 358885
5 7369731
7 4256021
4 800620
7 7142125
9 509758
5 4705785
3 6429943
-1
6 502328
20 564123
20 100264
4 8953093
5 9323635
7 1080076
5 8690216
6 170212
7 6839260
60 800021
1 6085575
60 818065
2 7857007
1 200294
7 79041
8 6010913
3 9089222
3 2321271
1 6530764
40 498427
1 7190225
7 2866287
2 3427953
7 5100016
8 3130133
5 3002251
-1
7 376965
9 441382
7 803065
300 14449
40 510724
5 6570767
7 7863872
80 932813
9 6804614
7 2212037
3 720265
6 8000235
2 5554825
7 2260206
7 9280574
600 42111
8 5935027
8 1024031
1 1700747
1 4684474
20 582652
6 8544132
7 2411250
600 2256
3 262973
60 18703
5 1414634
3 8192121
90 351353
800 40083
2 7091368
60 78004
4 206337
1 66366
6 4270014
300 90256
8 6643424
2 502370
100 48057
1 8172073
10 643227
9 7870750
9 400796
400 9028
9 3089451
8 2948998
5 5943791
2 1312301
3 786278
5 6139600
5 3434911
3 3149768
7 4870005
8 9008042
3 325541
1 3881801
70 80202
3 8348897
8 3940421
1 1570401
100 3078
5 2568874
30 406356
1 310178
5 6673057
4 5050312
3 445202
70 654348
5 5014048
8 7522095
7 3717035
7 2397669
4 2248099
2 940760
6 7074664
2 64716
80 240492
5 6919178
60 165009
4 52902
6 4878672
7 601718
2 5278677
1 2135713
5 7203703
20 389542
1 9650440
90 400097
9 6008925
6 5250877
3 9584096
60 186150
4 3654288
3 981587
9 26241
8 2614083
2 6611807
60 78047
9 4165048
2 1307633
9 5504991
10 60443
5 4050034
8 9136894
7 1430635
8 9006180
9 3185486
-1
6 2192084
7 7900424
9 2638610
8 2275094
3 7659811
5 484394
2 15942
6 9004286
5 2286035
7 2314043
1 9509096
6 7520502
2 8070229
10 688869
5 7391328
1 4000085
9 7279000
1 8538007
30 390888
6 50430
1 5741340
1 793222
2 4253607
2 1351362
90 500092
10 93031
5 906002
9 6080708
1 601065
5 1068613
5 7610133
5 6747786
3 7172032
70 80474
6 186645
4000 4087
4 3081458
8 2773107
8 2482087
60 740241
5 4614531
7 341105
8 4423560
7 2002839
9 7680725
30 909046
500 69599
60 907045
7 8450928
5 5263172
9 9109761
6 60268
900 70072
6 8626338
2 8018835
7 8157857
3 6706867
8 59116
6 1107039
70 160476
5 4405615
-1
30 411086
20 717832
2 7335731
1 4976211
10 300023
50 552172
6 4550464
80 260308
30 956083
60 910918
7 2671620
1 164652
8 5408428
80 62089
20 101002
5 440025
6 6080093
5 9072569
50 141703
9 3718947
3 9215640
7 905542
3 90
70 3948
8 2370625
2 7419489
2 268018
5 39001
5 2370125
2 611401
100 14397
5 3692790
1 2704033
4 1250618
80 294
4 6440064
20 853032
1 8144011
3 943015
4 2567029
4 412596
4 4438036
5 41027
100 83481
10 604048
200 98596
10 470017
9 3718906
8 8521971
1 6801487
3 338453
700 58422
5 1105780
4 6679793
5 4554687
4 8481752
900 90208
3 5496650
8 25402
20 812056
9 4674569
5 7182234
7 6059175
3 9295072
9 1090287
8 9495968
2 3803349
3 567760
90 809511
1 7237277
3 5332628
1 1075003
6 1359979
6 3665612
6 2905265
-1
5 3915350
1 1004642
5 5948658
6 4230439
9 900029
60 40123
5 785571
9 3821897
4 7548949
2 1139405
8 3812032
6 873666
5 2598095
20 303447
5 7667051
60 930035
3 9005700
3 1038213
30 119110
6 8330064
20 930031
2 5008598
6 3033006
20 507117
8 5070898
2000 8089
5 917226
100 50919
9 3393101
60 1779
7 4167948
9 599345
4 6066121
5 1300095
9 2092220
9 5100911
1 3002735
4 15496
-1
5 2093500
5 6334978
9 7094038
-1
6 2063585
3 6109100
600 81531
8 459531
70 2855
6 7892637
20 651066
900 8641
60 3033
1 8019589
5 489885
1 7273043
3 2041085
600 20191
7 1555542
7 380001
7 41438
70 934013
2 4198041
7 610992
8 4990063
5 78074
3 2708713
-1
9 630826
300 6266
60 906797
60 606093
2 246696
1 1125960
5 6000465
4 2849081
9 35070
5 6129330
5 6041990
2 7270297
2 700740
8 727214
30 76389
9 53813
2 7522572
7 3070934
6 2036577
1 2291059
60 605789
4 7084625
6 2894022
9 23565
9 704439
90 766116
1 7150345
9 4805653
100 20002
40 670736
90 214245
6 603916
9 9305977
300 26974
30 739
20 103134
60 817745
200 8840
4 6376905
3 6575915
8 1070703
6 5405721
8 3321290
5 7653894
7 1826260
9 5006236
9 700049
3 7212048
60 237040
-1
8 6215227
5 6874053
70 507744
10 235091
8 5574062
5 4242867
3 8147287
30 587183
1 497315
3 136848
5 4927481
4 9070845
1 3735326
1 3361090
8 3589412
100 91287
8 6753091
40 838785
90 105801
5 502927
2 395834
5 2363841
3 8000472
9 9474882
6 2048725
3 405035
7 880028
40 25153
700 65001
1 5069065
30 406461
1 2730805
5 1800670
1 5340
3 350093
20 240787
9 3093099
2 5380604
3 2018900
40 18577
3 403464
7 9715107
9 1992834
1 8857792
4 9388207
60 845293
7 2681861
6 774886
1 9051092
-1
2 2086574
2 9367540
7 472278
-1
10 180898
10 400017
1 1827475
5 883228
7 4820037
4 2821869
5 1900396
7 4897704
9 195976
6 7200384
700 5035
4 8545609
6 1800765
300 4395
1 8809347
6 1172144
4 1848959
4 328187
2 5836880
10 575664
8 5780353
9 8430342
6 5592
3 6
5 3865998
3 5002847
3 3709552
20 37079
800 45175
7 8036091
7 250298
90 72035
6 9363432
6 700818
-1
500 5755
8 9416305
8 3204319
1 1933251
-1
1 7604460
10 276967
5 1407218
5 2053696
3 8577857
5 9561733
3 3173590
2 6581190
3 3963656
9 8462862
4 6974730
6 6900129
9 6406274
70 607050
5 8878458
7 1714234
4 9502782
7 4934051
9 9214588
-1
2 6068968
1 4526259
7 3302063
2 9900048
4 490036
7 8084008
9 712878
6 3422146
7 9241275
4 720021
3 6390015
200 5654
80 766604
3 842182
4 1830948
5 7050332
1 4662587
4 9785254
8 7038
5 9022231
2 4439221
2 606019
1 1664994
1 9678054
7 3546000
7 6908875
8 6526307
1 2004037
6 1502025
30 654289
2 4510224
5 4176985
3 6050860
70 702379
3 494325
9 306801
50 92036
10 295614
2 9820301
-1
5 50056
400 3023
5 6468493
6 7051118
8 5913045
60 860024
80 295409
6 79404
80 788448
7 7051064
2 7807069
9 5593218
90 200842
4 5657565
6 1000754
40 267689
4 2396045
7 3199783
4 5532223
4 6684235
9 7563542
8 4970225
7 805811
-1
-1
6 5036754
8 7835599
5 7290970
8 100492
2 8048117
1 2074423
8 314301
1 1966643
3 8005225
8 7058350
8 8785400
9 6282493
5 9003509
10 38582
50 869656
6 4497953
1 4939867
30 37778
-1
7 9026533
4 990051
7 2804756
1 1656100
5 835290
1 6521904
2 500026
1 748683
5 986154
1 4390600
9 9700003
4 7049422
8 7000011
8 125675
9 9930313
20 11378
5 3045797
7 417080
4 1605470
1 506960
4 5008271
9 2297271
6 99022
7 9703560
7 5207711
90 732893
3 3546082
2 5342663
5 9207451
1 292001
3 5873591
90 330046
3 6000977
4 3300887
1 5724224
8 8662994
7 112504
4 7213587
8 4470236
8 9672289
5 9060032
8 6049020
6 3761107
1 1650610
4 3902507
1 9284372
5 4332721
7 301155
7 9520022
3 3955068
2 4050506
1 777466
1 100400
1 1504003
50 44582
4 8653725
7 8770699
8 394036
1 350887
8 390858
70 1505
8 6013783
60 692694
3 4634727
4 1533030
2 4139062
7 71788
30 996504
6 1985061
7 7087907
6 428848
8 1182034
1 205820
1 9707084
6 8031017
3 2283878
20 859654
8 7026014
200 42464
7 3821590
5 9606463
4 6651356
2 7539203
1 4646277
6 556489
9 431018
7 17937
7 5666975
9 1600593
5 3092594
4 126531
2 904985
9 2728039
2 9636525
5 8690051
7 8893883
1 3417300
2 3805018
1 2606031
2 6857931
1 9385419
30 571705
8 9784063
2 2181702
8 8155345
5 2702425
3 925815
6 7730840
7 3580680
2 3767043
9 8556
9 8591843
70 526275
2 3949458
3 5251836
2 30168
3 37067
2 6203813
2 2688753
7 125737
5 2404795
90 50278
9 5807725
-1
3 9665205
4 7007479
4 9243018
100 2258
5 668468
7 7300656
6 7261873
4 608924
20 93289
2 2206069
1 7160564
4 7305322
6 4038457
7 6139800
6 8170286
6 3705696
4 5710955
6 5520133
4 5151844
3 4230322
70 2129
7 5017664
-1
2 2790502
7 1755167
9 8020226
9 8235966
6 4216853
70 76522
3 2743840
5 895540
9 5453339
9 3681727
40 598008
5 8773446
8 24997
2 1551978
9 4035834
5 9004568
90 459063
7 609555
-1
2 404252
50 690232
60 3059
2 8228613
2 38776
2 7992048
6 574524
7 5146219
2 8746993
3 9355846
60 176323
30 626103
9 9905941
8 644583
5 9396237
5 5347461
8 6991198
2 26869
9 9101556
90 941494
9 880717
50 808
9 336060
5 963385
7 6401824
10 300405
3 1095697
9 7850097
900 50800
80 119809
70 220834
3 8342387
1 1286033
600 76713
5 6005189
90 54288
3 4567496
7 5641041
7 7899078
4 1607509
80 140066
40 968824
7 5974686
9 3043304
1 9306879
3 4088596
4 9797205
1 3491120
60 550884
2 5944335
900 40006
9 1046024
9 8178813
9 396244
1 97
6 8643861
90 984277
2 7278089
6 3784127
4 434818
2 4409263
3 1666253
1 4804221
5 9062815
6 6551270
9 6263949
1 7902219
9 5382443
5 83093
90 34502
1 42149
100 424
5 3210839
30 6083
6 2057416
5 7391309
7 3116653
10 655558
1 9969957
2 9549372
2 2618
8 5510700
2 400604
10 947505
1 7060992
8000 8133
1 6702268
2 6250364
6 1022684
7 8084600
7 563279
4 6080097
900 52801
70 75050
6 162652
1 7380637
3 892175
7 1125516
6 7730892
8 3145419
8 6705565
8 3507394
7 9152064
8 8985106
3 7914650
7 7119642
6 2440093
1 327096
3 7600988
40 487920
4 8558987
700 6049
3 7485627
60 60023
30 466049
7 8205044
8 2000558
5 770550
1 8534692
4 139353
1 2412411
7 2853682
6 9621586
80 503787
8 9583714
3 1806822
2 2463633
2 669500
3 828682
60 703316
5 7764023
9 6172676
9 10084
6 5803457
1 6431832
3 6013581
20 390075
90 963510
7 8234694
2 4539041
9 6780202
9 220022
6 1562930
1 6925671
20 160454
5 3146354
4 5080724
50 33934
4 5074710
4 3223073
5 4019885
3 1000247
5 1950311
10 890501
1 6085024
4 4338184
6 6914773
2 771245
5 5611710
5 3944400
50 65403
8 7620948
4 2830088
6 560794
9 5626021
1 120809
6 8000073
8 8003
30 204578
20 6026
3 5879050
60 500874
7 2684476
60 702216
3 7674824
60 29680
1 1327747
40 363082
-1
5 4199818
400 831
3 7409110
3 3323694
8 1521143
2 267267
1 51850
90 789836
700 54722
5 4391026
80 17248
90 77629
4 182118
6 9502939
9 6505135
2 1511829
40 577731
80 845534
50 618029
6 7320181
1 286086
4 971462
40 443394
10 650480
1 7826968
7 7619090
2 86669
6 4011
10 348475
50 930142
7 2351533
1 6356792
8 3120166
90 110944
8 9309608
9 9049856
-1
5 961217
1 2380646
5 1063687
3 9587923
4 630544
7 1075192
9 4061809
3 9402330
2 2090461
1 3097799
8 6013340
10 695819
3 8927272
4 8484900
6 1332925
-1
2 3492028
8 607294
3 3892725
7 2952818
5 3926030
7 2174246
6 4490353
2 95237
5 6381534
10 337105
3 960048
1 8193410
20 134089
2 8375186
2 9786434
8 957785
1 9116291
700 92011
2 1072201
2 8664097
7 8962037
800 60840
1 9175370
30 288207
6 26981
8 5071138
4 229719
5 7219817
700 90441
3 4301044
3 5294224
2 1031982
5 281122
8 9321943
1 1957
4 6835856
30 807052
600 40051
40 231519
2 6846995
9 4917016
4 9375658
7 1025145
9 1985333
5 2960607
6 3783672
2 674489
1 2028026
8 721726
2 309
5 1622547
2 9895504
8 533396
1 5528657
7 8268186
9 8325189
3 690694
4 2479032
3 8078679
5 710037
7 6448969
7 7831553
60 275124
70 700194
3 3296301
8 9005778
2 725
3 6750260
7 7743543
9 7510298
4 6108905
900 50701
6 3886291
1 8500049
5 5784724
5 2908218
7 7332540
40 77286
600 78903
50 275081
7 8009435
5 9507457
8 220042
4 673503
3 5498988
10 34064
6 5957070
50 205028
3 268088
1 8696948
4 7366994
8 9109880
400 5511
2 9474348
7 3008177
9 8030747
6 7015001
2 4849895
2 486930
6 217059
900 8373
3 3837421
4 6298967
8 131330
1 5376942
1 2574
8 7027554
5 9116774
6 4605471
4 5789561
3 3245286
4 568981
6 905612
3 307037
6 4991892
6 1840356
2 2326598
2 2703895
4 9667269
70 10295
9 7573089
4 1359554
6 2629151
4 4216511
90 687586
1 9078893
6 15584
2 7283700
7 7591356
5 5100430
6 8441222
2 559116
9 211518
1 4939978
4 2803591
6 2289910
-1
90 887978
6 99262
10 2734
8 5417760
5 7056896
40 500071
7 3174460
1 7017842
2 2370588
8 2050047
20 563889
70 53398
5 4369879
50 56069
7 6580054
1 6606122
4 5795727
6 4047062
9 283
9 3409789
1 4007210
6 198415
9 5023635
3 9675330
8 357206
20 461676
20 97330
70 10593
3 6447928
5 256004
4 6400003
8 5441404
9 4564014
5 2134663
-1
5 850318
2 80053
4 7299962
8 4534394
3 3503577
1 9424313
8 7005516
4 987694
7 2036
2 45626
2 9020207
4 540342
40 726821
6 4125882
80 708074
3 5181042
90 502045
4 8644022
80 700080
5 59904
6 297983
2 2965011
6 3750382
7 9764063
1 8790860
6 10153
4 3496868
8 3444071
-1
5 305473
2 6100188
4 1336538
2 3583121
1 5030728
1 9481089
1 6131136
5 2420081
6 7605244
10 89853
8 1160259
30 673785
7 8670532
200 95869
6 3280961
4 8686944
5 111551
60 907191
5 336095
2 9117875
2 3666786
5 7640585
9 5415065
4 6505679
7 251084
8 4802786
-1
4 5216138
9 720257
-1
3 3892865
40 275051
8 6676054
20 72074
8 67927
5 9716026
9 184581
3 497093
4 9065306
5 1859774
2 8953256
70 514024
90 910242
6 2000392
10 675481
-1
60 882001
400 9050
900 9077
9 205445
1 9872086
80 151984
7 3611615
9 653341
50 275257
4 1000273
3 9825876
6 4015032
1 9074057
4 8883490
7 7000
3 7857483
8 4400496
6 87753
8 4830175
2 3644091
6 9655445
20 918319
6 100601
4 4700089
8 2373974
90 678023
70 601188
4 3873349
6 7940785
6 539042
5 7162050
6 839627
1 4152714
70 700054
6 569498
1 7809048
20 372282
6 7897777
1 6384952
200 4702
2 5362094
8 8702276
1 9058089
9 2809796
70 89
9 2702713
6 5810252
2 8433291
90 801593
3000 3328
9 9856128
7 2140830
20 90473
4 6736076
3 731996
5 2707001
4 8966914
3 2510295
4 8908042
4 8390069
4 7627438
40 451863
5 4716354
6 959321
1 3769866
4 378054
200 1611
8 1850141
1 501287
6 8018670
6 1400094
3 1108084
40 3142
4 5785492
9 2039335
40 106985
60 96358
2 7322009
5 4106333
4 1502160
7 9262875
9 10152
6 6004599
30 96185
4 6263375
9 50286
90 111885
8 7785987
7 1993683
8 6330917
7 8025094
6 185996
20 619663
3 5712583
2 7042858
7 4988937
80 223593
9 9138188
2 1040807
3 8773341
3 4482463
400 18016
6 9074509
5 1241869
4 3939162
3 977383
70 800524
3 4070503
7 9428893
9 4818345
5 1023065
60 310078
7 3600058
7 6106978
8 278886
9 9801932
1 4704765
7 144071
2 8783795
7 60971
6 1554870
4 8839556
3 903081
90 3069
8 3348053
7 4123586
8 5845587
90 560048
3 8059943
90 218623
1 3337776
7 1396195
50 837103
5 9093308
20 502611
9 6907376
1000 3516
2 5403043
5 2212424
50 400676
4 90857
6 7706942
3 2984081
7 385423
4 9670174
3 5969341
8 4069771
4 7015015
1 5680816
2 6012220
4 6468370
5 6220338
2 5377998
3 939077
3 6751851
9 7278974
3 5292376
9 4485432
7 7706002
7 9306460
9 5552
900 20030
5 620154
6 3258470
2 5200988
9 4295986
700 37084
6 4246233
9 5171263
4 3143
20 15298
1 9273364
2 1002382
3 2543827
5 655729
30 604011
1 1071097
70 539053
8 6545093
1 2644213
9 1217472
6 9606751
7 9784290
8 7319329
30 420816
100 50689
9000 9002
9 1071469
5 6131047
3 4968255
40 200376
3 5094716
8 3679464
6 5002663
4 911752
6 7368942
9 145639
8 6000901
-1
5 2769910
5 8578029
7 4990
80 329224
30 118729
8 4166771
6 5553318
4 363114
4 1712407
50 16076
3 281648
9 6710088
2 105944
2 677191
1 30093
4 1711581
7 4630257
5 4356633
9 3837205
8 9731629
7 1192995
80 2143
50 509126
3 1052424
40 300924
4 960846
6 7928196
6 9876250
9 1019060
3 6664609
5 5402473
2 8768019
9 5092212
90 62834
6 8077003
7 13556
8 4141061
9 3309518
200 24083
6 4054
100 6507
20 691942
5 2007056
4 83930
8 4802728
6 5604028
3 94495
7 4004921
7 5097809
8 2680051
6 4545520
2 1747084
50 700479
8 3360081
60 9715
1 6282836
80 460530
9 1040155
3 9678368
60 52073
7 8697917
2 8820903
4 4400965
2 1216935
60 490755
6 8231727
5 6160930
8 2152146
5 942921
70 968878
6 7342700
3 2805901
1 400033
2 71187
3 8525011
30 226532
9 4006051
8 9026942
2 2187343
6 6340433
6 8790006
-1
6 2003469
9 8961839
5 8205854
5 1160199
9 5613218
90 513973
6 4410641
1 4991785
7 8970006
40 649859
60 713218
5 9810779
5 791078
3 5730880
8 8160091
600 7004
4 5882035
7 2886402
3 8164505
20 700294
4 7203998
2 8000430
7 475126
3 4072050
6 1267088
8 9286011
1 279998
3 7043789
40 608182
8 2004890
50 8617
60 865703
20 999239
2 3334678
5 7659419
8 5082025
8 7452549
4 9050054
9 8568655
600 37487
7 7107977
2 9040757
3 3155019
700 80035
7 5405879
8 7820713
8 341698
3 545071
9 5001050
2 18032
2 3870808
8 6635335
9 2841922
6 7066060
5 7681936
4 1087076
1 8760768
20 552269
3 74389
90 653982
9 3059827
8 2517484
1 4238062
3 4590797
10 307071
7 2615177
8 3278600
7 8854081
5 2050036
1 2936406
7 2911041
9 7739878
60 890385
6 1454066
90 30893
9 243373
-1
1 1762021
9 506055
4 2198909
7 6100760
5 6258095
4 6177457
6 5793289
9 6234390
6 8190599
2 6502171
2 5381258
8 3314173
6 6192887
5 16052
4 699195
3 7343799
4 3241178
7 7218455
1 1151659
7 7592894
7 3800044
500 50192
90 959051
5 6818068
5 6311826
2 1704166
800 93638
7 5080975
3 3002161
70 917872
3 4300987
500 964
10 627484
4 6361557
80 372975
600 8547
5 7398702
90 604713
7 7940132
8 1000519
6 4841
9 736
7 617446
7 2941313
3 9540105
6 1106001
8 3574019
900 66085
9 7741071
7 5040907
7 4142151
4 379534
2 4276378
2 2570349
3 490632
400 88924
6 3100436
10 575804
7 6090975
8 5050373
70 836322
5 4767772
9 1117737
5 7535723
6 403864
7 8586604
-1
9 4071508
4 22680
3 196163
500 94974
6 2046048
60 147846
7 7600976
4 3170277
4 9030054
90 15679
40 240905
60 60071
5 300730
6 7202762
6 720095
1 7953535
8 1709522
1 3918773
9 400197
5 2070703
60 807096
4 8720265
8 592028
9 1578845
2 9568584
800 30072
300 3002
6 493109
4 7002887
6 8157055
3 8700173
6 4931725
30 210339
90 382806
5 8948108
6 4746044
9 800940
1 2217054
9 201059
6 93814
4 9308469
1 8061081
300 43399
9 9651956
6 5704435
4 2050271
5 1865439
300 37084
4 3711144
4 7474318
7 5977924
2 1775195
5 8805542
7 9102596
4 9386128
7 5560728
8 8656847
3 5616448
8 4000795
7 2840908
10 380023
6 206203
9 2963051
20 22096
60 694034
9 3271168
3 9537603
8 7600573
40 149980
3 1000093
8 550
8 1235421
8 820768
6 3320790
1 120101
4 42233
6 1894707
30 802724
9 6976874
60 550123
4000 4882
5 6530128
9 2890592
7 2149317
4 885769
1 4521051
3 7868659
80 577060
70 155471
3 9034426
5 7990626
3 9700797
1 9711120
30 160467
8 1113496
2 2090355
5 4266134
60 883717
3 3854810
90 691474
20 153510
1 2079557
50 241060
1 7305811
3 7990042
10 6593
5 1428034
60 518903
6 5197617
700 12099
2 6205495
7 423301
4 4004480
1 9871289
40 851626
8 490397
6 8128083
1 482032
1 3933844
20 974444
2 9225
2 3813599
4 7982864
30 6930
8 4007011
40 900952
1 3030397
4 8838634
5 3645870
2 5196349
9 3407081
1 820002
10 230399
8 9659070
2 2325652
3 5273344
8 7350093
3 6293616
3 35459
3 9412724
6 170467
1 6752606
10 539
5 370525
5 2405090
7 5778652
9 9684238
70 107229
4 720828
20 228056
1 1210374
7 8961457
300 2886
9 9423098
9 1907966
6 543056
5 4056059
20 44
1 5509055
9 1233212
5 100019
7 4141215
200 67055
70 565274
200 98217
5 99504
2 4398732
4 9928312
7 8400723
8 4909519
6 1258797
6 5091039
30 576100
9 5540659
5 3247456
10 710021
40 357166
4 4543664
3 2739925
2 3531936
3 9559897
90 756551
50 600237
1 3314013
4 6741557
90 705300
3 3072711
8 4040144
2 4156305
10 733399
5 5296092
2 10070
3 900061
40 969094
4 3964946
6 5469311
4 6449318
5 5001924
9 2043348
1 230336
9 4514360
6 3429553
8 9859784
50 8502
7 9323733
8 7718006
7 2242105
8 8340265
5 2641593
7 2140494
2 4341411
30 335490
1 2263755
5 8990253
2 169949
5 6766000
2 9855244
9 7644875
80 457088
3 871857
1 4284341
90 390036
3 400043
3 5289704
7 7941
9 4480558
2 9778450
5 2620024
5 7540271
80 157076
5 5501704
6 5551565
4 646207
3 4545531
3 4917027
3 2556030
40 143340
6 1292132
8 408168
2 5009029
9 809768
2 2270485
5 6422827
90 500435
9 8169237
800 22790
8 1558270
3 95167
-1
8 8762758
1 3555447
80 6630
9 4702048
9 7557617
6 6950169
6 611707
5 8222413
2 495105
800 7038
6 61611
7 1005098
8 5838463
9 2829522
7 8439907
5 7406504
7 7001199
80 525367
70 964971
2 9731045
8 9135254
5 6453854
3 3739830
40 901059
1 7300997
20 200507
700 65251
4 400092
1 8650022
50 290279
80 453109
10 933745
2 844017
-1
2 2989161
2 1040786
500 52674
3 3411893
2 7830480
4 3545060
8 2190731
9 398780
2 794246
-1
20 994114
1 200404
3 5503416
5 6448095
8 7629758
5 1460044
8 5038038
2 56672
3 7109019
8 1906008
6 6688749
8 8350001
10 750238
4 677777
8 5564347
90 790213
-1
6 3400044
3 2669571
50 90733
80 442857
6 6793449
40 66454
40 170043
5 2400999
1 2097824
800 20528
1 4013788
4 4248826
6 7721853
9 9366275
7 7984230
4 4100687
1 1798244
3 7600466
6 95674
6 8094122
6 1527098
5 6552053
-1
4 2181740
9 5690423
600 63581
7 5190883
7 5750800
7 9172823
6 5110448
1 2522241
70 401940
600 782
7 14139
8 2803183
1 8901175
4 6052900
2 4912686
6 1475529
7 9297531
1 917345
1 8823
1 9049064
1 630340
70 68952
2 8854563
6 2874273
70 482902
1 3244312
6 6092380
9 390686
1 8445061
5 9541508
20 36094
7 1230839
50 731012
2 8528212
40 500753
8 710145
6 2011480
5 2605843
2 70038
9 3608549
3 4306684
2 3922735
-1
4 6525212
8 6924254
60 399124
90 180548
2 8692163
5 9120454
8 6701635
7 8740458
7 2025298
2 3546973
5 94
8 7052206
3 370328
9 5348421
6 4296826
3 2651056
50 20613
10 377612
4 1707532
2 4015
5 4091408
6 6743763
7 9324213
4 317471
5 77795
9 8987557
2 2297205
5 9204481
6 505940
3 8198371
5 2191988
90 30836
50 744809
9 6001043
9 6180674
60 928490
5 3542226
70 215295
7 4114693
7 1130765
6 6689031
5 2650049
300 26037
9 7943902
60 49184
70 169309
6 9417343
8 1300729
6 7668504
7 9730777
30 535975
-1
9 8286962
6 2168104
2 7246829
10 219652
-1
7 1317982
1 3695342
2 9107493
60 238962
90 35811
3 9105493
4 860158
9 1150496
1 411459
5 4121251
200 5031
400 77056
5 9647864
2 6905442
10 161547
9 8835489
10 482720
9 6965473
2 1830827
900 44165
80 100011
5 502548
-1
8 7652991
4 8583151
7 9009238
8 8019808
50 659615
2 6010593
3 5300371
4 346347
4 63000
7 3382548
8 7466763
3 9669265
1 2900872
2 1159391
50 766003
5 9450774
3 4154492
9 6171783
4 35044
50 45966
70 676847
3 830015
3 3010000
1 5444092
1 1206200
6 1810186
1 1495451
4 6879663
1 5607401
8 2467009
3 6015221
70 663624
2 1274521
3 8010385
7 9030382
9 1720404
80 28406
4 7333926
70 866
5 5604436
7 8720080
6 8217515
70 800899
80 535273
9 5100
60 50862
3 3148995
10 40659
5 6875573
5 4085912
-1
2 3000085
3 9370991
6 8179742
1 5041939
2 5244578
2 2733415
6 9415921
7 8882342
6 6340118
80 123884
1 8584555
7 61846
4 7075012
70 460055
9 4025657
3 6843275
400 27029
3 8630129
8 6281209
9 5977112
1 78950
7 113193
2 532515
9 9380001
6 9385023
2 8032886
90 742406
5 719971
5 3512912
8 9748146
9 2852051
5 4390817
5 9855606
70 502025
3 2930587
7 1464759
9 9103043
9 9898783
5 289590
3 5046983
60 70017
800 78917
4 9465073
9 1205410
8 1562059
2 5271733
5 437807
50 698514
9 6454590
300 53079
2 1484953
4 5581355
5 1859478
9 7273906
2 7656624
5 8910836
9 6804329
1 4051272
1 4080015
1 4700385
50 90
1 7304229
1 4203617
4 4404034
7 1095146
4 9082619
4 9307208
7 8831923
7 6939815
6 4970116
70 8621
3 1414074
8 5466973
100 40209
9 2001841
8 565774
9 200277
1 7710706
5 9080916
6 673
4 4005001
-1
60 26309
2 4140038
9 6040126
1 9284682
6 2995506
1 5216315
6 2336066
3 9605316
700 68804
1 5294847
3 4695721
4 628353
8 7956044
6 9503730
7 3417724
2 9959951
9 1099199
6 9075032
5 5060988
90 632604
5 7732156
4 2056249
500 68651
10 1656
9 8004218
6 5921485
900 20082
8 84315
6 9250070
9 8387698
4 3916456
3 9094
-1
30 152382
4 4510097
70 735658
70 96079
-1
7 5097
90 465608
7 206049
4 1855660
8 7506468
1 5740391
7 110327
700 8398
30 806074
90 520915
2 3284531
9 5106384
3 603021
6 3149021
9 507317
2 7709890
6 1127081
-1
3 3001475
2 592751
4 4050007
4 6009415
3 3984909
20 740677
40 290804
2 7031853
7 2013203
2 5542794
9 4533411
7 587306
4 2159314
8 2600272
7 6032512
3 6421129
9 5059339
9 7040989
500 4041
3 574
700 23742
-1
20 753200
3 75090
60 61030
4 7032793
9 1507007
4 7089216
200 5818
9 1053236
4 655030
6 260781
60 82855
4 6383227
5 1060
3 3662509
9 4430474
1 1494733
50 379627
3 6924955
4 7080045
5 8891352
8 68576
5 509694
8 5782660
8 4098380
2 7291086
5 813046
7 3803936
700 66384
4 780433
8 5435588
2 8114649
800 73068
1 4573186
4 799098
4 5045012
4 8674714
6 2150334
8 7605097
8 1300522
5 5608544
8 9022098
4 9933110
6 6000321
5 3055601
6 7413281
40 4957
9 1814129
60 246066
30 230180
5 3540435
5 805637
10 282811
60 15670
-1
5 7211720
800 17733
7 920436
5 8028509
8 7403203
1 6324515
8 836029
-1
60 118083
1 8492697
6 3226651
6 1051810
4 976539
4 7
2 7817249
3 7154
4 8642947
600 2711
5 255300
1 4380796
8 1389103
1 8810121
5 6627994
9 4705020
50 972026
8 7600032
7 8148346
500 90902
80 75279
5 6926428
3 1007824
5 226673
60 943288
5 344173
30 160146
4 30568
80 303627
50 827301
9 3001032
4 1465668
1 883026
9 2490521
8 459761
1 2040951
9 7000832
2 398196
90 408329
3 8467033
4 2000661
6 850663
8 688641
6 8611757
1 4162013
4 2257374
3 3021552
8 7403863
5 3152062
500 70907
9 3808432
4 508870
3 2969189
3 3223102
7 580225
50 853653
7 4957614
30 904292
5 2203367
5 796195
2000 8076
40 730678
3 1405292
30 276568
4 923318
800 30052
9 421221
8 5443945
3 1327263
6 3073481
9 5507015
4 4163469
4 869022
-1
3 2800245
7 6596738
5 200689
6 6323646
1 72086
7 2071756
2 169048
2 172319
6 9044640
4 978361
9 2661043
3 86006
30 74592
2 7035344
30 370028
5 5771340
9 8730573
1 26020
30 257034
1 6099498
1 9030022
90 615255
2 9028927
1 3774794
4 704201
4 360422
2 65488
8 4455579
4 4301916
60 161886
1 2017678
2 2126286
3 1779370
1 874807
7 6230726
8 9898465
9 703539
2 730047
-1
7 739657
6 7145045
1 7250044
7 5401259
60 20149
70 809429
8 60380
9 3318166
2 5230651
7 1526895
6 6991149
6 39390
7 457902
60 52805
9 1320593
2 7806367
8 4500994
7 936009
7 3455839
2 9126079
5 1718979
1 990590
3 4324430
2 9167273
6 3646163
7 499025
5 8796097
8 372307
6 7643008
8 511051
5 8870831
3 2042547
4 1200415
80 714641
80 463422
4 7140035
50 694364
9 4637034
7 6464834
30 500093
20 291988
50 586006
500 94461
4 7391946
9 5413224
9 3903308
1 9025005
3 7164490
9 300055
8 6561792
5 606918
20 79388
4 4152432
6 804016
2 8097964
1 7198693
7 6085378
3 7945154
9 9550870
2 9210101
300 16475
2 4960444
2 2380411
8 4273569
4 2920060
2 643176
3 6898739
50 75678
9 368658
4 679354
5 4184146
6 50058
1 3090181
4 80066
9 827336
5 1449403
4 3843065
3 1462499
6 61267
2 2118837
3 3990683
5 4590723
3 255373
7 8590348
3 3635863
8 6144564
8 495427
1 5731526
7 5983141
7 4309297
6 211796
50 356148
400 50580
5 597257
1 8036045
3 5474
5 3910616
3 5067891
3 1255
1 6374170
30 906564
-1
2 9820155
6 1633588
60 634448
8 1026718
7 7464610
7 469055
5 5291494
9 6269708
5 4190387
2 900949
9 5305801
6 158627
4 2452
80 67784
6 1873387
6 4235810
4 7232692
1 360089
1 448538
600 27320
1 5908656
4 8376093
3 1680805
2 288829
100 38373
7 2390858
8 2095836
3 7788629
80 7418
6 2198284
2 33438
7 4859149
9 5306070
9 2850059
7 3005812
7 6067893
70 850065
6 8920660
6 6710709
2 2900349
20 334363
10 575261
60 675076
9 3958378
9 3177019
1 503160
8 8661713
6 8579123
9 1580717
3 7078105
3 9147060
60 150906
9 2941127
90 489726
1 9489325
-1
50 145298
4 810135
3 5970763
60 599786
5 3708320
60 265530
7 5990416
3 4070833
9 8830106
9 1884073
400 67057
6 4039048
6 5328060
3 6915396
2 9577112
6 410699
60 500179
1 8091676
5 3692
1 1033535
80 413285
3 488015
9 7074084
5 642022
4 31065
4 2365788
7 6070022
9 380357
20 615593
2 4600027
1 198870
50 304040
-1
90 480049
1 10019
5 9150222
700 90010
10 877989
9 8420861
10 266267
30 600795
6 8832767
3 9197952
10 3393
90 917169
9 9403042
100 18000
7 5078900
1 2011
-1
700 1018
5 4297510
5 5136656
6 4107856
900 5564
7 2347373
3 4272314
7 2196992
5 7682107
-1
6 6056067
2 196530
8 8970637
6 8790510
7 690053
5 3417946
50 21340
20 367427
7 7834726
7 6210633
-1
8 2907605
4 3006552
9 2085037
8 7510126
7 440339
3 7208055
8 232730
1 40063
20 906431
3 2777923
5 8087696
-1
3 145728
5 6490097
700 10066
40 7100
8 6046398
10 686585
8 4446610
30 645230
1 9910387
2 1402147
20 83548
7 3565027
5 4030417
900 94354
4 2820842
3 6002280
6 9324876
30 309517
6 4048909
1 4087062
5 784696
7 710296
4 630083
90 502791
7 4404133
9 8737426
3 4990816
8 2621930
8 1833875
9 1179075
4 8695521
3 9132736
6 7007200
9 4402105
3 3200285
8 838067
9 5231
4 6578725
4 3790991
6 9580450
8 4005781
90 89715
1 3804080
4 2652984
1 7708826
5 6331517
1 3834064
3 7869260
2 1005337
50 800064
2 3187272
2 629845
4 8000612
1 6412066
50 968051
1 7610149
1 4103884
80 730705
8 5817805
4 4204055
3 1084982
300 50371
90 114587
3 1185813
900 31776
3 6133360
2 5239570
30 672010
3 3778570
2 3004063
2 864431
3 408075
2 1119092
5 6850505
9 3426096
6 4588388
90 122427
6 2926234
10 646011
6 110814
3 2150870
4 378050
5 9050082
70 341814
1 1882223
4 1839120
3 307974
3 108448
90 793994
3 1765551
9 3743579
1 3021016
8 3174124
80 774890
7 3191129
20 700488
2 412604
3 918630
9 3728345
-1
6 2662750
2 9805007
5 5457450
8 7250245
8 7950613
1 3307073
90 703923
7 4774803
90 140206
9 730020
4 4259392
90 513496
9 4170078
9 8781962
4 3397035
7 1080331
2 483804
8 3385380
7 3769440
70 494849
8 4804297
2 8721419
3000 8203
3 7671275
10 849537
6 4628803
7 7567911
6 6749351
5 2741902
20 698766
2 2006744
6 8549412
5 7826702
1 9337308
7 9040829
8 5009646
8 2337653
1 802114
6 400485
3 9705704
9 6844190
1 1179055
-1
6 9509061
3 386094
4 9114032
4 5411765
9 9632746
3 9014
60 10360
8 8881949
5 2613656
1 50753
50 644075
5 2709934
-1
90 80035
8 3627933
2 2126158
3 2297038
5 623209
8 937917
50 144077
7 1451779
30 8074
8 7300842
4 3896843
6 5478489
8 9401947
10 79157
6 4718887
80 860433
5 4997931
7 3051072
60 508512
6 4928618
2 4858082
9 9556995
8 9987904
40 61931
5 85790
8 2000034
30 634298
4 455704
8 7562510
3 4318889
6 5144077
9 240011
6 8790891
70 660339
7 271316
-1
8 4262126
1 2064015
7 9348752
3 1027805
3 94212
9 7047226
1 8869003
20 156703
1 350019
7 8294027
50 289927
300 77589
30 20051
7 9640046
9 4435258
5 7256806
1 6484008
3 416441
2 2447685
10 868802
1 9649139
3 7434464
1 5627964
5 5351271
800 25888
5 3535109
8 1551697
2 3108851
20 353040
9 6026395
6 3195098
3 30045
70 100022
8 148990
1 7403381
9 101421
60 432072
2 103756
30 49867
7 2471698
6 4379795
5 8868000
60 205979
9 1508589
3 4316705
7 594044
80 6407
5 7371127
1 7412377
1 944902
9 40025
6 2100027
9 3030323
9 7487049
2 8953488
40 582494
8 4175013
2 621591
8 164060
4 183422
40 44249
9 7558050
30 260012
70 490852
2 1690168
50 385682
5 7790681
9 508052
5 508880
3 3208590
8 9556184
5 415295
4 9831554
300 60624
4 2015012
8 6004517
8 254341
90 2064
10 641257
9 7126775
4 7025654
4 6012734
-1
6 9934092
1 3854935
300 93994
5000 7202
9 8509491
7 4030239
2 9082859
1 9756256
8 9840321
3 5452086
7 8588968
8 5752647
2 100078
6 8247938
4 5937
4 3600143
3 6296069
8 4035903
8 856526
3 3967775
9 5200033
-1
7 5719462
4 748029
5 3001630
20 891697
70 671559
6000 9067
3 36079
5 3386815
9 4460793
4 7508019
40 680015
50 720456
8 2700002
40 766200
9 6872332
60 903944
900 88216
3 1907600
2 3420228
6 1149710
6 598
5 5698275
8 9007541
1 8634714
80 2322
4 553980
6 100687
4 7009122
4 3900145
7 5368269
10 981340
7 2733644
3 5714464
30 209092
60 936571
-1
60 416685
2 2000427
70 700437
5 406029
60 930079
6 6556013
7 6362146
1 5741991
6 2945930
2 1834650
7 4111424
7 8353518
9 5671036
3 8002682
3 230122
5 1131484
3 981657
5 3154055
3 1541169
6 10630
8 8700009
80 223007
7 6059625
10 636339
6 9454768
-1
8 5200022
3 971097
2 7086761
1 2606394
6 4400628
5 2442321
3 2895680
5 1800065
8 8130093
900 5733
2 5350784
9 1124684
3 69767
2 7209282
4 1836317
2 7464672
60 5726
3 1419333
2 7233785
1 190448
3 9460041
40 878355
8 9730057
6 803058
900 15018
4 960423
3 6304650
9 2019443
-1
1 834991
3 90360
-1
80 66793
8 9300541
1 2190480
5 949188
1 2345009
300 81827
3 1512513
10 66455
1 5955318
1 8003332
3 8998317
7 2080095
50 83069
2 7680373
4 3852083
3 3967279
3 9061433
50 688
7 8401187
7 6684653
6 9104604
5 445793
2 2507057
80 605082
800 80556
20 18069
700 70939
7 6727
7 2918281
8 601097
6 9790009
8 858485
4 1803971
3 1251035
3 1021
70 16193
5 9511725
40 303670
8 552
8 8086581
1 376304
2 8337089
9 5017069
1 9809159
1 1020100
6 5155050
1 1785125
8 5465711
10 122095
1 442169
60 163706
300 90638
2 2472410
8 26802
90 540006
30 20230
4 9285181
1 2644028
6 79518
8 406926
10 627940
6 892753
6 3107153
3 6097078
3 5931395
2 9989520
9 9097900
1 8494299
8 4032030
7 6532946
6 9218808
4 9323540
3 7731104
50 503168
5 4690015
8 6701856
8 5758180
50 415171
1 9614399
6 8810317
90 293092
7 5904051
5 2005010
6 9094004
5 9645860
2 2802950
1 798014
9 2210865
700 55623
2 542970
10 230056
5 2078151
2 300646
1 790178
7 8624084
3 9106451
70 973327
10 673050
5 1998350
-1
1 5484424
5 1959231
4 7853282
9 4659432
6 4953076
3 9220404
9 5050826
6 12965
600 92084
4 6636517
4 5675090
70 1050
20 754197
4 9307871
8 7231487
2 3225070
4 2844123
60 891018
70 966003
9 4898751
1 4550441
1 6858056
90 53187
50 72
4 9260545
2 2002072
3 2099304
4 2790944
1 9808760
5 9543873
-1
200 6344
1 7066963
90 243373
2 1305
7 8372889
30 866083
1 4
7 8003178
60 782000
80 203314
6 9701797
50 53751
5 6210032
5 286070
1 8798071
30 407367
6 803973
4 5507012
20 261
5 6630137
3 6270378
600 932
9 9190249
500 1697
7 9870472
600 7739
3 1827819
5 8498964
5 690186
9 601223
4 4650523
80 855912
7 9718764
5 4206972
9 2605510
1 6505067
2 5582118
50 927074
-1
8 891098
5 5063500
3 5670721
7 309769
7 9000057
7 7456159
9 341069
10 35469
4 283915
20 224354
5 7037716
2 4649744
7 5951826
90 309272
1 8525924
2 1057850
80 907
1 4554117
3 8009502
80 795374
10 202667
8 241286
6 7182969
900 4757
2 420079
70 808585
9 4077301
3 9911194
4 466079
6 3596029
40 236071
4 8550857
5 349262
5 8069087
6 900023
700 44762
1 380931
30 691050
2 48983
9 7684335
2 77466
5 2350346
6 9010395
7 313313
6 1262518
4 4568681
5 4922227
4 190997
80 730760
4 1629
1 6260621
8 5444310
3 9464174
50 139735
500 74836
1 1476980
-1
2 4478603
4 5505645
1 87457
2 6060615
6 7072063
7 293237
400 63128
5 5365774
3 4172777
2 4663460
20 403874
7 1742042
8 2352657
50 490037
7 7761909
4 8204938
3 7326831
3 5586417
7 638051
5 7495971
9 3758481
2 702370
3 3233369
3 1894066
10 866718
1 8781223
2 7827050
3 738020
7 2260122
3 3433144
4 8106897
1 530067
-1
5 1065074
7 301258
5 8976571
-1
2 9294042
-1
4 4846948
3 4764969
9 8523087
10 445266
4 870981
5 3400994
30 96038
5 10801
5 309625
7 625471
8 4983100
3 57030
4 2209888
2 803357
9 6967159
20 110085
6 8893882
1 69065
9 6445130
2 3674818
60 612568
7 2419128
9 5333591
7 956072
3 690631
8 6343559
1 7678326
50 541690
7 3222615
50 88627
6 7809121
9 9414873
-1
9 5505063
80 93918
1 3831029
8 9609080
8 5087052
7 5227991
3 929283
60 30079
300 61735
6 7831987
5 5902900
6 5028581
2 9331060
80 360839
5 7982985
60 105261
9 564014
80 85692
9 1130069
4 5681575
6 207836
70 331857
9 8482855
8 7104806
8 26880
7 7625353
1 8120586
9 3436007
30 704442
6 3096605
8 3556302
50 293112
6 173492
9 7725671
2 5324299
3 3348263
3 7916187
90 865383
6 8082692
7 6764860
-1
7 954876
90 959453
6 244901
2 4900961
1 8445453
-1
5 6606718
5 6959056
9 6806893
5 14004
4 2004994
4 7592996
2 4080318
-1
30 249479
700 53505
3 617080
4 6075029
90 900379
2 5972127
20 862862
80 95811
1 6122554
10 300237
90 203856
6 3927312
5 7934437
9 6748732
7 4030542
9 9012910
8 4080592
3 503221
100 4011
80 604022
5 7050659
3 2086
800 40017
8 2922201
5 2512920
1 2737791
9 2402090
4 307044
7 5901342
7 1424312
5 1985866
60 60130
6 6106892
900 67761
2 8976748
9 3407363
2 9307933
90 31162
7 6408666
4 8016087
60 25001
90 835047
3 307096
50 286081
9 3663467
7 4855473
4 6100809
7 8179383
3 2347440
5 8502011
8 759064
8 5208392
5 7120368
5 1263743
2 823568
6 5001112
5 6859076
80 189213
600 61756
900 4424
1 4005888
70 82
2 5151895
1 294818
60 69029
6 19825
7 8048250
9 5043286
4 9257109
3 8797693
5 8715458
-1
50 510703
4 409622
5 9500084
50 740771
7 2306368
3 8835184
2 1019670
2 3837841
-1
9 5306859
9 2660491
8 67571
1 8312136
9 2880172
70 795254
8 5896621
9 9819050
4 9072901
5 324793
40 7086
10 404224
4 5384739
3 3190563
70 103218
2 8063393
400 9853
6 574863
3 9625399
9 8903130
300 70671
6 4624060
1 8070010
2 9303432
3 3080753
4 205101
9 9643040
6 9395472
4 3020873
30 848760
1 457897
5 2424263
3 2307264
4 2003087
1 9740982
40 83916
4 7228393
9 2080331
8 4798579
4 8250613
8 5004454
8 4005707
9 1006003
2 8724186
8 8611
8 316763
5 2086415
9 7243267
9 8410092
3 222898
8 9785534
2 7086570
1 9827559
3 5813029
40 859088
7 6097229
80 296778
6 186320
1 2838108
6 7870419
7 9564357
4 8060008
1 3618799
9 6003
4 8047346
8 9712292
7 806618
5 4465537
80 687306
40 7768
1 2517843
8 3092005
5 7312018
4 8863161
10 756051
3 7994329
4 7416583
9 2102110
6 1591065
3 8867815
2 509057
9 1498072
5 7804044
5 6016799
1 8803785
7 3836902
3 366060
4 6736928
50 83049
4 793995
30 686489
4 4020093
1 3550032
4 204079
4 9278974
4 2798328
8 5900256
1 1112504
5 97894
7 8423872
2 3337894
8 7264410
6 2405463
200 91318
4 7590158
4 1364661
7 9164903
1 1430710
6 9269034
8 7286327
60 809975
6 6433442
-1
3 4712612
4 8075681
8 5658007
6 4319764
10 370974
8 296686
6 17972
40 508830
6 9129424
5 1620064
7 5127500
1 1438511
2 765820
2 9447155
3 398426
10 891607
1 115577
4 7690556
1 7033615
1 434331
9 8086487
3 5030048
8 5051765
30 23224
2 5450331
5 1091197
4 4401018
4 9029766
7 7931698
9 4982416
7 683
5 4510980
7 1853326
3 9445653
4 1330396
5 8720312
20 941539
5 4998367
-1
7 77689
50 82045
7 5504765
1 5886735
1 7000851
800 22018
4 2683676
6 6143596
3 93685
4 201127
4 4057639
3 800483
2 2509801
3 9874172
5 9246006
8 9109018
40 500554
5 1557896
50 805044
2 1200652
9 7765933
3 2323846
40 707024
7 8839025
8 4649287
4 4519146
1 890691
20 394315
5 574962
2 701419
8 8102119
9 6342880
60 199062
7 5853253
6 394552
4 9000560
1 6015028
1 683795
4 1479532
3 3453003
5 805028
7 6782214
2000 3543
8 905419
1 894848
90 67765
9 9750652
4 870743
5 9995789
2 3384058
80 9890
6 9371488
1 501945
70 63335
10 803438
9 1780569
2 2609311
4 6009391
1 9003412
2 1315106
7 472033
3 9447095
4 6814691
2 2501681
3 6831953
6 4080557
9 670371
8 3758060
7 908944
30 215813
700 28097
1 1404403
2 9689368
8 114182
9 1667373
2 700054
-1
5 265690
500 4329
3 3780630
40 121390
3 3509299
1 2310609
3 6017066
1 8555868
90 40777
-1
3 1230200
5 1515279
2 7288745
4 1502012
3 3564061
9 930811
2 5324911
5 22338
-1
8 9767067
4 100588
7 1009940
7 2836429
6 5096027
7 4405237
3 2128543
80 402279
2 974331
5 706142
6 6100071
9 7090465
4 7331534
4 5091315
8 50063
1 605896
80 405054
6 2338959
4 4301066
9 8825271
9 2100428
9 2880020
5 1071070
7 103027
70 240331
20 402
3 5771163
10 108127
7 701471
2 6011234
200 13502
7 1294965
1 6006545
600 57275
9 8074251
50 400277
60 104700
6 7821550
7 2991729
7 106067
10 399618
20 980612
2 7160524
2 2749676
5 9155221
9 9410422
5 100039
5 4344111
2 3020910
3 2019829
-1
1 2013051
2 5562577
9 1679473
4 1779243
4 6009867
50 742409
8 1449974
2 1020339
4 9050763
4 9920059
1 7010072
9 2100937
8 6390958
8 5422402
9 3950478
5 9096540
900 75978
1 9391242
6 465886
4 9492343
100 40068
9 2582399
9 207094
1 7416598
6 6799102
9 3963319
6 8154628
1 813869
500 30046
50 309152
4 9053065
4 1800966
9 4394048
3 2549261
5 1666479
4 4198664
7 7095180
50 202676
20 518773
1 8845766
9 9924086
7 140093
1 842041
3 4372394
4 6724693
6 7068131
2 4064317
9 6270797
3 10409
50 32038
5 2482730
6 7979117
90 50720
2 1184405
9 9053012
4 2176976
8 2433025
9 9314738
9 3820798
5 7085199
9 9685021
4 8771871
8 259076
5 1112972
9 569462
800 4878
1 5126751
60 135164
1 4259667
3 6183017
9 5780690
9 50976
1 5800045
90 623926
9 8396570
80 15391
2 2680080
9 5726049
9 2703681
6 3660778
3 6705800
4 980070
30 520933
8 2763841
200 36045
1 3024198
5 684554
3 2926601
6 771778
10 400672
9 570742
50 943403
8 2850010
9 5413554
6 2006002
9 7486785
1 2013180
8 5819
5 7466420
70 941665
7 2609053
600 30364
30 378616
9 7803071
5 3231433
4 790357
5 1637635
9 113817
9 1981052
4 1661763
7 5319636
8 921307
30 835238
2 4041005
90 210047
4 6553290
200 42099
7 8000920
800 1085
5 5024834
4 973953
8 5427545
1 8014486
2 7980095
8 7187907
3 1652717
6 2940202
5 7150072
9 5486750
3 2782777
2 7193577
4 5820600
6 4802
6 5352069
1 1762463
20 60053
90 172245
4 1176415
1 880429
300 47025
3 5955864
7 9953166
4 3276089
3 7225837
6 9900685
90 855442
40 125943
10 583331
9 490001
6 7472992
5 9837550
9 8777529
9 3965220
7 438178
2 440654
6 905102
8 26161
3 5135695
2 5854914
7 1805087
30 920036
90 433041
5 9633809
90 902257
7 6042872
5 1005076
4 9470029
3 500544
6 8214626
1 3891405
1 4865713
3 8136525
1 7255778
6 255697
10 440009
20 155116
5 3773959
10 819623
50 903401
4 3765958
6 2059733
4 4547453
4 227848
9 219238
50 23311
8 1002375
40 924681
5 1608176
8 2903145
-1
3 9400395
70 901637
9 2081034
1 52
30 901989
8 610328
7 8815018
5 308586
5 301206
4 6064021
800 49069
5 1126476
5 6103637
2 7158054
8 4315171
4 9813044
2 8555297
10 814986
80 455897
4 1720054
-1
5 8899360
2 508834
200 40054
9 4140044
1 8207876
6 215943
70 3847
7 2790458
8 3290660
6 3069865
4 9090045
6 5439447
4 3363299
9 2370425
8 3651941
9 106013
8 9967695
80 24734
2 9394273
60 90058
40 704700
3 9347941
3 9565072
7 8071301
4 1002207
5 5210760
2 873331
1 1936352
5 6544421
3 2304914
9 1010044
6 5810002
30 822475
3 873303
7 5100805
3 9022003
6 3590028
3 2807930
10 95093
20 70258
5 7467484
7 2303468
3 2860793
9 731776
6 7868420
5 87
3 548541
7 5743363
9 643259
1 6845038
1 7780951
6 939504
70 193537
500 21574
2 8007408
80 401215
10 896
8 7035024
6 3858261
8 9918535
60 9330
90 309073
7 7606555
10 206341
9 558767
7 558521
6 5553735
5 1112625
2 8019058
1 206829
2 1941820
60 50068
2 2807224
6 9030811
2 8767654
20 280271
8 1329965
1 5760570
4 1110036
4 9050040
50 769787
8 1669875
1 4063442
9 4808728
4 2464166
2 2140516
3 4734910
3 60825
6 5174583
60 837710
7 513
90 6542
5 9267414
90 230760
3 9193997
9 103781
8 7030072
8 3000015
1 366060
100 23297
3 6101548
9 7249684
8 9903040
9 4000094
7 8979840
8 2086057
7 3150915
90 981097
5 6806448
4 7808039
40 795575
80 947064
5 1169266
1 3369009
4 6679822
90 256760
8 670411
2 4526448
3 5542374
6 983607
10 887988
2 6880981
1 4059982
6 26070
7 8100861
2 80645
7 4212459
5 8342616
20 131762
6 1095120
4 5400034
8 3242173
300 99538
8 2662483
70 808327
