1 5316709
-1
4 1782109
5 900034
2 3964287
3 4278261
3 8427590
4 29988
5 6518432
6 1328769
8 8561853
10 817133
8 7190668
7 3300352
8 6805014
1 81537
1 9994368
40 102848
2 4400884
3 2368324
6 1616933
7 9954
200 10074
5 6713030
5 7115592
9 9306306
5 990010
800 74058
5 1509161
4 1350444
30 501
7 2497934
6 3512049
8000 9404
1 7062081
8 4748833
900 75479
300 4068
1 5468061
5 605088
5 103884
5 287592
4 1759
1 9004051
6 550798
6 4580430
3 4157015
4 1146994
2 6554086
4 1487991
600 86984
7 7081881
4 6009066
7 9943176
70 880036
1000 2662
80 687354
1 4385201
40 600030
2 4650791
6 61523
6 1742271
4 2822697
2 2585371
5 8710102
20 911102
3 9402985
7 4155605
70 190442
100 10177
3 6970116
8 6263561
900 25982
4 481885
2 1606101
2 4302070
8 6407162
1 6180086
8 1013766
5 292905
2 5045216
1 6295020
3 5564780
7 3899923
8 7717311
5 4874428
600 38772
5 4699189
300 69558
700 6048
8 5397178
20 890020
8 2570001
9 3037
3 9300247
7 711305
4 882969
30 40072
6 8109202
1 8074441
60 600545
3 5295928
3 5153405
3 3720196
90 797569
70 659890
5 4328299
30 603434
10 883491
-1
6 827296
5 8013371
1 1904110
8 860157
4 4702999
8 7274058
1 1812148
400 39935
-1
4 4826555
8 3440916
1000 3108
5 5928264
8 1603203
6 6064068
1 50515
8 1061014
40 662061
4 7786240
6 3241456
6 5371279
50 800427
9 4814678
9 7465435
7 5062701
1 3876210
100 60798
4 932615
20 414051
6 170381
2 9440881
7 9779439
8 9990237
70 163122
4 6620817
6 3900057
6 1893460
4 9525584
6 318034
4 3456312
6 4388897
10 207973
6 171826
7 8667678
4 6728767
9 7993000
2 557585
5 5930568
80 170636
2 3097048
3 4056348
3 3447823
70 904214
-1
1 8884044
4 4870996
80 653083
9 6694940
20 9633
4 6640071
7 6007113
1 509749
7 8536610
8 3264078
8 3387090
4 8850725
5 7750250
10 60025
2 8500668
30 744699
8 200451
6 5714957
40 320154
1 5882018
3 2230202
6 4386037
3 801075
80 773286
4 7903975
2 1089572
7 276489
8 260309
5 6667863
8 3045043
6 4406642
90 606147
8 1016335
5 5006341
40 93083
60 97498
9 8004049
3 6290444
6 9043122
1 4076223
9 9689383
3 9105315
2 9980475
7 2083764
6 1831823
4 6778214
7 396044
60 205186
1 1102821
4 130054
5 7812513
8 906371
8 5044071
8 6600616
9 1284968
6 9182304
70 211644
2 5443369
1 2902269
4 447527
5 7699
6 8680091
40 220025
4 604596
6 2944957
7 4023795
6 925057
4 5300522
4 6961094
9 1709841
70 282520
7 9137184
3 4721184
9 521209
6 6489398
-1
3 5004042
7 8429881
80 767939
7 20080
8 312905
6 3472138
4 754099
7 8901104
3 8142610
7 8034634
3 2497507
7 6422940
6 66
3 2090599
3 7100473
8 6000029
7 1772526
60 50032
3 6506066
8 4439910
40 492619
6 585084
4 271612
800 9624
700 19451
5 8144751
7 4615933
4 359399
2 125765
7 2261897
4 1483793
3 3062907
2 3910025
30 39834
700 26691
5 170341
20 927962
3 912787
4 8843706
4 505090
1 229606
9 45916
2 4605186
50 81646
-1
7 7239270
3 396469
6 6032117
6 896312
4 81074
20 450016
90 22048
-1
40 807237
8 5806
90 772218
7 1818728
9 978157
50 500053
4 4035334
1 6872020
1 90598
40 620185
600 3963
3 2799176
5 6563065
4 9050362
60 3445
5 6970234
2 4304998
9 3873347
7 8455468
4 5967048
3 7811327
500 81884
70 307550
50 955544
2 852982
1 4906006
8 9732191
30 509347
90 562773
1 5213598
2 5100693
40 96
9 6087003
5 1148004
2 5001033
7 9801303
40 491089
60 23262
8 9513046
40 90891
4 8986614
8 7281320
6 6094101
10 185806
5 209783
4 2479070
3 6202086
7 2331741
4 9522129
60 900235
9 2615142
7 9797210
4 2356666
1 4976497
-1
6 8000439
10 137238
200 9419
6 7006264
9 4763802
1 9007067
90 520979
1 6255972
3 188043
2 7049038
5 943155
2 8101397
10 5140
80 617203
9 7937233
8 3680151
9 6039056
9 7167557
5 1907282
1 1368133
90 560729
90 265057
6 409574
50 692072
7 5972437
10 201495
6 3455423
9 1700878
2 7000359
3 978095
9 8100195
9 6217350
-1
2 8870074
8 206865
7 6708460
2 9842322
7 1302372
1 6895377
20 516278
8 6030634
2 8029205
5 2770057
-1
9 884914
10 73005
6 3327017
700 6653
9 1000823
6 5765799
3 9915887
4 1467684
9 2307023
8 118441
7 4802223
6 2013370
9 178089
5 3003970
7 4008171
90 109564
50 99037
9 3010537
3 8406519
3 7545387
2 2396904
2 2502807
6 7920037
6 6234356
800 20955
4 7733575
4 2068623
900 40241
8 4055043
4 9935180
8 9980226
90 104396
6 908763
4 744113
6 6587757
2 2071566
40 1248
9 9874366
40 609017
9 1001003
8 9360594
6 4648051
80 815704
2 9093215
9 24321
1 3320782
5 9792173
9 7016639
7 1084134
9 3460070
3 2771784
40 294108
7 362681
40 571151
600 54348
8 6601574
80 64948
2 30185
4 6700322
50 615172
9 506608
5 6197058
70 377825
6 9203099
40 807694
60 420826
8 2384699
4 2020559
90 485038
8 1731917
2 9647512
9 194525
7 1030723
40 290816
4 8210661
6 9261458
7 5308172
6 7040856
7 8160287
3 2027784
10 122107
7 9714715
6 319497
40 490945
7 2290192
4 3982015
6 8862059
50 691263
60 39338
9 5812166
3 2690617
2 8600635
40 317729
4 3906712
3 3080455
4 4140087
6 600392
4 415
9 3281820
8 4130679
2 3033244
7 9251491
4 2076617
20 75380
3 84070
7 3035556
4 9927070
50 675695
70 199750
5 9773517
5 86710
4 1224340
7 3049848
3 2273603
30 97383
7 248081
5 85272
1 7642452
3 9086986
5 42069
9 335676
8 4287349
6 2087443
-1
3 9051319
7 3269817
90 434222
2 9202179
4 3438746
-1
60 409807
7 3021742
90 29085
2 8278244
5 1716120
4 3042000
50 522232
5 4800042
8 240526
2 802075
2 3217046
60 944121
7 4310607
50 729049
9 5763274
8 9060862
9 6249559
70 401192
5 8670451
2 3910158
8 2816739
40 394942
6 9278846
60 6659
7 4214042
6 83038
7 4851009
40 350180
700 86369
8 4014030
80 780
3 6521496
3 5767436
1 5789398
9 5294648
9 9123991
6 370435
1 1058263
40 184283
4 510022
3 3582393
1 8807044
90 652035
6 7999067
70 51904
70 337316
4 304029
8 6475380
10 607010
700 27927
6 5007064
3 417583
9 5608338
2000 8101
90 564154
6 530494
10 216491
9 5201046
2 1089871
4 2120267
4 5895510
1 4200077
6 3189025
9 1105844
9 2931999
8 2849218
9 7763333
9 9317027
9 3324815
5 9689042
3 411846
9 69790
7 8635386
9 947129
9 893484
5 1604278
5 9626837
1 5702097
7 9645410
9 7200165
8 8568511
1 4284833
80 16625
1 301715
3 7410584
50 764348
60 63341
3 8410017
80 334315
5 4890180
3 5664166
70 906334
90 510057
50 501142
2 4922156
4 1675245
5 4817652
1 3977867
50 77283
8 4108297
7 5095801
2 2931091
2 9915026
90 54029
9 7757442
900 64754
4 6330925
2 6143603
9 4192799
8 4708478
2 5435937
2 6395792
70 207366
40 593044
10 739873
80 161
5 6790272
9 6106552
9 510408
7 429324
4 5802600
-1
5 39071
1 6524147
8 3221857
10 703016
8 1870942
6 762398
5 9546170
9 9703388
8 5790790
2 7352264
3 5260282
2 3047153
9 7324100
1 2040553
5 7799048
30 336013
90 902806
50 923915
3 9633318
6 1255427
2 84585
8 8823327
2 2850975
2 784269
70 650008
20 601313
-1
70 1145
6 9300103
4 5050139
1 5275959
7 8360606
5 7396513
50 5422
8 9011426
6 8858983
1 7541342
2 3000276
2 7794011
5 6453031
6 145049
6 383939
40 403640
1 8799973
6 9605559
1 2195199
40 51427
8 259850
6 2282925
6 7592469
30 163453
5 6305074
2 62
5 4056540
3000 3279
10 880077
5 7570270
40 10935
3 5170021
2 9880656
2 594096
9 743558
3 8480035
2 5224610
5 3668807
4 2950275
4 7695873
2 1163424
3 5311158
50 200296
40 602504
40 319474
7 4334725
5 1245067
8 3208789
7 3708770
4 5884452
2 9053500
8 3248047
1 8706618
3 300733
900 7953
8 7782591
9 3040022
5 2100166
4 1780771
3 6110094
1 1043211
9 9460461
7 5093080
50 20051
1 1302892
-1
1 589887
6 6700492
60 966794
9 5500316
1 3478480
5 2250710
8 7374054
30 959579
9 8887314
2 8404336
9 9719498
3 4788296
4 3982295
3 3060136
3 747032
8 5032073
9 1124773
8 255081
7 9640055
3 3515328
7 1507527
50 93495
3 8708515
5 1657490
5 7405155
9 8933791
5 1713023
80 3012
8 6850746
90 656424
8 9859082
600 30587
2 5008588
2 4937232
9 4542012
8 867187
6 3565360
500 27088
7 9330046
6 802538
8 9014451
-1
6 824099
6 5613720
60 480060
10 402854
4 5965049
4 6946254
5 2390437
2 4989036
30 206104
1 3255210
5 7475781
4 319488
8 6143671
1 4345892
40 400746
10 1514
50 32009
8 5808364
300 29871
1 8087768
9 5686232
7 6305399
-1
4 6615945
7 5596054
8 5285023
5 7088181
8 8001887
9 5029923
6 2427553
8 7610077
1 4462821
90 396864
1 5903422
8 1753888
1 212951
50 899833
2 7799826
5 7900740
1 3039064
9 4377448
6 5330020
7 2609262
9 3800748
7 800144
5 8209062
2 5769098
6 951292
6 887835
5 8172030
6 7646616
7 1789848
6 7646718
6 471559
1 5278728
6 8033774
1 2540179
9 6084394
2 937518
3 7492092
-1
8 755254
5 7527600
-1
500 46042
1 8455821
3 402112
2 4066782
8 70635
8 3282219
6 7605131
20 907452
2 7788009
9 4512026
6 838772
20 12649
1 1345562
6 680910
3 200308
7 3309566
7 9929530
80 707294
7 3133682
9 6298473
5 69067
60 984525
4 7466959
5 2603289
9 7933900
6 869081
2 9086
2 1744870
3 164006
4 2578059
4 4318070
4 204947
8 4450384
7 9237738
8 482209
30 616497
3 300105
5 9827057
8 8640993
8 8295770
5 8256297
-1
8 5699105
3 639912
5 795806
4 700461
-1
8 5008765
5 8234753
6 7025505
9 550093
10 20084
2 8560237
5 2701622
1 428138
6 9256586
60 808081
9 7787245
6 9170133
3 6342138
90 316527
90 668874
600 62552
60 516810
4 7259778
5 910461
8 2743940
30 664
6 1637923
1 282467
30 259081
90 528793
7 943152
10 42544
6 7409324
8 4000030
3 5387017
7 8788016
3 9545396
10 5060
7 2680783
20 40042
3 2325202
7 1900316
10 38872
6 7875759
1 2728541
-1
10 106043
-1
4 41
5 5027476
8 80548
2 5880700
9 1728390
5 4401039
10 475374
30 376148
5 7718835
6 4007841
6 9857077
400 69597
7 180048
6 3335592
9 2643866
5 1022972
80 400024
4 4001636
8 8825145
1 4600007
3 7698027
10 334903
2 9963239
4 2859704
-1
9 1208808
7 7982596
1 5845203
5 4737389
2 2535639
6 1202303
3000 5346
4 9436057
3 5319623
5 514905
1 2039719
1 2875235
4 1857845
6 4033785
1 74637
6 6302879
3 7100314
6 940009
7 1924901
1 6004090
7 7807101
-1
20 380068
300 82510
90 285338
8 702816
9 2753763
6 6650770
4 5000059
2 6503097
10 853993
5 4400184
20 534079
800 90086
40 162388
5 5942195
80 39010
3 2440634
300 55802
4 2202577
7 4819993
6 6705189
4 9827558
6 2636879
4 7268516
6 7336002
200 10766
5 2465525
1 100316
3 4418032
2 7534213
9 4277056
8 5451442
8 2510589
3 7786053
70 935426
3 907196
60 230092
9 4467643
6 7250544
9 9879472
6 3873921
20 948389
8 3906838
4 7814569
2 7640658
20 500059
7 5280161
8 2146027
4 9410168
80 870821
1 5617593
4 96
9 3408027
8 8011594
10 350008
5 6572542
20 890440
70 94383
3 4003711
2 4487559
9 1660169
2 3836928
3 3563580
4 9517254
1 5520603
1 1056072
50 859003
8 380356
-1
9 545652
1 3461424
5 660977
6 3754753
70 360056
70 279271
2 6195049
5 9980747
80 508046
4 5983029
7 4066625
5 610941
7 4320935
3 8700520
8 903972
9 2082817
600 6825
2 7301096
7 7986108
8 3602010
2 7986890
2 1979206
6 682606
10 31937
-1
2 3805781
2 383752
2 8308418
3 190068
20 941810
3 6090619
90 706272
2 9005703
2 8097323
900 3041
6 3243505
60 39531
3 1510954
6 1421015
6 93506
40 59
9 4632108
9 403946
5 4646505
9 6991215
7 6070669
7 1192395
60 330921
60 973821
4 500721
4 1111
20 2953
3 8308704
70 1621
8 4174163
-1
5 3494527
5 9304791
5 2656204
9 3511092
8 4532090
7 4756020
2 1374507
8 1940027
4 4225774
2 3319322
20 465785
4 8506
50 61061
5 5600962
2 756145
4 4154082
2 7597024
90 100046
9 286772
1 9736296
4 780038
7 7203236
3 8800115
30 20936
8 2760897
2 9787157
2 8454015
6 6611965
2 3390033
3 9957329
5 3009573
3 6410031
1 6013437
1 6305689
6 4090903
6 5146225
2 8499400
10 770703
5 1687899
5 2957527
5000 5011
30 39988
3 7000040
400 2804
3 4454555
2 7895376
40 378708
7 9173836
3 654115
8 1644187
8 9577480
8 6920088
8 9545889
-1
1 4961026
8 8800082
5 6413129
90 456470
5 3882443
9 4807808
4 6822561
7 5750860
8 8037728
7 3091500
7 5079717
70 542317
8 8219654
8 8388813
7 3661716
8 600558
8 3011567
1 1870292
3 1100694
2 971640
6 8607406
3 5111568
40 809068
5 7206003
50 62192
5 993713
9 6753587
40 8034
6 133269
30 940322
5 5810956
5 7036915
7 8069118
1 3774003
9 7420949
9 729496
8 8554658
6 4000024
2 1652819
30 40400
7 6762628
8 5893430
7 1088111
5 4031050
9 5292690
5 2020517
4 8283067
5 9178360
8 1827531
9 8511256
3 9007192
4 1528993
7 4090797
1 2821818
4 3098299
2 545986
9 1756817
4 2187135
3 2073018
7 7200313
-1
9 3640103
3 540112
8 1297272
3 4872295
4 505205
3 9204068
7 78011
20 603067
9 7727625
6 1027626
6 3797990
7 6040034
6 3065748
6 2767071
6 993094
5 8009983
9 238568
8 6065098
7 1418095
8 50018
70 455911
70 250340
6 1537805
4 191739
3 3719394
7 5701058
9 5990022
2 7968959
10 311724
200 50043
1 1672042
9 9404929
9 5813492
2 5079052
700 40824
10 300274
6 7020368
-1
5 33590
9 60042
8 2094374
6000 6389
900 1370
5 473347
5 6006539
5 4006484
4 890092
9 9416414
5 680888
7 2557056
2 435208
700 10174
2 3503988
5 9747544
5 8485090
100 73128
5 2364365
4 899646
2 2184049
7 254229
6 9600550
400 50151
6 1233458
9 7015024
7 780094
3 3887816
-1
70 232024
20 979632
8 132547
7 30144
60 986726
4 4355060
3 55162
2 8957473
7 8670525
3 7039653
1 82079
6 6301091
5 8681174
4 9890256
5 9231938
900 919
3 4109442
2 4997582
5 7697524
4 3281223
6 3430701
4 9187081
8 5509028
3 824281
6 7291624
50 674708
7 6538993
8 2467707
6 5568119
4 2528905
20 716007
-1
-1
10 1448
5 601682
2 6500082
70 552763
4 3588740
1 5910022
2 946718
900 75466
7 9982123
80 350783
9 4181260
6 2332970
80 100928
3 844403
5 4300692
90 208066
30 818362
30 69956
4 254098
9 8963534
5 9609013
6 6218024
4 8085660
7 8372866
60 72509
8 2797156
7 9668377
9 1029980
3 4736192
5 423
3 8859736
4 5724447
40 4859
7 731611
1 4634093
10 526822
4 8931027
1 4050934
7 5900515
900 11774
7 3400137
2 8058034
3 127470
8 6283778
60 400964
1 4592637
6 7043008
3 6409775
2 4578516
6 960167
8 4784067
1 1247859
1 1792374
1 6018049
4 428378
40 771954
3 343806
8 2590944
50 40021
4 63042
8 3168055
3 8007016
1 5770484
20 165638
1 6736604
4 5605933
3 7915728
2 402003
7 9408204
3 1472773
8 622101
3 8275846
2 9209552
9 4600036
3 6636562
3 7066704
60 830878
-1
5 303718
9 6761902
8 840009
4 6990587
2 5594884
6 5071575
20 119317
400 90168
20 196401
5 7795385
5 4794276
1 7839667
4 2944700
80 944008
2 7180096
3 9447822
5 915233
90 316027
4 294216
4 87033
5 905602
1 8940230
5 4060048
9 2464316
9 6531779
6 5643524
7 9804430
5 7610264
7 283932
2 4047432
5 2361724
6 4068422
2 3550920
40 87369
5 4580018
10 60011
5 528642
8 7830063
1 2641
7 5195225
3 9019301
1 8183761
7 4800659
2 453054
7 617953
7 2545364
6 4070169
6 940020
60 400630
3 1117563
8 9263800
2 4841209
3 2171237
8 9266382
3 601057
30 50688
3 2699085
8 1067051
7 2557319
2 3072093
9 3340757
200 30691
8 4040403
7 2717400
6 9617259
6 4999076
3 9839085
50 400128
5 5821033
4 7878692
1 9020215
200 91388
3 1424817
5 1981848
50 7234
1 7593027
7 601925
300 14398
6 5896789
8 4580407
6 8051945
9 3287790
4 8802906
80 662128
9 8923945
30 300239
8 9100916
3 199049
500 71075
50 869826
7 7507287
70 601765
5 3800125
8 5773731
2 7099668
4 145499
5 814656
9 87122
6 6600275
2 4952901
3 5112992
2 3890777
2 784113
4 1521845
5 2613679
2 395991
6 3344237
9 2390219
5 1945872
5 9352429
3 354044
200 26841
2 53381
9 171320
2 6950902
5 7294183
8 5616575
1 903036
4 8400037
8 8208539
50 840416
4 6274334
1 1603907
8 7511655
1 6900385
4 9160159
90 761516
6 3646406
8 7286470
9 6026422
4 491861
6 212363
6 5006044
2 4582543
4 5423897
4 541138
3 7815292
7 3802598
2 530105
10 360162
1 7694746
5 2910497
8 5113025
4 3716514
80 360027
9 6509667
80 803071
6 3010023
9 9846106
2 5070734
9 4777088
5 3600845
1 7056964
2 7811981
6 3857030
8 931177
6 3486463
6 920912
2 9408948
3 7827394
70 103779
6 7078037
500 20715
10 397697
10 902941
2 5136824
9 2780966
1 662756
7 519827
1 1318931
6 6653036
10 288142
80 86006
9 517003
6 86310
6 5286716
7 1486406
7 9634687
4 6801469
700 8054
900 9049
8 9632713
7 2571901
8 5610109
3 6295176
9 3912353
7 3990030
8 8652154
3 9090328
20 410151
70 502387
1 4295608
6 847831
5 2600425
20 152785
6 808060
50 488033
6 9996467
6 8208428
70 90066
9 1245342
-1
4 6666941
20 730
9 4505038
4 8622775
8 7309068
7 294033
1 6000613
7 7934045
7 6248877
1 2109748
-1
3 9003593
1 1806771
90 940339
8 3990031
5 6928789
7 5069058
4 13040
10 37380
1 6248316
5 1120563
6 960097
9 9068787
2 6376469
7 801002
3 7846057
3 3920686
5 5140555
50 99577
3 2221716
4 201089
9 415002
4 9190313
7 7044733
6 8042914
1 60017
8 1120336
4 9005832
8 1239482
9 6000684
3 9635094
60 409320
9 7933796
8 6507776
5 1304588
6 2293317
80 10264
8 9280969
4 3470435
9 4405580
4 170268
2 15886
4 432792
9 9737721
1 5182425
5 310023
9 8652002
6 823172
2 8750818
5000 7051
3 1034903
3 4412814
5 9822044
4 4439484
6 3170176
8 7518400
40 110359
8 7927121
3 8690994
6 9505012
6 917495
9 7015967
5 616022
3 5662873
20 50183
80 351281
4 7040170
7 1820128
2 8511693
9 8870753
800 10112
90 790229
9 814659
7 134526
7 4250714
30 530995
9 7130952
7 5800076
8 401225
9 8808333
-1
7 6990593
4 1225214
6 1358275
8 17630
7 7947116
1 5230191
8 9039080
9 9006091
9 8339799
9 6902037
9 5018979
5 9761502
2 9522058
6 9800100
7 2449065
800 60754
4 9953172
9 4818535
3 2303172
4 529026
7 1058054
6 9805023
4 2001950
7 7178252
30 265043
4 1747329
8 2100038
9 4238
3 8994938
1 547054
5 6806051
800 94943
3 5066219
2 2747689
3 631598
9 2019
9 1827488
9 412925
70 224824
9 7806207
20 210499
7 2044377
90 906036
1 5957703
8 6891556
4 8610013
4 660371
2 901029
3 6050832
2 2839616
6 1608316
9 5098443
6 2204175
7 8048
20 458031
5 3935081
1 5964370
1 8141161
5 7612294
60 905388
8 300087
1 2057013
7 7921760
1 4008565
20 57829
5 8187059
60 40815
2 4469182
30 557894
6 8486532
1 9453635
1 12058
2 9394425
3 7700893
70 70064
6 106269
8 8340090
9 6831095
8 5029885
7 7156651
8 3707527
9 5900451
1 4330682
50 931059
4 6117631
4 7494879
8 2027108
80 90213
6 3065426
5 6594475
6 3933631
4 7223679
9 2400012
-1
2 3020252
9 96038
1 2033289
6 7578655
6 903076
8 6884361
8 4867861
7 8858768
500 60526
7 6891825
4 2008061
50 913434
7 2109006
90 364895
3000 3176
9 1088002
7 1016370
7 1528894
6 4083929
5 4091742
2 9220100
7 912250
100 98548
5 5036578
1 938736
80 802124
8 5156062
7 6601776
10 500597
60 103305
3 130874
4 2259258
4 732847
6 8238145
9 2852647
7 909416
8 8602807
8 918079
80 119366
1 4521280
3 388709
900 50748
5 9897185
9 434642
2 942775
80 362560
50 423494
9 8048863
1 301398
7 4880666
6 265933
4 7456900
3 3041732
3 3323625
3 9453618
7 3640543
9 8037000
20 175062
7 90052
5000 9080
-1
8 5079140
8 8969002
7 9021030
4 6402874
1 9662715
8 8806928
6 3010449
400 77933
9 9005085
3 907856
1 5870786
7 9280008
4 6256009
30 243235
1 3671553
10 6304
8 9114445
7 4388042
10 379073
6 283530
-1
6 6900086
6 6519669
1 6674099
70 704064
1 3986225
5 3206028
4 1747320
3 6940092
700 38933
9 4905518
4 2300963
10 27007
7 9118277
2 4408349
8 4485542
10 164131
1 901
5 8090046
7 7732410
6 4767092
600 39053
3 3801919
4 2158542
1 8501044
7 6250475
3 494438
300 425
2 279684
5 4325435
2 39077
8 8762554
2 2059305
800 30500
1 6890267
4 5490533
4 6461
6 8886670
6 2360947
8 946303
8 1007045
5 1762447
8 91060
-1
2 2037063
1 900157
7 1704139
6 9700931
9 6516135
1 8994726
6 9567914
6 9479089
7 371166
7 100906
3 7083536
1 7000526
4 5955849
6 538885
90 800720
300 28045
7 804377
2 9002697
8 4438037
3 6327012
2 8501198
90 700033
1 1800676
3 1278749
5 6388552
2 6054305
30 582333
8 90063
5 38977
7 6902234
2 8468435
6 5646056
7 9888666
3 3453839
3 176454
6 9995519
80 469377
4 8064834
6 47251
7 9009286
8 8472448
7 757471
300 6023
4 2003268
2 3074022
5 8089167
2 5866392
3 1146635
9 1274841
5 3716684
1 70747
4 3057924
5 900913
5 3076295
600 80037
6 3948193
7 7507067
5 2611835
7 9020522
80 254157
-1
4 8086861
7 6203337
30 192704
7 4400036
5 60
3 555734
6 8500422
-1
6 6636269
9 3884221
7 380048
50 21081
1 28894
2 6489908
8 6309302
1 9119
1 6355575
6 8860811
9 6006
1 8226070
2 4644874
6 5766820
8 4263831
3 2805866
3 230673
7 6514663
2 7204310
7 1473218
9 1094225
3 3773019
70 918088
3 6014034
2 9004786
6 9000747
5 7
1 807822
6000 8426
5 400730
70 70051
80 248618
4 18069
6 4786507
4 2139345
70 906119
2 2091350
6 2345075
1 201092
9 7008564
4 6200329
1 4400083
8 5123016
5 8217466
6 7860688
1 5767437
3 2880122
8 2304518
20 939101
6 5904001
4 9075378
-1
1 1368224
4 4501768
4 5663375
1 6820900
9 9387076
3 2830016
3 5730480
6 8657081
1 1336368
6 9219019
5 5545098
4 600148
9 739059
9 4220795
5 7033916
9 403038
1 8549681
2 2978020
3 4271665
-1
70 200292
1 4917497
4 915922
3 404748
6 2903934
3 7052376
7 9021838
6 5080056
9 5394203
900 15200
5 649771
4 5144825
60 2507
7 3920053
40 1696
9 9091399
6 1900674
8 1082772
1 58948
4 2801950
8 5447907
7 9065506
5 5707085
5 544
7 2243520
2 84471
8 1456043
8 6501826
3 166081
9 1358971
30 886939
9 8871752
-1
6 4979502
5 1960769
30 908864
60 605031
8 4219250
8 6041990
-1
5 3237782
1 2582137
2 7041406
5 190268
4 183298
4 5450277
1 4706537
3 1122542
5 8051572
1 8905600
6 8086988
60 160370
3 5271068
70 947428
4 9539885
3 6306797
10 669048
2 9079138
9 4231785
3 9205392
5 9010866
7 5018992
5 8147463
2 891057
1 1074266
3 9620240
3 7000135
7 420017
90 106004
900 93245
2 8540447
8 7402020
5 9255907
10 709885
2 9673426
4 9370475
5 500058
6 88017
8 2795417
7 44807
1 3072202
1 202150
-1
80 97988
9 9108071
40 302466
8 20182
6 157036
2 2630158
9 9503642
6 2255068
1 8453096
5 246300
4 3034
7 8382027
4 6604290
4 216551
1 5830851
8 1104630
6 9004493
9 7316613
6 9001141
40 143988
4 4909365
80 5380
8 4909234
50 161915
7 3496038
90 634403
90 870194
1 104325
5 1900645
9 560084
40 563408
5 7697579
7 4030208
8 2165083
1 853501
5 3762777
8 493654
100 2084
1 4600074
700 50690
60 212766
9 6640031
7 4373917
4 8968981
2 23352
4 587077
80 312903
6 9680780
6 6023014
2 1198556
90 99
8 3950015
9 2567064
6 3926278
3 3190298
8 900067
6 7370828
2 1247139
3 7659074
2 5369087
5 3855936
30 706582
8 8863577
30 90056
1 5594302
2 240458
2 1319219
5 2431073
5 1432192
-1
2 41742
1 2004875
80 347759
20 114310
4 9433050
2 708789
20 385043
4 4157307
9 9074055
40 463777
7 7848225
3 7596196
2 6034093
7 9409036
3 261197
60 958644
9 9050096
2 31066
30 740038
2 7004614
3 3184340
9 6042262
8 5050767
9 6084132
60 435582
9 350799
4 3130623
1 7000451
40 271428
7 305510
7 95648
80 2010
8 5240171
1 3668607
3 7059300
3 6208401
5 3871541
10 93078
5 6501247
5 1047326
7 8448032
400 40092
90 156505
6 9134193
2 938431
4 7816668
2 74087
3 947003
2 6111
80 709051
7 8384874
400 3335
7 9882877
60 321547
3 9579921
400 38615
40 909813
9 2004030
2 7670425
1 24018
7 176695
4 2835866
3 1910498
8 2126095
6 810076
9 2209070
8 924079
2 4279564
4 1469917
50 769463
-1
3000 8097
400 3639
2 2010061
1 1343641
6 7871766
10 705333
50 856407
80 638657
5 2675581
8 1634163
1 6881490
4 270078
8 7003911
3 3501062
1 5860938
1 9920373
200 69630
4 8244199
700 90914
4 9219672
3 1293908
6 4752639
900 44806
5 2014391
2 200618
70 162456
2 8008276
80 177162
30 401533
7 631552
6 2287090
1 5636382
3 4027933
400 33257
8 6241300
80 610253
60 549300
20 64401
30 224009
1 34815
2 4799791
9 3822092
6 3217115
6 8735252
2 8055078
3 9142495
6000 9017
2 2019885
80 899056
5 4130091
80 904024
80 755167
9 4844939
2 5530768
5 602518
60 259032
9 322914
-1
20 591068
70 487930
8 5650757
1 7439150
7 85975
3 8
70 606666
90 5462
1 5429846
7 9908051
3 1000231
3 6171786
5 6900234
8 6499760
7 1504826
2 4120943
-1
5 5027558
4 63212
3 7042898
60 375151
8 903058
10 100336
9 8940033
8 7207638
5 5698935
-1
30 508085
60 98
8 2073809
6 1719370
5 9385543
4 4730183
80 45129
1 500999
500 44542
6 966247
5 295701
4 5644183
2 6248915
6 3177862
2 866657
7 7504430
10 453261
4 7074081
2 325324
4 198600
7 7965250
60 200760
1 7403135
7 2093497
7 1640046
6 48396
6 5009064
5 9042111
4 834232
200 92083
9 8571082
2 405021
5 580304
-1
9 1156466
1 2109208
40 604076
60 301812
4 209479
2 6909657
2 6100137
3 9886073
7 1422948
7 9700054
7 789
9 3251129
4 1082595
5 4783
8 8241989
9 5781227
6 1921173
5 5872968
9 2670310
6 730130
40 665408
1 8805
30 202204
3 9128594
1 2182596
8 7037387
7 6707
8 68523
1 315254
5 1103366
5 9384789
80 403048
2 9075069
500 74816
5 1485043
5 7104328
7 4110581
6 8040428
8 4600522
500 91872
9 3321112
3 8203015
2 5406126
9 204631
3 9409099
4 9273361
9 3032061
8 440003
70 579732
6 896018
7 2090066
20 32083
20 440002
4 2865744
9 6033894
2 9861697
6 8255804
8 5900778
2 9085956
7 1740607
2 8126053
7 5509009
4 5369310
1 5211931
5 1753079
6 304253
8 6662299
2 1717996
9 9809997
4 277056
1 8732943
8 2809229
-1
1 5160891
3 6670708
30 159020
10 66215
9 9993074
1 4534712
4 3037609
70 669835
8 6231930
1 2750007
1 6941509
2 7098123
50 700655
40 934881
1 2727015
7 2119544
6 318156
4 6536047
90 5085
400 80050
9 6141996
500 709
2 3770056
2 5388204
8 8020269
70 592422
2 674
9 7440650
5 600064
9 320002
9 3039329
-1
30 598855
8 2077196
300 50643
4 8570345
2 1291979
8 6307228
8 2338084
4 3144849
6 6940217
6 2093798
5 50056
6 351362
50 8559
5 7737954
2 521282
30 91059
800 40035
8 8486073
8 7073584
2 4573944
3 4604843
7 2220980
6 9671059
6 7269384
1 2009137
90 978385
5 5835363
9 1000915
4 3949394
5 6487396
2 2115905
600 80067
60 732772
70 880787
7 2965
6 5025510
90 508490
4 6693499
1 5053098
7 6008767
7 6394720
30 490523
1 8167078
9 502360
6 1318142
2 1227025
70 201059
9 5829523
2 8900545
2 508491
4 7754758
40 4215
3 2494034
2000 9176
60 563655
80 954316
2 3306010
2 1759369
3 109520
9 4324352
7 3559679
1 10066
9 741692
4 3096608
8 1598745
2 6061818
6 773896
9 3784483
2 8924427
90 278734
3 2658089
8 469059
3 4972870
9 3500201
900 70655
7 3177368
1 8534007
9 2740254
3 1772273
70 20919
9 4791806
5 3704064
700 29392
8 2804096
2 520256
2 9990401
50 103013
6 5934022
6 152953
5 1560855
1 1517002
200 20050
5 9609056
30 862511
7 681643
4 6680140
70 798
8 8395947
6 5002227
8 8861234
30 601643
8 916048
3 2010766
6 1374413
80 53037
500 80534
10 600051
5 9605519
1 5495902
7 2286602
1 8118453
3 323245
6 5039728
5 218601
200 26461
90 633646
6 6288872
8 5382477
8 7021904
4 3177862
6 5165862
1 7964012
6 1820102
9 896339
6 2602007
70 403853
8 4240247
3 2661983
5 3066893
4 8789503
3 2007851
6 709476
6 7948500
3 4066498
9 2430392
7 5654260
3 5495
40 36326
5 4027139
9 4981186
2 53836
6 9308043
90 327139
4 4410827
5 1351017
1 9754475
5 4308704
4 2810559
5 1205327
8 1760930
4 8966086
400 2457
7 939
9 5820810
7 805671
3 3243402
4 6756429
2 6398039
3 4331384
80 203985
4 3801521
4 4721049
8 8805122
2 3603117
6 6874680
6 6610852
7 5406921
300 30974
5 705023
1 2004367
1 7951871
1 8007040
3 8790179
4 3339730
5 7119965
3 1810477
3 2085012
8 9001755
3 4780332
3 8800350
3 6258439
4 6699557
7 7001780
30 435971
8 8084769
4 7390634
6 4504994
1 2204974
8 279873
5 6388719
9 7200858
4 8680500
20 290062
40 307005
8 6159329
5 8990975
8 2696999
7 7788003
6 99593
40 444404
2 9840717
60 178344
30 612281
5 7055845
2 8920575
2 6355663
3 9300517
3 900254
7 1100031
2 5179877
7 75
6 9333983
8 576042
5 6600892
8 8888826
9 2009728
7 283900
5 8025
20 608355
40 775997
8 8741150
7 7392192
5 7590105
9 800052
3 1878960
1 8111109
3 2910116
4 9102305
4 9780562
8 6162084
3 4670980
30 443
7 4391019
9 357213
80 615958
30 882182
6 9897527
5 3700970
400 6492
3 701063
5 8264387
4 80607
8 1631159
8 1070912
8 7017547
4 8081931
5 3422405
1 140808
30 178313
7 8833140
4 200333
6 5061055
2 9470388
2 3778058
9 9787271
5 4014985
100 61248
5 1922007
3 6608139
2 436054
6 79877
8 5379018
3 1021022
20 30034
1 8869816
4 2926146
8 3763405
3 719088
2 5132088
8 6738730
3 2395827
600 59465
7 86880
-1
5 1376468
-1
9 7895400
6 3616398
1 940050
5 2402666
4 3002078
9 7460617
6 4708929
3 9505673
8 6105351
6 9613955
5 4436743
6 3446266
50 654541
6 1735148
60 70055
90 56135
1 1916327
9 1502924
50 400471
10 714786
60 906547
80 833900
9 4097824
10 599085
90 110050
5 56894
5 3180492
-1
700 64889
3 200071
70 598065
5 607558
6 5755917
5 290491
4 8651847
9 2160980
8 8504072
4 8654
7 4201798
50 907053
3 4109450
9 1468371
3 4515266
6 4206553
3 6351472
9 7986508
8 1515638
30 22031
40 516171
60 254401
30 880627
6 827792
200 5033
-1
4 438395
9 436843
9 7582797
2 7803790
600 40715
6 31311
500 16097
6 1543220
1 6893409
6 5023311
5 660089
8 19066
3 2743084
70 633264
2 110243
20 808821
2 9542982
60 808240
2 3826164
4 6895164
4 7400090
700 70563
4 9530428
1 17193
2 3508194
3 108899
4 8148121
9 2522413
1 547779
4 8434964
20 996395
6 6659353
80 787536
7 1775003
-1
600 3340
5 6200700
5 9901589
1 8095030
4 5270166
9 2136847
3 4503272
1 2779522
1 3709262
7 6761675
50 307017
8 9706367
4 5407744
-1
3 1207619
6 1185119
6 697879
7 8318886
20 743930
7 9043822
6 6921027
5 3394670
9 4582751
9 5278657
1 3528025
20 705327
90 928518
7 4001370
90 811370
2 33847
200 3823
1 304760
10 197094
1 900431
3 9648067
9 376934
4 7030788
6 963881
3 140650
2 579479
4 8500701
10 452055
4 8758666
5 934292
2 70591
6 5462956
4 9850472
2 6690917
3 5869704
80 760335
20 579958
9 4749826
8 7617918
20 10569
5 731
70 79026
3 9133076
2 7805483
5 8373028
5 3033296
10 532938
1 4033742
1 485972
4 9060097
1 6504806
2 7990187
-1
2 2299277
1 1370467
-1
3 3000432
6 241509
80 85
3 5887361
7 1359977
9 1417998
50 330751
6 7870436
3 5074830
3 1237450
2 8844141
9 312962
7 4376378
8 4161600
-1
2 1020423
6 8724330
1 35777
3 3402094
8 3360533
1 3742858
6 5644022
400 20053
3 2605657
2000 3395
9 5016533
5 2811401
4 560384
4 5
5 8773809
5 2000618
1 2254936
60 59003
50 272113
2 1284162
8 156830
1 777077
5 9070045
8 3511192
10 689
20 757005
-1
4 7
2 1678089
6 3070019
40 600050
7 11
4 2000757
8 2384412
9 4301028
9 6040223
20 243653
5 39355
7 8087936
6 178759
2 5957658
6 1112204
3 9718758
5 7236647
3 2338685
60 572274
30 896627
80 530580
2 2000607
2 108620
2000 3593
80 146565
900 5911
40 306077
2 270724
8 4009486
6 362016
2 7380177
1 7280171
7 4179101
1 706408
4 6610222
7000 8074
4 4441080
6 5901725
-1
20 771088
300 39891
9 2944798
10 60145
5 9003063
9 9805610
2 330473
60 23151
9 2789221
70 317402
2 7800241
7 6889047
9 723
900 22022
50 677
20 517011
60 185386
6 3421500
7 49277
8 2708771
7 284961
3 9022558
4 5052916
7 4474677
9 1084392
40 65527
2 5746998
9 4747731
7 5450098
70 300987
50 476206
8 7765861
50 821368
9 9038055
40 306915
4 5205995
1 5481735
700 97828
5 7223655
2 1615798
9 651443
3 3066083
9 1240523
9 9807009
1 160016
4 6225160
8 2246468
2 1430141
6 9392051
40 417782
30 399670
1 66299
70 273021
5 3635248
8 6900918
5 9365201
7 2165981
6 287195
7 5400160
6 5533478
5 9362516
1 3275049
1 4227815
8 4728186
3 4736987
2 6171043
5 8090923
70 401495
4 12032
5 6187073
9 6283915
2 9330649
8 1329011
80 276209
6000 7077
2 1133365
3 200592
40 296936
5 805092
5 282543
-1
4 4690017
9 505452
20 306220
4 4377820
1 2205847
2 132505
30 238257
9 4008087
5 6383523
6 6095341
1 890287
9 5708180
1 962235
4 6341070
2 1573019
9 4166025
9 9191444
-1
2 5070269
30 988907
900 9222
50 27770
8 67784
1 4407058
5 5206
8 9286250
3 90091
9 3507441
8 1972293
7 5181216
3 3874688
5 6000693
9 4300039
60 704152
500 92007
7 6525
80 740035
7 5381197
7 60475
40 46327
800 48692
6 2755817
9 6069546
9 7028124
7 6866041
700 80039
-1
9 7046915
7 2882682
4 5226117
8 515301
1 4991424
-1
70 630834
5 3084136
5 2024574
9 1863038
2 538938
40 110374
1 4104961
9 9719788
6 2730228
1 2008023
3 3451391
2 5270481
6 3094961
5 2702096
8 5660073
3 2091051
5 595112
8 3900435
6 9106052
5 6127929
90 903061
8 586150
3 1167526
5 3080012
80 90888
9 91082
80 660856
5 4932397
50 633687
6 8921292
7 6131776
5 102207
9 7191209
100 6060
3 1786231
90 650165
9 2576068
6 205449
2 556973
5 124965
8 3720181
6 4309696
4 5223578
5 1515949
2 5197422
3 5206793
6 4696404
5 7198641
6 2576563
5 3093031
6 2556411
6 5020695
20 406907
2 6559640
8 4071701
4 8007345
2 508558
-1
4 204460
30 403005
9 1886694
1 7476001
1 7913112
1 7429019
5 300879
4 9689835
6 46640
5 5050696
9 1850439
4 6760984
3 6875
9 9977965
6 3661932
1 9131628
3 4104045
9 6417733
7 8173444
7 1494615
4 7478563
3 660766
50 960979
2 5645372
2 1975188
20 677423
2 7079749
8 322776
3 8607543
5 949362
5 6090483
70 589200
5 3050404
50 581479
6 201616
2 2678751
4 5457499
4 324184
60 143399
2 3611441
7 3707890
4 6653660
7 8803073
9 8166973
9 4403415
8 5070672
8 4392048
3 3271026
1 219933
2 8618342
2 9085304
7 269143
6 6697210
40 36448
2 5636938
8 4207448
5 960160
90 636168
20 464021
8 4406297
6 4171186
5 7044663
1 8253971
500 72349
4 7862717
60 809789
-1
10 790058
8 6580892
4 2158974
3 6666679
4 6649025
9 4704249
-1
7 8383506
7 75633
7 506672
4 8028667
4 400599
9 1730093
20 763
4 325749
90 400607
1 2304955
6 444530
4 3765001
1 5018700
90 295040
60 310474
10 500061
4 8966552
1 5862020
1 6337651
3 4163275
1 9719527
20 58043
90 687733
5 1860323
3 8511706
50 981807
2 8016060
10 767387
4 3002615
4 9720013
8 103226
8 9671424
30 290057
8 5889049
4 2322499
40 373019
7 6943190
2 535281
2 296217
90 950948
5 3680843
9 4541432
3 5380136
3 9012007
4 74883
50 648946
700 5685
50 226301
7 6000777
40 116
7 7633922
5 1909523
90 424659
6 4642071
600 66039
3 485619
6 95094
3 55290
5 5005202
80 258939
70 840016
4 6328549
9 705931
2 8060420
7 1557759
3 12046
40 885841
6 1594513
9 7333933
8 6323507
10 544551
90 314068
3 8256
6 6605414
2 4519346
7 705487
9 6484839
8 2010210
40 186609
6 290949
90 89516
8 627073
90 500006
3 8130087
9 9488761
8 20406
6 396273
-1
1 5909358
8 1082097
8 75400
80 930438
3 6700579
8 303613
2 4596354
9 1032
50 69198
80 929080
7 8553112
2 2147355
300 78005
4 7062586
8 1621004
8 1200938
6 61032
50 831638
20 434059
80 102157
20 8397
7 3190895
6 6993724
6 3126187
-1
2 3016193
8 5989237
9 7028757
8 9543323
20 690781
60 988035
3 695288
5 8727627
6 8988412
8 3280969
4 1427198
8 9284299
3 3100119
50 233680
6 5010076
4 8994524
50 418718
9 1590084
1 1021532
9 7407029
-1
4 5081711
20 18839
-1
80 157699
9 2505118
1 4153469
9 732026
1 9916890
20 819921
8 5069507
6 6675396
6 9144066
1 9108914
500 2026
50 643486
60 66842
9 339672
1 4683765
60 43979
6 178466
9 9854953
1 8033902
7 955458
6 4589163
8 2553412
9 60763
5 6200728
2 3307676
6 9456375
9 2154018
3 9856349
7 261006
7 3285912
3 2568430
4 3277326
5 7235901
6 7001563
-1
4 3484060
7 4878220
1 3053716
3 910011
3 3036258
4 3404230
7 318031
60 850873
5 7806527
6 3293404
3 5060891
2 9071166
9 4996363
100 79139
7 2029823
70 50080
4 827676
5 4989240
4 3420341
300 8674
20 105096
3 3438951
2 5396986
9 515376
4 1402321
5 9898567
80 899095
6 8278083
5 2240628
20 45294
2 7209317
4 1511771
1 867322
70 269410
9 9245213
-1
1 1776065
9 8075194
4 1506084
5 330089
1 2800521
4 8720889
9 296014
100 60017
9 8460375
1 8610753
70 513427
5 419872
90 460811
6 20924
4 8365291
800 69216
5 4693407
8 2404045
30 642058
7 700075
6 1822012
1 6671369
6 4022656
4 609069
8 7918141
5 1104695
4 5172
5 36489
6 8635309
9 1621697
20 86
5 9482463
2 1031085
1 8208175
4 745411
2 8205023
8 9370134
3 7486641
9 2587676
6 8700019
70 40969
3 6644915
90 410085
1 1702933
1 7972723
5 7294728
5 390097
4 3138416
50 759801
50 100092
1 503747
7 4838835
4 6081031
6 4589062
400 5894
2000 2622
-1
3 3680500
2 4349951
8 3820737
6 56173
6 2939557
4 1396150
3 220913
4 9351230
4 9058474
4 5433850
3 1973081
5 5617535
6 7623681
30 366097
2 9444197
5 7004013
8 4803453
4 7803074
5 2959244
400 43703
5 5049087
4 4444110
2 4021185
6 8930636
400 12992
2 742782
30 400091
80 160547
9 211083
20 292493
6 9078490
80 388377
80 391532
9 8653220
1 2153808
10 141223
3 6180273
3 292483
60 16041
70 136272
6 6070017
8 4386324
8 513367
80 180334
9 8815033
4 7595593
4 8745297
200 57388
70 60909
9 6320403
5 4026935
5 2763676
2 500996
1 9644568
9 1097787
1 4137796
3 4821430
10 144882
90 784862
4 3008287
9 3008934
6 599501
4 6275850
4 201266
7 4870384
7 3300869
1 2762420
6 615882
2 2554051
40 169058
7 2203283
80 550378
7 6857682
9 7095404
200 16734
-1
1 6153048
40 265063
5 8441785
3 6851282
80 3615
80 411893
70 84976
7 4216334
7 5601113
60 254015
300 4072
50 47067
8 5911804
2 6882639
1 530439
1 7129942
6 4661812
3 3813646
60 410757
4 8415548
9 10563
7 6029703
1 1940361
80 753866
3 538761
7 4009333
5 1620912
6 5272472
3 8110249
3 6776137
2 5988893
3 8883211
7 61839
5 8782704
5 9077260
9 6012380
3 7749025
1 7500807
2 8826955
6 670090
80 667174
5 4540
2 5860461
7 4674559
30 804419
5 9009390
4 5966152
3 8738602
80 700634
70 321477
300 44022
7 210018
9 3586081
1 7259982
6 4713159
6 1177147
1 7334451
8 8060277
3 444071
5 3160174
90 35004
2 7825059
-1
4 4053
400 9576
5 7501631
2 3209569
90 28195
10 724001
5 7040623
30 97089
5 7267326
7 6009160
3 4009186
60 102490
1 6740340
2 8769019
60 594047
4 306884
1 5336526
6 4660300
4 6213295
4 1005081
1 4925721
400 70193
8 6340070
1 9114002
4 3636335
1 204340
2 759072
4 7166257
2 858657
40 860080
5 501067
4 104535
60 128072
7 5923247
1 1170514
7 5112056
4 5438
6 71241
4 5375599
3 922
5 1433015
8 74770
6 5752138
9 2055612
7 2050504
1 4750910
5 9008060
4 4828520
9 36259
1 434700
7 6580443
80 664684
9 62989
3 3787072
5 4552938
8 6989167
70 60247
9 11042
2 1369107
6 4369413
500 40020
4 8507262
2 2936036
6 190696
5 4000124
90 305664
4 2889188
1 2101386
2 1633433
9 8041057
2 7000415
5 2002235
90 9411
9 1250380
4 4330035
1 4285328
40 852424
4 972049
8 5821081
800 24722
10 738948
4 3170902
2 90889
7 7960726
2 3244020
8 1820097
8 9432001
60 307561
8 8517059
6 7064359
8 6067278
3 3780
5 6350021
9 807002
4 8817509
8 2661197
6 5300998
9 6555912
6 423489
60 50087
30 18815
9 257013
1 3296547
6 60688
6 9788812
9 2429526
6 400051
90 502994
2 2300014
5 2778071
5 251032
1 6209040
20 834869
8 3589
90 608540
1 44955
7 7844293
8 9726909
80 300622
-1
8 8842349
1 487714
3 2000103
7 7400879
5 7090743
40 698236
6 4181842
7 768957
1 6567286
9 1032094
4 2518018
4 2202347
2 5751376
90 5963
7 8000628
7 6506915
9 9535419
7 36004
1 5028828
5 103179
9 7604677
10 686069
4 235307
6 8245678
3 703023
7 1506661
2 790593
8 2905696
1 9164734
7 1000154
7 2940156
9 1246334
300 41372
6 833458
3 1660840
2 5241590
10 292763
5 758029
-1
5 8091607
6 5479626
1 5140606
9 9814935
4 8580049
3 1290347
8 2077056
20 224434
6 4975345
90 304410
3 4400074
60 500054
7 4256322
4 912893
9 201068
1 5665653
7 3002099
8 265207
30 222402
9 8359099
2 7447282
9 3638697
50 206574
100 13241
800 28193
5 6609692
4 133513
3 7869287
20 38056
60 213309
2 5845354
5 252057
3 1413766
3 5486210
4 6080881
40 9542
7 2405133
5 8250730
4 1974244
9 6084197
1 800619
5 7385308
-1
6 8773361
5 1452570
6 6630238
900 80700
5 7496248
6 6929987
8 4470310
3 5556549
8 7131675
5 9085015
8 1776094
80 550416
5 6567274
9 1464803
40 623053
7 27326
6 7113188
9 9070469
80 190068
8 2855360
60 322729
300 2394
7 679836
8 8939062
6 803111
40 398520
6 5274567
8 3246828
200 51831
20 171388
1 368772
70 848903
4 8856549
6 182702
9 3582
2 5582071
9 9333886
4 5854058
1 7302915
80 787339
6 135690
4 6026064
5 667174
9 9839319
8 4411012
5 4750092
7 3064331
2 9403388
1 1834545
9 5004355
4 8300151
9 4710691
40 24095
6 905567
3 9010099
2 8410708
9 6026406
2 1637012
7 7829568
8 2529618
80 620
2 875091
8 6849098
6 8330290
8 4023509
3 3037793
9 7065827
9 4483010
7 2010649
40 707041
2 9460155
-1
400 1157
4 3433844
80 598223
9 1349226
5 6027055
8 2003483
90 464090
5 2620415
6 329718
2 2071741
3 4074569
10 761025
8 2059292
2 808982
1 9103081
8 3394304
80 48686
30 10368
9 802675
4 2362496
80 776313
8 6353230
5 7072
6 5851623
60 200090
10 205909
5 2344044
4 4002554
2 3
4 60017
8 3076735
1 9469300
7 8237070
7 763636
90 180139
1 1360788
9 3739055
6 19003
5 502080
2 6407804
2 810653
20 327771
9 9600187
800 37073
60 122257
9 9426905
700 96537
90 71360
2 6687035
70 45022
4 3838652
7 3220030
6 7338150
-1
3 651074
1 959512
2 3123641
3 3883432
7 1063761
4 609577
70 390126
8 4787211
5 2541624
800 76380
9 9513384
1 76515
8 5175087
9 1401136
9 5042725
3 3009043
70 2421
5 1192997
9 780835
7 1699929
5 4808707
40 897041
40 450198
700 14080
9 5950025
6 5101588
1 3830213
3 9557528
1 9636282
1 9476977
2 3738074
4 1885756
60 212037
3 6065294
8 7804495
70 355403
2 8916761
6 3877486
90 725234
4 4082448
3 49210
3 3269961
6 204172
90 340056
5 8902699
4 3349440
9 8187528
-1
8 2620453
4 7009972
10 69266
3 4141205
3 1071096
2 7022148
80 306857
4 4490768
9 3297313
1 8787986
-1
5 415349
9 7772963
6 589780
9 9610574
5 905109
5 704019
5 1021721
200 11012
8 4632842
20 351224
3 6541797
90 800042
7 4001515
8 379040
6 8506767
10 865863
70 298203
5 4618872
9 1740301
4 1454555
6 2372176
5 9004351
2 6315046
100 74624
7 4387538
8 2024846
8 7334691
8 3737094
4 9558214
600 3047
8 620794
5 4162451
4 676653
4 9303253
40 73053
9 8021051
2 6672375
40 459999
-1
20 802332
500 30065
60 842261
6 7060083
30 607
40 192518
10 683216
1 2545897
30 80059
3 7331622
3 425693
9 7405880
20 85072
5 4876059
2 9758748
1 932474
90 46129
10 527329
10 775202
8 340038
7 8815437
1 402912
8 2583195
1 650528
6 239696
6 9050414
10 769136
6 3454439
6 7020190
30 545357
6 205190
1 3839423
5 9800913
10 100366
6 8606064
4000 9686
8 630518
1 9949093
3 5665364
600 889
2 487925
9 5002028
2 8040010
3 2100840
200 14077
7 9323098
4 9100776
6 8360316
4 1785070
40 803758
5 803712
-1
2 6395172
60 2748
70 646025
20 416097
4 2712441
7 5550637
4 6515255
3 8272119
8 4002499
9 669850
6 4101893
2 4419027
3 50033
60 428074
5 618970
6 6063533
5 3739943
7 1977527
4 4735056
2 2903917
7 7087626
2 7776480
3 7813158
8 4757757
400 32362
1 3290005
4 9602662
8 4292728
7 21005
1 4390009
3 9379307
9 681639
70 420489
40 56445
50 16033
5 4839001
2 2448456
8 8585594
9 6534435
5 7620173
8 7477632
90 884059
3 865031
1 2067020
200 27745
3 9435408
5 3188162
7 1569346
5 622746
50 10975
80 127634
-1
5 4944674
300 64523
9 370202
4 372416
9 1615510
6 9884514
8 8700170
30 686018
2 5110944
600 62705
7 2800221
80 3777
80 6912
6 6067220
5 2603038
9 3407168
-1
10 470891
8 5907334
3 8641067
1 30025
50 7921
20 718411
5 2005845
9 4690080
90 126413
8 620617
4 2305997
4 680040
3 608854
-1
7 109971
4 200596
-1
80 334364
-1
7 6581402
-1
3 4009086
2 9150385
30 319616
3 1640262
60 620614
8 9277870
1 6550694
5 7001193
80 566699
5 44000
4 3828172
9 7900119
1 9593637
6 8254
6 9669758
8 730338
3 7371722
8 4616577
70 272522
2 3429038
5 8349239
8 3716296
5 7822439
9 1982924
20 870740
50 910312
70 903418
2 4093624
8 3904320
9 5040604
1 7967690
70 593219
5 4421897
1 8433
40 223068
400 42912
6 1966909
8 40363
5 8448867
-1
9 6010045
9 9762052
6 5691237
90 904996
1 6467901
1 3049067
60 98083
70 754316
1 1538103
6 7906428
9 7933927
-1
1 8210800
6 2347303
3 4808446
7 320488
5 3267283
70 307124
7 7200566
2 1043903
7 7910147
9 3354772
1 482041
1 5901110
9 1307978
4 388502
6 4907963
3 8278990
8 4086916
9 6809688
2 1108966
10 351806
60 212607
3 7000015
1 1813092
4 8877418
1 1731981
4 6608643
7 8041060
2 8636045
5 9907816
70 547352
50 432671
7 8704304
4 689086
4 893027
4 75337
3 4250953
1 249075
8 4828763
1 3019333
8 1300704
8 8756196
1 8000761
4 1292990
7 8300684
2 5980871
9 7233820
8 935294
7 3500893
8 9338761
4 76461
30 51392
4 601549
7 730367
4 6871018
3 6142744
8 2533881
5 8265939
-1
8 8789640
6 4052596
1 70097
5 9944275
9 174994
50 242875
50 73
2 3646748
50 96728
8 4899267
5 724668
5 4058720
10 930006
1 8848375
2 7000
3 8840018
5 555342
1 558335
2 5582358
1 3401032
9 6930146
9 8550144
2 9985971
6 5819432
40 420418
9 7080021
6 8238051
30 672615
8 4023332
2 1070510
9 7879804
50 700353
30 46481
1 5255108
6 4072330
7 1069720
7 2074174
7 5532092
2 8804323
9 5709568
2 7268890
60 446211
5 8181569
2 7997075
1 806982
9 1821627
6 7918681
2 956337
6 7384399
2 5215693
2 639540
4 6277687
8 5191370
7 2052604
60 98600
3 1519253
9 478813
50 507092
4 2462026
40 207477
7 5116245
8 4306667
7 797
7 5323980
2 491319
8 3561317
4 9009025
9 7900096
4 9930917
600 61949
7 4471652
2 3178006
2 657512
600 20833
2 3105097
2 6976220
1 603033
4 5901913
30 510952
9 3043312
4 709078
4 5009455
70 756077
600 74539
70 584678
2 434415
600 51671
5 3824460
50 95552
10 870099
10 263504
4 5290866
5 660915
30 708030
7 3006787
1 9535104
5 2016873
2 9072821
3 8615144
2 303802
-1
50 92016
7 409884
1 1604064
6 7109675
5 1108195
5 3487824
80 963747
8 603224
50 353040
2 9670870
1 3874898
7 1622318
9 2701007
9 896081
3 970639
9 4043016
7 3719328
20 914252
4 7231043
400 3613
5 9512710
3 6796687
9 5374945
4 8037070
5 6401295
9 8587732
4 3373333
1 6070053
50 99501
5 9924735
1000 1864
700 50951
-1
6 4200687
4 9066832
2 810041
9 3989040
60 200607
5 341021
10 688099
600 42017
80 50668
8 8593092
2 6749033
6 9980189
9 135069
9 8462863
90 441
90 268004
6 1890047
1 1808872
1 6021211
7 6942652
3 6620286
2 8134282
7 5005439
3 8538074
9 929515
-1
1 5094819
5 4623420
5 8870041
1 4
6 7147630
5 3946994
-1
8 8047091
70 770084
9 3002366
900 57803
7 8398803
3 5158228
7 2447178
6 2320732
4 300011
2 6794208
7 8977213
9 2477812
4 631040
9 3257051
8 7627592
8 2115731
2 6393432
80 282142
3 620137
9 8955350
2 4006713
900 51045
60 259
60 168659
9 611214
3 2410678
70 910038
3 4087917
9 1830
1 1239009
9 3205003
6 3884534
9 7820212
8 3101755
9 4118792
6 5605026
1 7857716
9 694404
1 59671
3 272507
9 520479
6 3848815
50 720807
8 5150127
2 8051042
8 3275632
80 741034
6 5642633
10 774089
30 1298
5 5005824
3 2520387
9 112467
6 40081
6 9947137
6 941158
5 2420402
7 70864
700 15000
6 9908901
6 6464042
5 900093
1 8024573
3 6411044
1 4696545
2 6601378
1 4344809
5 5965516
6 40419
8 6272817
8 7838377
7 4710459
1 800030
3 1602268
6 4235118
70 400445
4 3512038
6 3028
800 72090
3 7151308
8 817594
1 5062889
4 9968490
3 7898518
4 4098974
8 605504
8 3476308
80 633462
4 3830347
8 669005
4 3630023
10 714641
9 7272145
10 900088
1 3011604
3 769835
40 486303
5 1553041
50 334299
600 644
9 3530435
7 8009082
2 717041
1 7285271
30 106061
1 9039893
3 3043053
1 740991
4 6184622
5 5339266
80 65061
8 2082568
6 9743054
9 5401870
6 6773517
4 6066000
4 8800042
1 4075290
2 6694
9 1920097
2 8670911
8 2700067
7 4032290
-1
3 4140562
1 6178744
9 3107045
1 2011518
3 2808859
7 2602451
8 8550087
6 2010200
8 5442304
6 6266101
8 8089232
10 408563
5 9390552
9 4970779
2 3934296
9 1690224
8 2075603
6 4730177
5 6349633
60 826904
2 3190896
1 300945
7 720018
5 5021668
400 90645
3 2625167
500 75996
10 650818
2 9413272
1 1756791
5 525185
40 6064
8 40631
8 6438726
7 8299739
80 383609
8 3215310
9 5556090
40 806190
9 5081772
70 977028
4 4743183
9 6353313
4 9050098
5 7899179
80 33220
5000 6704
2 7961528
8 8009995
7 6947549
5 20828
3 9038960
9 8800326
1 7560000
5 3587430
1 3831401
70 581364
1 7013226
1 7498871
30 807528
1 4063034
1 8719152
9 3152095
4 106220
4 6054805
3 5940694
2 5728194
2 371538
900 1601
7 2350082
5 7062724
50 300011
800 81530
4 501329
7 7921398
4 150681
300 407
80 722783
1 8631061
7 1087185
3 20028
60 710005
400 4563
4 5525070
4 551981
2 8966072
7 4342355
6 3208150
6 1000095
5 7665841
9 6141140
6 1181435
6 6798724
8 721776
1 5373768
5 9398284
9 1652640
6 5786067
5 8261044
6 555323
2 1221571
1 2722027
5 9849589
5 695013
9 4943427
9 4926506
100 20751
4 1373073
7 4086693
2 703641
4 5801861
60 137
1 232301
8 7640102
6 581610
-1
3 9680574
2 3385468
4 9255913
1 2965590
-1
2 7476075
1 629357
60 50813
-1
-1
5 1263813
8 9908417
4 6572218
10 940666
8 7659946
3 7401397
10 388445
30 259301
3 3506454
40 32492
1 4007072
5 257322
7 7341924
50 231006
4 230558
50 9417
50 912614
-1
5 2056043
90 889947
50 774696
70 10051
4 82
4 3000002
5 9001139
5 85438
-1
7 2262965
3 7764823
800 15858
60 600744
8 4000106
5 1320092
2 6060070
9 300031
40 789125
4 8333337
1 2035380
2 537567
40 56916
4 4927182
8 340057
2 9195607
7 7080846
1 7737822
8 6505550
5 1108438
50 899303
-1
8 9931907
2 855975
9 247493
3 3296722
9 8759509
8 9169272
7 70628
400 80036
20 520991
40 13011
6 2466503
30 413061
3 1109134
4 6089142
5 8020311
4 4204056
9 2192409
40 923135
20 477661
2 9090937
3 5008655
70 819617
20 210072
3 9477558
7 7083077
7 7785340
2 3009679
3 6069916
7 1468234
8 1512033
40 512539
5 3565605
8 1227071
900 9661
300 55045
5 911931
7 9831083
2 1516923
3 4259
-1
5 7190318
7 553853
8 4980435
3 2450462
1 368454
9 909816
7 3000054
8 5599012
1 1329966
9 9582641
1 8592970
3 720094
30 298644
4 4539139
4 2214024
60 126076
6 7578497
9 1139053
1 5168459
9 1019154
2 2346545
4 6470940
40 375010
2 9589287
9 9411525
4 7373279
90 180083
4 4022288
7 8064543
6 2800049
5 2509304
70 322906
4 5498702
2 8338654
6 257329
5 669012
5 1579966
4 8883135
1 9880208
5 6972451
7 6200094
70 801837
50 522524
3 101807
8 2901691
7 3385997
2 5660486
60 7535
4 7708754
-1
1 219384
40 892119
2 585
40 200402
2 2450746
8 8449029
3 8417216
40 974647
4 3817309
3 1611232
6 1366677
40 50057
2 900039
90 989795
3 4431847
60 700314
80 79350
40 300069
5 4187284
2 6703919
4 1740122
3000 6737
7 4704036
8 3389236
5 3156026
60 609047
8 7092026
20 704736
10 82939
20 250429
70 586305
8 4873156
5 8960866
80 942463
7 1099372
9 5494060
9 310066
3 5063205
7 1469178
1 4028165
9 8850770
2 8606401
8 3406080
3 109082
7 8739391
30 549
9 754074
7 9365026
-1
500 20033
700 11052
3 3106009
50 709086
7 5536008
2 8002414
7 4809146
2 9040737
8 5513779
80 615362
8 4009661
7 5959536
2 701632
6 865170
1 2403064
6 7908572
5 2800706
2 6976431
80 966053
2 4859562
4 8017050
6 3990467
3 9699667
4 949891
-1
3 6881044
8 8404364
20 650581
3 7021708
90 530284
80 19094
3 562057
1 3004687
3 2000328
9 742505
70 307368
7 3040962
5 6359777
40 900009
7 410361
2 9571038
5 915773
90 305011
300 30732
2 5790925
1 4163733
5 9960759
900 24046
5 4427981
7 6738215
4 2900531
1 5923194
-1
20 10602
1 40095
3 764
5 3735028
3 7403320
6 1168192
-1
600 20649
8 4048857
3 1862426
60 72
300 81815
20 50639
9 740290
8 8575083
90 884624
9 3091313
6 816153
3 5367400
4 1637426
1 3307401
10 93147
5 1713800
9 5077879
5 3849072
900 30928
8 5117088
7 5345161
8 5869837
9 8564404
2 1668248
80 14025
1 3698654
1 946216
5 7529530
10 19477
1 5945298
5 3809140
700 20265
8 530918
5 960365
7 9505170
1 714043
8 7206807
40 712034
-1
2 6945756
7 2140822
1 7647506
3 7921923
8 1128358
7 2321217
60 504922
3 747004
1 6000041
5 844475
5 2693391
5 2308219
8 172864
5 5841674
30 200135
2 5883348
5 758515
6 5509087
3 708826
2 2918282
7 6000173
9 504001
5 2481021
80 775233
4 7071092
6 9041271
7 9167329
2 64033
3 8745
3 4549250
5 6478973
9 140920
5 2033098
90 1484
9 1340012
2 8679
5 340446
9 3389079
5 933
-1
3 2419628
6 1473360
5 138
8 3079387
20 455580
5 3011284
3 408611
3 655052
2 5980023
70 287088
7 655689
5 7061159
9 4437084
8 233313
1 5638020
100 60046
9 5820606
2 9765827
-1
4 3101914
8 260807
5 6097089
10 23067
1 133581
-1
50 805784
3 4498397
60 853657
3 8833913
5 706687
5 2897386
6 2749918
2 559473
7 3400303
3 3047644
10 703833
2 773064
1 8052532
1 7203746
7 4754448
1 6095868
20 944004
90 376301
5 2851974
3 4269352
6 207475
9 2630449
10 920016
1 9095310
9 6997732
5 6090095
7 6847618
3 2065277
2 3438359
90 95687
80 849002
1 6506039
3 708654
6 6877718
7 6003960
90 215454
5 8798814
3 8220007
3 1823415
3 164009
5 253900
9 2706193
2 3035713
6 5074786
4 6805077
2 6422125
3 6261808
6 1509940
7 1167573
9 2245532
3 8190042
7 6230
6 4159906
7 3233025
60 785106
30 801279
7 5334282
4 9055443
8 5434187
10 602524
30 700049
20 920463
1 6722908
6 9054516
5 8281820
4 6240085
7 1911850
20 927237
9 6042335
8 385648
8 9831871
2 410459
80 345079
80 89955
1 1472831
8 8633390
6 1338804
3 341419
6 100791
1 19108
5 232834
-1
4 2360099
600 52298
4 1196475
70 380074
4 7690364
1 2386739
3 8405235
2 6029921
8 2631036
7 8235965
2 119239
7 7000259
1 8389337
8 7537124
8 5979600
70 732733
40 153028
60 205095
6 3213097
7 9637645
-1
2 426407
2 9156478
6 7079739
9 140939
70 930513
9 6535050
70 201519
400 56155
2 6056591
9 7871729
20 30367
6 5963032
50 579248
7 8255573
4 4238097
5 8170811
10 635707
3 262099
70 739607
50 542461
5 7348272
6 560821
1 80281
10 47933
60 125726
9 2408869
4 7259949
100 93051
6 9448909
5 9679529
7 2516880
500 79526
2 4979105
10 928659
5 9240423
1 583432
60 8169
9 5450524
1 334675
1 7855233
8 203340
800 53473
4 4212292
6 1456607
1 1237097
1 107560
1 2758633
800 71956
2 1094137
3 976008
70 540045
5 1325597
20 76020
10 853004
9 8730451
4 1699026
50 5794
5 262654
4 9458754
5 7312061
1 381198
9 3292592
3 6006969
3 8683151
600 22289
7 6370006
1 5299253
30 207631
9 7224689
5 4081911
1 6970918
5 496210
2 430998
7 2769042
9 3816119
80 335431
3 202565
40 640349
9 5428505
5 429452
5 8658987
9 6880945
4 3802040
2 5478599
40 905033
5 1298808
3000 7481
6 5095965
4 5482022
6 3820698
40 313924
3 6197435
3 6940665
4 9438918
2 5950559
7 7030392
1 1350275
20 727039
6 5788008
60 24059
6 71613
2 8676569
9 6224995
50 705394
-1
500 32089
5 7705091
6 7108218
8 7003632
5 3708678
7 605021
7 563028
8 1529427
2 9505884
4 646787
3 5900133
1 848188
10 120643
900 33042
2 947611
9 2524060
-1
4 211081
3 4497702
1 2309063
5 5207964
3 1092463
8 5670292
9 1019434
70 558014
90 130902
6 8030597
9 3903583
1 3951567
6 606042
2 6481497
9 4380492
7 76092
6 2439034
4 5069
1 40027
8 4220287
4 6313195
8 461325
90 6370
7 8019985
1 8708973
1 4310849
4 5485651
20 551180
80 158059
5 4339451
600 60949
6 5920357
1 5537698
9 8669276
4 6064014
7 8945514
4 5109305
6 60060
3 400051
600 8081
50 48044
8000 9048
1 2144057
2 1477038
5 5671472
6 9060707
5 597097
6 622643
8 700064
4 901848
80 65998
6 3316249
9 80388
1 1303854
5 36436
3 2309311
7 5045741
5 1071499
2 5645796
1 5140091
1 405855
60 936709
1 5095848
7 1897665
30 50022
9 2472720
2 7706029
6 4426424
3 1501352
70 70690
8 68019
7 8173268
3 8504477
4 7063714
5 1311730
90 9562
2 6679772
30 55039
2 180682
6 7489647
8 409788
1 4277089
2 3512578
90 95024
6 5061873
30 300470
20 711072
1 7649511
20 505065
6 8210474
7 267378
8 7860650
9 2150994
5 5061786
4 1475833
4 3060638
6 6499726
4 977292
2 8535978
90 581085
2 203236
10 371480
4 7630772
4 9300950
4 910881
9 485782
1 106128
6 4636719
10 484228
9 9005433
60 29075
5 4097563
5 5406972
1 2490112
4 2851831
4 1918081
2 7451014
2 40058
1 1917605
6 6400836
100 85824
5 64277
1 4761911
1 2483367
6 495725
6 3226394
3 9647148
-1
6 3240043
1 9309938
3 2300030
1 6890455
4 5236226
10 722429
20 435237
6 20246
6 9526597
8 1692091
9 3900837
20 145351
6 8184796
4 990743
8 4380481
9 7103903
60 406063
200 65261
6 1048430
4 8362592
5 8810528
2 3094637
5 780326
4 2784104
6 6597577
7 903912
5 156226
4 1049299
2 2707331
5 469399
50 79
9 1131358
9 3267634
3 3795310
1 22036
6 527065
4 760958
5 7634127
7 9004834
4 2513516
7 2038892
3 6822010
6 4829733
1 6259923
9 4419405
6 9292723
3 2647916
60 200925
7 7977798
5 6206087
1 3521730
9 5581321
5 2659630
3 2977165
8 401344
3 900781
70 997020
40 190529
8 9514035
8 6180040
9 7800066
9 6445785
1 9320179
6 9046560
20 508270
6 5206037
9 7177308
9 9095141
4 6900860
8 5000597
3 6775249
5 6575425
10 478468
90 640052
500 2937
5 1028959
70 978028
7 3005061
7 1386093
10 775882
10 40922
6 8423961
7 302036
7 6394487
30 84750
5 5601292
1 1780208
7 9736423
5 4033074
5 6855411
60 720328
8 8580470
7 6259014
4 2051634
6 3933441
9 385583
7 1437017
8 8024045
10 357407
2 313007
4 380665
3 7090958
4 500929
5 2068135
90 622191
7 529492
6 9042490
9 1430026
20 804306
1 9010576
7 3559178
4 7304486
4 4248212
80 107068
1 573801
5 6650618
6 1863131
5 9686923
7 367506
2 5450831
1 2080525
1 9060225
9 4016112
2 9280291
4 2483605
90 300723
500 82424
5 7261454
6 6530434
2 2507207
9 3243674
1 3069043
6 7019392
1 5510830
3 3007297
7 3603437
1 801439
9 1106602
8 5961780
3 44602
3 7050131
6 9006934
700 4260
-1
4 9810279
40 8171
9 739646
7 3861756
9 3779687
6 366581
10 503068
3 6541945
6 95829
4 743054
5 8009442
2 805254
5 9307177
4 6294282
5 6080917
7 983432
3 5481857
30 330801
1 9760804
9 3061377
8 5990424
5 9541
5 3286666
60 568803
1 7803217
1 1934240
-1
6 1391594
3 4048712
1 3537253
2 3000597
50 40056
20 265305
2 8506272
6 6353315
2 4290289
90 631997
7 305099
6 708992
9 1983392
7 6908309
9 630074
40 16647
5 8187098
5 3689975
-1
3 2000878
90 80924
6 560005
3 109016
1 664144
3 3253958
4 3032093
600 47218
6 361227
1 8545460
1 95014
6 3062856
5 266803
2 6256961
2 610876
1 4532254
8 2750032
8 38275
9 1100279
4 9294387
20 20672
4 4450188
40 901956
20 55042
1 6044594
80 300868
600 21494
7 803646
9 4168086
80 357465
90 952880
90 980057
7 58998
6 4892136
1 695109
6 1734491
3 1469025
3 4404082
8 9006791
6 1993561
90 350241
3 610177
3 7560602
8 9015578
5 9952023
7 6009677
20 860029
1 8141638
5 8265505
6 3868688
2 1810021
3 7369150
600 84073
60 400011
-1
-1
4 703432
7 4515472
2 6401622
4 9203041
6 1076786
5 4152401
9 3060823
30 282166
8 3120097
5 4308830
7 707332
5 7543524
50 800077
10 456059
30 604579
10 10803
40 14614
3 5185665
3 5580387
20 90395
7 1612055
7 8510062
60 991956
9 881195
5 8060676
4 4244957
8 7953030
7 6748183
8 2770091
7 2483824
6 7259375
1 7182403
9 4600106
3 4960974
9 7420751
5 101535
4 4473801
90 12689
7 7030319
6 9163059
5 9604089
4 8696527
30 209848
2 6467900
9 422066
9 940438
1 365311
2 3111359
80 391020
1 1035079
9 8305067
6 1193471
8 1190190
9 484960
2 1760083
8 4860660
80 580818
-1
5 42431
200 88183
1 9669540
3 943003
60 97010
60 508083
7 1500375
7 4658242
8 105484
30 931938
7 8848996
8 8654362
5 2041464
2 8081245
9 6815221
4 2764004
40 6067
20 700456
50 204156
4 5171625
7 6265315
6 7014173
2 5005024
2 6145402
4 3961444
50 83
4 990631
5 9941146
9 317983
5 4396319
6 2347081
2 1893030
3 6301068
8 7961241
30 63059
9 9359786
1 6490230
2 7991941
4 1565425
-1
5 6913021
9 822452
40 660086
2 2421824
70 810317
1 6731002
80 508087
5 187429
5 5091306
9 102764
4 2335801
6 2197289
4 878685
5 10085
6 9601622
8 4201402
30 9813
3 4129099
-1
7 3258544
5 8115455
9 3923012
8 5004705
2 325560
7 7667693
8 1441069
4 1828521
3 2349251
3 4
5 1960053
3 2093585
9 9650760
1 8400505
4 6813739
6 8860005
7 305080
6 8914610
10 85233
6 4507131
70 185368
5 459801
600 60363
9 1273052
7 472434
3 980171
40 100568
1 1563713
1 5731995
9 306050
6 7830640
2 8602845
30 378113
4 4400850
7 119045
8 6868067
2 1530298
9 8020200
80 231142
5 9790146
1 1010057
200 87076
50 107625
30 170740
10 536760
2 4010174
5 5699336
4 9708295
8 2285309
30 595807
6 5022222
3 3757856
40 663873
90 753039
40 60025
4 3446925
5 2230680
1 8962571
400 60050
9 4707012
6 7910480
7 5011496
7 1025307
200 37763
1 1303056
4 6640423
9 8446309
50 69119
9 9346697
60 602722
400 45963
9 547484
2 4617541
6 9721522
9 8305528
1 7757654
2 5094270
4 7640028
7 4425882
60 835823
2 45777
1 6600498
4 2997048
5 1385754
8 9010287
7 927478
60 200985
4 2049526
3 855642
1 7023609
5 2183087
1 508855
4 1010096
8 883012
9 2311356
30 694060
1 8194694
7 267037
9 500888
500 70063
6 390003
30 563299
5 5385980
2 7700414
1 8788232
4 1052182
9 7202036
90 774187
8 8510912
600 74771
1 3275013
9 3720162
10 65495
1 673234
3 9960340
5 5745019
2 699018
1 9450042
5 3090031
1 1009386
7 254757
9 7381697
5 2019862
2 4910699
-1
1 9697179
7 975612
9 1185347
1 8414702
70 903398
7 219049
20 410766
100 52687
-1
6 8144706
3 72
5 3739077
3 5505028
6 6427100
6 6527049
3 2292363
60 776533
-1
5 1709666
4 1020397
5 1031042
7 2265058
9 1785905
6 5011854
40 6177
6 8720848
3 6868147
500 2885
9 4120349
8 7201511
9 2264047
5 3848273
6 48070
7 1269082
900 8314
5 172004
2 3940412
7 8509507
1 1373047
4 9276082
4 9348576
100 63142
50 778297
8 3348340
60 906455
1 2013023
7 6876809
5 8309480
10 206781
2 570584
1 669069
10 84209
2 8057113
8 1202223
3 856323
4 2092815
1 8608446
400 31004
3 1900722
7 5240634
-1
4 895805
90 3361
6 5184573
3 1450036
4 5450125
4 7240
1 1736940
5 9639009
30 5534
9 30674
5 7380033
3 6425459
5 388207
9 728514
7 734032
7 4921075
6 1751213
8 4120629
1 9525317
50 934526
2 1685504
8 2028793
70 356437
900 62307
2 8083575
1 210150
7 4160283
3 3002588
9 1137225
60 359144
10 905440
3 5648602
90 233106
2 8414749
8 2122502
1 72246
1 936270
8 105095
5 8202002
3 2430944
90 617538
4 6572604
5 665318
1 3855753
1 3003652
5 4333865
3 4226624
6 2823939
600 3753
1 7199139
2 1571057
2 6500941
8 9506631
1 2027492
30 341703
3 3100544
8 5006539
80 460014
2 4813945
30 65144
9 9050208
4 4709353
9 1559474
4000 4470
60 500915
2 787470
2 1465696
9 4218181
30 802651
5 8536845
3 544702
6 6449132
8 7990046
3 1449402
2 8680157
70 379310
6 191914
800 92071
8 2405905
9 4196313
8 9199630
20 189947
4 43021
9 45576
9 5408338
600 13376
9 4087768
5 7579581
5 40793
3 9120269
8 366908
9 7086995
6 1828419
3 5607960
80 80441
6 415730
1 8501060
9 4498527
3 1078786
4 290286
8 565030
5 3926561
1 5870026
7 6503151
3 3540767
4 3323588
6 1109077
300 2386
2 346019
3 7872057
2 4413219
20 11260
6 3645573
3 6814369
8 3171593
700 60560
80 985437
90 100037
40 800607
6 1746378
3 4860538
3 8736963
10 3359
4 7056066
1 2056346
90 84795
90 244074
3 8004110
3 5006131
70 378099
9 8190049
6 611730
3 10529
20 60953
2 6457570
8 1008236
50 7095
1 9226819
1 8570450
9 2895077
7 2000025
3 8947
20 7948
700 41255
80 741892
4 9002443
3 9172947
5 4223221
6 9044569
9 5582451
90 402994
1 7118610
9 4081183
90 132701
1 3598623
5 4308994
6 8235921
-1
4 5550280
70 491441
50 895814
9 8880669
8 53048
3 907720
1 7549385
5 8357420
4 8541602
40 244666
6 4316582
8 9353371
8 6203067
500 1430
9 5117109
2 57049
1 6003988
3 1440140
5 1040848
5 696195
6 5474679
2 1827309
1 9207474
7 8091449
8 5984361
5 5440837
9 1246096
3 8004822
8 960828
80 500070
60 800051
700 55621
8 5669023
40 620490
9 35037
5 9058839
1 8005871
6 771625
4 7007229
80 264848
9 952241
3 9218171
6 4715901
8 3786143
7 8300723
3 5974559
6 4684574
8 7951911
4 8221030
9 469737
5 2740281
70 280317
6 372471
6 9770914
3 4500340
5 8076973
3 8451712
1 5014403
3 5376164
300 915
1 5481967
50 87486
2 5588933
5 1390278
8 6765897
30 703791
8000 8084
5 3005798
5 4558218
4 1041048
30 360434
3 4310845
2 6484002
3 6006080
20 11018
3 4693240
1 5010454
9 3407029
5 8017565
4 600702
60 107057
6 6175751
2 6800022
1 4586566
6 888693
7 8539879
30 241820
3 7173114
4 904092
1 4329336
7 2707093
1 4780839
7 4805176
1 1601336
5 4188725
8 493693
1 1030615
5 5088926
40 857966
6 9424055
9 247170
400 30469
6 4565686
9 104086
8 1006709
7 5525497
1 1845249
4 149553
2 8091812
6 1880337
6 8401479
3 1433058
2 1356665
4 2682673
5 9536974
4 4304328
4 3553425
6 618327
8 5709687
4 161320
2 583748
8 7767993
1 4605556
9 4023593
6 4219730
9 18402
3 8385060
7 2093584
9 72580
90 389145
3 3060849
9 4481748
9 4623128
1 8409462
9 2028
5 103070
1 7357157
6 5050825
7 5772893
8 931073
3 2706396
7 9060597
1 4511855
10 597316
5 2252327
8 6133380
4 111573
4 1061033
5 45
1 4338594
3 709843
5 7362126
40 864588
4 5682936
2 734457
1 6590017
10 739430
40 42033
9 7195676
-1
7 978452
4 5961659
6 9205003
-1
9 4729661
7 968773
7 4802023
4 6229087
8 63041
60 230038
-1
30 150995
9 4790979
800 52481
9 2509702
90 88087
8 1088953
3 5827070
5 8994631
6 3057085
800 40292
50 862472
60 305738
70 69952
40 908677
1 2054295
3 3557958
60 867706
8 6075075
7 4656096
6 723657
400 984
8 3509235
7 2413892
6 3351056
1 6813730
30 911566
8 874425
7 5772886
3 61
1 8007375
80 827487
5 4246681
60 25126
700 70045
50 514104
100 1723
2 7270268
6 39433
8 6005467
70 405254
8 2851760
9 302542
1 6663307
2 4038185
2 684
9 7087828
1 6846062
7 9505836
60 269431
6 5710692
8 6122724
7 80032
-1
7 1154759
5 6971732
2 5109514
5 604185
2 4279193
9 8460918
2 8482723
4 3579274
2 76
7 29
50 4062
4 206036
4 8885004
9 6131182
9 9206566
20 750459
50 360326
8 88790
6 2970978
4 8045919
4 7926507
4 6097405
5 2080916
4 300586
50 508587
2 683150
60 60773
3 9767792
9 2783006
7 3102062
9 557019
3 3470036
-1
9 9172616
2 5653725
2 108459
6 8484994
20 541388
4 6081310
2 8918673
8 1011070
6 979086
1 5086245
30 550249
1 9173411
8 2613414
8 2178028
8 3548885
9 2556545
1 79830
7 8154619
9 7293084
1 2233868
3 53977
4 3974674
9 4071893
4 500535
2 8207199
9 1996816
3 4896855
6 2794851
5 5053027
6 948700
1 7344921
2 3769096
6 1052
3 8880520
8 725542
3 61607
4 1342649
4 3506
4 2016130
8 9894619
5 8873561
1 2730033
900 17138
9 2930906
4 8411573
2 2562710
7 2633497
8 3387023
2 3870044
300 29663
5 5640651
4 5003244
1 8972497
90 10949
80 84044
40 940035
300 88167
8 3261782
5 3180642
50 14771
9 2522836
-1
4 3558581
1 3568667
9 301762
8 7881507
8 9961848
700 7054
1 8706069
7 6053632
2 5446897
1 5690486
3 811011
5 6281721
800 70704
3 330270
30 99625
5 6594358
1 3205923
3 9907089
9 155840
1 9831225
4 3927004
1 6000827
700 17841
7 2094082
9 3553269
9 3653390
5 8003373
7 4060453
8 1557717
5 9906
4 7409214
60 196816
70 320058
90 62067
6 1101087
1 9104535
-1
3 2869048
800 40826
9 700971
80 94560
6 146028
5 8402715
8 3029930
8 9619024
30 653113
3 678160
6 5002981
4 1208834
400 23556
6 4070208
2 3216802
6 9152546
60 202644
70 40010
5 6708704
8 440871
7 5350461
10 29
3 768033
2 8033876
5 170044
1 935644
4 47633
-1
3 6805176
6 6848026
7 325060
9 9051900
7 4662317
9 7824377
30 234089
9 7407128
700 25101
9 9198749
90 52639
20 442331
9 2010083
9 2621758
5 1806459
6 6642036
2 6208583
4 1277224
8 5044398
6 5700091
5 600085
4 3153578
2 900
2 3484461
6 8521252
8 7949529
6 9952667
200 4023
1 997733
10 55012
5 9196186
1 9940436
2 6002394
60 809378
1 4500286
4 6177006
8 6799043
-1
9 6871360
30 20072
9 7231612
5 4674761
6 8400950
1 2561781
1 7660377
3 604062
-1
7 6266985
5 7450255
1 3016689
3 7397062
6 4801330
3 8180570
700 85778
40 203622
8 2543256
5 4937140
60 6064
5 6780033
8 3503548
10 980462
8 9440109
6 5943383
1 3927684
2 400072
8 814380
9 6560090
7 9250827
20 102965
6 1758382
1 6592620
5 7483025
70 33583
2 8020103
40 90332
2 648277
2 1057049
9 7630063
5 7031021
2 36014
5 5646054
4 709024
5 9097068
6 720978
1 8535506
900 66040
6 8401656
4 5768692
60 158832
20 104510
8 2560850
2 8896590
2 84536
5 4058829
8 2933456
40 558784
500 63027
900 83744
2 1009679
9 4229340
6 7198572
800 73004
3 9731983
7 906601
6 7556101
9 5963456
5 6637049
4 3281954
5 8909635
80 73073
9 580052
5 138984
7 3672339
50 110832
5 9216038
3 7277791
20 617479
800 45071
7 4584303
1 3058891
8 29776
6 4031506
90 640068
-1
7 5648174
6 5220821
1 5200364
20 909681
2 8121650
3 4690206
1 8003740
8 1974021
80 28483
8 2481048
2 9214969
9 8192169
2 338315
2 5043212
60 700322
7 5107004
3 6241541
6 1030084
-1
1 2001036
60 601227
400 6087
1 9875161
-1
40 864581
60 194139
60 909114
60 604646
9 9442600
2 3929371
3 714840
9 144415
9 5316637
60 506038
70 739694
40 419014
9 7343902
1 3199354
2 3104842
3 7804702
9 4030968
600 30048
2 3000089
8 608093
60 48494
1 6966640
30 302371
10 949024
6 1658245
9 6930083
5 5003010
2 2776286
50 251518
9 57807
1 3020089
4 99451
1 516512
7 8830601
2 7090773
800 3244
4 5203464
9 411028
6 540872
4 5014033
2 52079
30 709579
6 6684788
20 570802
8 6414376
1 7205037
5 300525
3 4931376
5 7622904
-1
2 946826
7 1611740
100 10065
3 9557458
1 3912846
4 2537546
100 24062
4 2600087
4 2234815
200 50068
9 8608920
10 205091
2 5072210
1 1839599
4 7607951
7 6040735
6 8236724
1 830321
10 987318
20 705825
50 508310
3 3378023
8 2843137
4 2504041
6000 8999
4 9452568
4 7937948
1 6577608
6 6006001
3 4814688
4 5781341
6 8405636
4 421803
70 528554
8 4787217
3 30674
4 720694
9 8299589
50 62875
9 2605633
9 2457163
9 607433
7 6783003
2 4180131
4 3574003
3 4100848
7 911930
-1
2 2954370
6 6603071
4 400023
1 5173091
3 7133471
5 3335247
8 5004110
6 8788860
3 8281098
3 9453650
-1
5 1126335
6 9855187
6 707654
20 812501
3 4007048
3 9137255
1 5032015
3 1605207
6 192052
90 90413
9 9461128
300 55865
1 4916435
8 900458
2 8305559
1 205085
60 670944
8 4510897
2 1130561
5 6856889
4 6706943
2 311256
8 1800058
80 507048
6 9741856
5 8561096
9 7370274
4 3024802
7 64071
1 3404125
40 635876
3 9308925
8 370388
4 3885124
8 7712526
600 84745
5 660172
5 5435875
5 9296028
2 1038901
1 9978849
8 3751215
700 34806
4 7302998
1 5490435
200 61649
6 87070
3 570717
2 160003
4 5122100
1 4868502
5 722470
4 200145
6 2211901
3 2230348
500 56185
5 6628233
8 6111176
9 1618865
3000 6709
4 632386
400 26317
4 8794264
7 7255240
5 6431784
4 424
8 5366294
40 260990
6 9000743
4 2447600
800 70900
90 1105
3 5565112
2 648944
4 4842712
7 3864711
2 3591700
10 25843
2 9800385
2 245102
2 989766
40 179160
2 2315742
-1
2 1629361
9 2088748
400 29072
6 5514919
9 1814137
4 9486006
9 8002070
50 218422
9 8186857
400 67844
5 1273960
4 2803645
9 2483592
70 544647
1 1680242
7 838813
5 4642610
9 3505353
-1
80 13687
6 2370072
5 2008560
4 1106525
50 109940
4 30092
2 3941874
3 8550009
2 8572031
7 9264119
2 130740
1 4011292
2 1184245
40 643402
7 5027110
3 5859070
3 5872331
8 7605037
2 9201979
6 7373716
5 9909992
4 4007100
90 717510
3 2085325
7 1554809
50 408042
2 3269164
40 56953
6 4979032
1 8383685
9 5758501
5 1829788
4 207325
4 9483575
9 473753
8 5152544
70 804161
3 3422421
3 4882654
7 8370364
4 7202894
2 7360103
9 3888654
50 20055
4 5775258
6 3727391
3 801080
6 950339
7 90109
9 7646519
5 9801932
9 822
4 3950323
4 384283
4 4307735
6 4438982
7 84453
9 7009418
9 5459003
3 2090054
5 7720026
4 3837732
6 8634505
6 71655
3 806947
4 5795786
2 8005961
700 94842
3 9237526
6 7820478
9 7404395
3 1488073
2 5687872
7 5803597
50 850972
6 3830840
9 296486
70 533910
5 4109088
8 1128733
500 60286
900 5843
8 6066324
5 240241
1 7900118
8 2373581
8 2506136
9 7106509
7 980230
3 7829241
5 106345
7 1092152
4 5654961
6 572073
5 596957
800 50433
6 9007006
2 3507890
1 6517238
1 5507002
30 794916
-1
400 38928
5 4924430
10 74061
7 6002731
70 693292
800 97056
20 465759
2 5349010
60 97854
6 628209
80 197742
5 532369
1000 3182
70 400229
2 2632845
7 1057699
4 9638187
5 865
-1
60 809715
2 4445439
1 8058848
60 500382
7 1274302
10 70612
7 3009054
200 3103
4 306453
8 7477270
8 12096
5 9910069
4 9281564
90 2335
5 8000076
6 8001005
4 3631784
5 6797505
20 26520
4 8007081
8 3609021
9 4902342
1 7469356
5 8004846
1 587285
3000 3452
-1
9 9706591
6 7338811
8 8036625
6 474138
2 5644591
40 677634
500 40368
5 9050619
10 469164
40 63
-1
20 849031
3 42102
10 770968
5 8107076
1 3369482
1 4614236
400 6901
1 6484634
1 1893142
8 822969
7 8212918
7 2368498
70 527480
3 4048063
7 2002501
50 241
8 1186529
3 505325
7 500021
2 1589
50 952465
1 1393883
9 3904239
4 8480682
7 9358697
1 1390873
-1
5 7655285
90 400361
5 7595807
9 8941167
8 7174471
3 603320
6 71365
2 3835095
2 2937734
30 203245
2 9207243
7 2043912
4 3888699
6 4749497
20 505890
2 6908955
8 1802090
8 186012
10 572036
3 3783607
3 7060602
1 7632502
50 968478
7 7353337
9 7146076
7 8562045
3 3982995
7 1443428
4 2261542
5 140577
9 1943462
1 7632604
8 805071
2 9030230
60 355419
7 610450
9 7813294
2 6302349
1 3710418
6 7575205
5 6909048
8 6917336
5 289141
8 100060
1 7604833
7 9930887
5 5904429
5 1401592
2 807579
60 816734
2 8406121
8 903132
20 435229
2 2871512
6 3723109
5 7952906
-1
4 6600210
6 8748495
8 2712243
1 7120449
1 7078007
3 3944493
6 5378613
2 8390097
2 3056829
9 6032641
4 7838468
9 7970949
9 1548384
2 1109998
90 580081
800 83401
8 200022
90 58048
5 1299819
4 4684011
8 9897292
60 97067
9 3907754
4 75200
7 2057735
5 79566
7 690475
4 9714609
2 50225
10 842573
5 8665816
2 7571430
4 6437133
3 486823
9 1008951
6 17870
6 9758535
1 8676448
7 2257908
7 309358
40 690005
50 126354
8 4930059
3 9605033
7 4027467
2 4040295
9 5160919
9 2607087
7 1404996
4 3310504
8 8072634
6 9701209
1000 6282
5 5243936
8 6929096
8 5710176
9 9127679
5 92
4 5625581
7 7591930
300 58819
20 56521
2 1812194
6 7432129
6 8100019
500 3232
1 744805
4 7005312
5 390266
2 4340176
1 220372
9 5008601
8 3114987
8 6032350
6 2237599
8 4007076
3 8856670
8 6507206
9 5364540
40 30073
7 4136044
20 291334
6 6333172
70 879374
60 946248
90 942096
7 3700409
6 6504583
9 6904212
6 1580848
-1
1 9358339
10 90545
4 8009927
6 8041198
30 685075
50 86768
-1
10 688478
1 5001029
6 13
2 1324649
7 2011770
5 9576745
6 8546650
80 882580
3 418649
2 7097580
8 887958
30 303238
6 2202022
7 142899
8 3091440
2 414390
1 5109164
6 3643976
6 4892051
6 904885
9 8302962
2 3583620
1 7160619
8 1635741
6 3684632
4 9007292
8 292930
3 8709696
7 5111401
6 3364893
40 38400
2 8290572
5 3604166
3 627989
2 7080026
50 904203
1 572274
8 8080033
4 2807523
6 3208541
60 470088
3 2425764
80 279694
50 14139
20 400469
8 9021482
8 8000131
9 1883210
5 6016099
1 2005177
9 4298095
9 2878470
3 2411503
4 6919875
5 231621
4 8200999
9 1275038
6 430750
3 7424257
9 7101491
6 4340102
4 9039074
2 6252755
4 72081
10 459469
4 80637
2 1925553
10 73054
8 96058
6 4076440
4 1401222
3 9584117
8 3039035
8 7415495
3 8606913
200 9649
5 6710873
1 30066
80 88819
80 460021
-1
8 2860185
90 677881
8 2042927
4 12299
6 4000622
1 6473557
5 1270076
1 30313
10 903025
9 7683757
1 4481093
70 537046
20 276087
9 3808664
600 78373
7 389485
2 50471
5 7394290
90 38717
8 833063
1 6588682
3 3046003
60 70029
3 9017090
40 10021
2 8397
90 123667
5 3543581
3 4034129
7 6508322
7 3750704
7 729082
4 4050442
4 5009007
3 6417325
2 2248946
40 55056
2 960594
1 37168
80 157611
8 2730084
6 463180
9 1909933
3 3204214
1 6402621
7 1963538
6 2410435
5 9260926
1 2318171
7 2778301
1 223060
7 4170797
-1
1 2560853
9 565718
7 1083794
2 3314400
8 3773495
1 654151
2 4022704
8 7854942
7 5227667
7 6162237
40 620346
-1
1 9227051
6 1414962
2 206714
70 892619
8 4023180
1 1508624
90 734937
6 1018590
9 1057094
20 90713
2 70402
8 8636407
8 9390951
6 7244061
2 1413030
3 905064
9 490846
5 927085
2 864068
400 6001
4 6936768
6 9182663
50 732841
3 2106220
4 9300429
1 4625735
2 6390067
8 830895
6 8280409
40 84004
2 5990729
4 7983940
5 289680
6 4306285
6 5095661
7 488880
8 322054
7 6860410
40 311031
3 2600506
1 5272884
7 8773923
8 1391506
90 519035
7 4050077
6 8077082
2 5074553
6 901004
1 843868
2 7654553
7 8538610
1 374695
4 9583472
2 7629440
2 5369562
2000 2976
2 7170559
6 4675081
5 3390908
6 5027329
9 1908832
7 305097
9 3467512
6 3960933
10 168756
4 2082622
4 8179788
-1
3 4068
2 4940972
9 91079
6 3718016
80 756470
7 3205980
9 3880760
2 8810372
9 3680727
5 8840319
9 972063
4 66643
7 507350
7 2452224
6 2382277
7 6798794
3 5012751
2 4776033
5 9863823
5 1380788
6 1801082
7 7350038
7 8500547
3 4810132
4 1101204
1 4953194
6 735772
8 6266371
800 70025
5 7047869
8 9187027
3 2010944
4 2392760
40 249212
2 8081005
7 6727912
8 1671650
80 762230
2 5098910
2 3000335
2 9890154
100 20633
70 573724
6 40631
6 30738
1 740261
2 8026041
40 440591
3 6089020
7 4060882
-1
7 5880015
90 567006
2 1139609
1 6597060
6 5028473
7 391814
1 56876
8 51
2 7902729
3 8663367
3 7036001
7 7490202
3 928044
1 7619603
20 375214
5 7809766
5 5306821
700 8967
2 7555410
7 7845505
4 1504294
3 2094611
5 1157366
2 4002374
40 8757
90 643157
10 284133
5 1330324
4 3605979
6 8094386
1 155282
9 175895
9 6843707
400 83991
5 261312
3 8956760
2 5239551
40 162365
3 2679038
1 9049410
50 654100
3 5957640
30 645023
70 60574
60 534879
4 1212714
1 433344
6 207026
30 183014
6 6703920
9 8859403
1 2721529
30 720208
4 4837943
30 345172
6 4225038
3 9786834
70 711934
1 6838539
30 328457
8 1406462
8 806920
1 4063083
90 904333
3 60788
500 7114
3 5696330
1 76013
9 980372
3 109160
6 2083990
3 3118057
7 20082
90 452046
8 8090165
5 610059
6 7993224
70 3897
70 712699
7 65799
6 1030900
5 4365285
4 4000653
50 363117
3 6545190
9 600298
4 4709636
4 8832396
4 515614
1 1078532
1 2530862
5 6390384
3 8506452
6 9558592
5 6927880
-1
-1
70 260493
9 52613
8 6644705
400 32304
90 13389
8 9724673
4 9561623
3 1059871
9 7204849
8 1203179
7 606464
5 850
1 8926115
1 7570975
10 844541
1 3362166
7 1170079
2 3896996
1 5209882
3 5412353
5 2090469
4 7173573
3 780306
1 6366057
8 1361154
8 3297676
1 7456138
6 5988
1 650241
2 9758689
8 4272
3 9389086
8 7966492
2 3677562
2 4051296
40 723915
4 6345354
1 9495954
40 277937
-1
6 6457314
4 7935488
2 4739285
5 5488077
4 1300551
-1
3 6300838
2 1934043
8 7074162
4 1058786
6 2437612
-1
70 368278
50 526566
500 79885
4 4710980
7 4510389
7 7894995
70 257912
1 9701090
3 6523356
7 5497392
5 5040809
3 1400085
60 307067
7 4190231
7 118842
9 492848
5 3400791
7 9143982
3 7432028
7 2350172
6 7883339
10 120103
1 9868415
7 507463
7 956623
9 1505868
5 710027
7 9846888
7 407777
1 5730084
2 7596004
7 4213028
3 1235091
8 2008130
9 7606051
1 6212383
90 72620
8 9110729
2 7085792
10 591571
5 4608188
3 7250049
7 8507936
9 3459120
9 4036262
8 1899103
1 5697786
3 3153916
7 8677711
2 5838001
7 6939054
7 6957723
50 803460
6 1252311
-1
5 6904380
5 1392226
3 8871179
7 5199171
6 1657888
8 72999
40 205997
5 720016
2 6945464
3 5288123
800 50095
10 73458
6 9359650
5 7293028
1 4283607
5 2000075
400 24496
80 406553
1 8898237
5 2922842
2 7690068
4 593945
2 5180072
7 8552580
7 4973691
6 777075
5 2757636
10 400370
2 3150390
7 9511135
7 793883
2 4031
1 1000920
9 1875972
7 3009926
8 5893966
70 28284
7 1194298
9 340461
5 4312590
7 7202860
5 8230157
9 8262041
1 6071528
20 380725
9 5212271
2 6077605
2 6400028
2 9133608
7 8548972
9 2138357
2 193450
9 91650
1 77874
2 2147245
60 147709
30 812593
4 115530
1 701029
8 6970003
8 3570544
8 3024866
4 5095883
5 9003720
1 134392
1 4598883
6 82934
30 76
8 78942
9 6592667
2 833077
5 2003918
3 6333300
6 2001455
10 397824
9 6878670
6 4598069
2 6123739
2 1982719
2 1077496
70 759
3 3496291
2 9688489
6 5437632
5 680327
700 40075
10 261334
50 405482
1 7980994
4 1089726
4 8090002
3 1240043
3 2030668
9 5350302
50 2481
6 3042087
8 8728037
7 9605025
6 911091
5 6
6 5849153
4 4375007
2 2366042
5 3008804
8 1348949
7 3912687
7 680569
6 2016964
6 1977843
1 5745597
9 9150010
8 345856
4 7493614
3 6471082
1 462572
7 1454089
2 1160044
4 900116
3 2360889
1 7086596
50 73093
5 7005904
8 9611090
2 5412379
4 8025195
9 3327506
6 4759551
1 302339
2 2363053
8 6342759
90 5842
3 808298
6 6879452
7 8086952
-1
3 8084072
9 4026553
1 1350183
90 508177
1 4316851
9 8202737
8 2875057
3 1500980
3 6162446
90 110986
6 8707338
6 5420824
4 6302375
80 785060
-1
9 5910604
4000 7098
2 6060426
2 4966384
4 4497086
1 6716189
7 8402041
7 1370526
2 5359184
8 4383433
4 2501783
8 1939134
2 8602105
4 6016421
3 3909651
4 8241074
7 1689860
6 2854098
9 7705792
4 5
9 5755171
6 909041
50 103927
7 7315298
60 774885
1 1651574
5 7818742
6 8105463
2 2146868
80 841979
7 9291685
4 8207841
5 9389474
8 1228969
4 5821336
2 730941
20 640072
-1
2 3296305
3 4440135
5 4024075
50 839602
3 4580522
2 634888
9 6662447
1 230061
9 558092
100 60669
7 4006505
6 6954038
2 9332436
3 2463816
300 55874
7 9927817
3 5200069
1 3343293
9 5652380
6 8300999
7 9350329
2 1131040
-1
200 1043
9 9482765
1 5251332
3 3053971
8 5771979
5 7306847
10 890069
1 1087139
60 1783
1 4682466
8 7477813
7 9694603
8 6431663
9 9823332
8 5983272
3 4713738
2000 4824
4 4047078
7 9119396
8 9206428
3 1715791
2 6714967
10 353
1 7026035
70 360463
4 7864582
5 7062881
60 670123
3 1257537
90 68098
9 7156776
7 98091
1 6029647
7 7071014
7 8276190
8 8710852
6 7103004
60 30958
5 3266683
6 9094440
50 803570
90 172206
3 387073
6 2809110
1 6200000
50 941469
2 2162240
8 6537748
40 141004
8 5022724
6 405
5 9880429
2 6667538
3 2818995
4 530478
1 65834
100 46051
6 1625906
7 3930293
8 5446750
500 17656
10 25982
9 204868
7 7028216
90 552306
4 8000187
700 71895
3 4212805
4 6734724
3 4230698
5 5835880
6 7303977
7 3874362
1 5007920
1 3755584
2 4956698
5 7002034
2 5198671
2 325693
9 3306014
5 8728249
1 2008403
1 8446750
9 1583441
4 702062
3 3295246
4 48456
80 206315
70 201851
-1
9 2806994
600 8075
7 7991456
6 5620530
1 8676719
70 800013
4 6012880
9 8043429
3 5407632
2 616170
4 5523609
3 2820516
5 3136465
7 100764
300 30923
9 5014668
6 6983531
1 180866
7 8015054
1 8091488
1 4952782
7 5064909
5 747564
2 8839783
3 1345579
8 3057222
60 970636
3 5102020
9 5230717
70 52504
8 9006928
7 5032032
5 1004766
4 2860805
90 130114
7 6206925
1 6574322
60 600974
6 5427411
6 3829484
7 302539
6 533706
3 4703627
8 475058
5 8749566
5 500066
2 5987445
1 8015426
80 560331
7 30424
4 7303580
2 7063083
90 863578
4 9081478
4 4558700
5 405102
10 909696
40 128363
3 6090149
5 3600773
6 4047485
8 26106
2 2537709
5 390
8 4570243
5 1141567
9 9653548
1 3666296
6 6210819
8 344838
3 4379018
1 9840944
900 12977
1 7105750
1 9331393
9 9154047
1 28
3 3685788
60 104501
7 8780052
4 2386076
2 938685
9 7715260
1 3383217
1 4656015
7 267845
4 99477
2 30805
1 5806022
2 3167054
4 1307266
40 800025
3 1127165
1 6888895
7 1000060
3 744936
2 2759926
80 51041
3 8512685
1000 1445
4 860365
60 210248
40 96003
9 1549141
2 1790113
4 8480651
40 602739
8 4060062
2 3079068
8 5345741
9 7239399
1 5299076
6 42363
9 1808614
6 8577288
2 8001073
2 8033549
90 439290
700 10028
4 45831
7 92896
2 5728972
5 7217726
1 3452147
3 7628311
7 110003
9 6750734
9 7557544
7 9926303
9 538813
5 5315615
2 2476051
9 9002713
6 4379496
400 42068
500 29614
60 648519
6 5606709
1 87882
900 60955
1 3935376
9 596835
10 468065
6 3019950
3 979056
3 6939427
8 4074276
8 210278
-1
90 160039
3 5659623
5 9742840
2 9009470
300 91042
6 4270064
3 60422
8 753086
90 76901
7 9336142
6 6468592
10 521776
9 9070988
8 2647412
9 5505803
6 2258460
2 273463
3 235985
60 731
3 9566241
70 602078
3 9022201
5 5704714
5 352576
4 8932
90 300512
1 2300980
7 9067073
4 3605129
3 6292087
1 4992463
8 6310847
9 1336357
6 403
2 8525525
3 7554118
7 3070004
8 1020660
40 550261
9 790985
6 1069082
5 550209
2 5428968
8 5541927
4 6106699
4 90613
60 9190
5 4800644
8 6200890
1 5001570
5 470927
40 300797
6 5378702
80 49196
6 4868037
4 4846274
-1
4 700848
3 1031489
8 6634247
1 6606771
1 7300144
9 6978601
5 4852215
3 182911
30 880890
2 826524
80 31972
8 7366855
3 7603832
70 971825
5 5967
60 150670
3 6220483
30 929403
1 4670827
-1
20 75206
9 7600203
3 3644585
10 3409
8 8898960
4 507538
8 3197498
5 2033513
4 1062030
-1
9 9004664
3 3451892
6 7207488
9 2885141
8 6980444
8 8250065
3 8963169
2 7854676
3 4701154
3 2821275
1 6240672
3 8537841
4 4567370
2 2091970
-1
70 428028
70 821139
5 7034016
-1
70 9020
1 5203144
400 41687
5 290042
2 605194
4 6363575
10 74807
9 985130
6 2040910
2 8007726
3 9480058
2 4212259
4 405837
7 7242095
3 6641761
8 400316
9 6395429
60 702213
8 1108510
900 80043
5 6282142
800 81960
50 156245
8 3062378
8 6139956
50 3385
8 3009021
9 5324012
2 9764496
7 5574972
4 3239805
2 7199834
1 275512
4 626360
1 4480005
500 45586
3 8502067
4 6571903
2 561176
2 7618899
20 547904
-1
20 490096
7 9552834
6 2041050
4 9917384
2 6722115
8 833979
6 31906
4 2212142
6 5006061
5 92502
6 5980564
8 502044
100 74038
50 240619
7 7275814
80 559029
600 1250
50 719528
9 9115605
70 462
10 840043
4 790580
5 690076
6 7478335
3 20040
800 85535
5 9017208
9 4792932
6 170561
8 6897408
5 2653810
2 4656406
7 263119
3 456725
20 329959
7 9613994
1 523081
6 67152
-1
800 1931
4 8523610
3 5085390
3 9200125
60 661590
1 7570674
3 7726
4 1020772
9 128844
9 8347051
6 5603529
4 6807712
4 7938790
9 56807
8 1132933
700 37962
1 4004320
8 6940142
9 2068327
2 705685
9 843
7 129050
90 146512
8 8073220
1 9045358
9 3483187
9 5141608
1 8096339
60 333433
1 5784414
8 5395097
50 793410
10 40993
5 7131238
4 3380047
4 300939
6 4323019
3 6783867
2 1921472
4 6788905
3 4446067
-1
4 8090465
5 380699
70 389448
8 2807734
8 8002280
7 447470
6 3719044
2 7001803
2 3448898
3 2252825
3 2692886
20 714623
5 600918
7 945117
8 2330188
9 7465096
8 9382047
60 635734
6 8004118
2000 9089
5 2766275
6 2536064
1 7076063
9 4004098
30 29636
1 7334944
2 4657811
5 3287296
5 8297259
1 8934034
8 5002925
9 6537
6 10739
70 910085
6 2626880
70 46860
5 1228020
6 9593080
6 7037152
80 63493
7 3105986
2 8646202
7 1800059
3 3794877
9 5143461
5 5003039
1 8710067
4 9022765
7 4610527
8 9754417
5 4744025
50 419363
4 405056
30 634019
5 568184
90 374090
40 103080
5 4006024
4 8797599
3 9095382
1 6481395
8 1660214
80 388324
2 5000335
4 55928
2 2900083
100 26056
7 8435879
1 1722067
9 158308
40 6129
8 5659026
3 5015322
1 99
7 2601607
4 5169237
50 119395
50 888220
3 3181028
4 5219237
50 7073
20 330477
1 7989098
8 674570
4 5133091
900 20017
1 4193323
1 4001213
20 1487
2 9186622
800 81947
4 7909878
90 620003
2 834535
60 832239
7 5700035
7 7524976
1 9000309
3 5028312
8 745060
9 3139794
3 5910074
1 7080865
60 660531
5 9863
10 953030
1 8100947
9 1613856
8 169194
5 290379
5 6639
60 66862
7 1040859
1 8783281
8 4660915
50 616552
900 50630
20 7201
7 7877235
400 62398
3 6201476
1 5156332
1 3629141
1 39068
7 3249533
6 8320026
5 380150
800 63650
5 160871
4 5750183
3 5210771
7 8268116
3 830936
2 4154990
2 977921
6 4897682
7 4506592
1 3903940
7 9763697
5 5528380
2 7819433
8 5023910
5 7702260
9 6794128
7 1073356
20 670538
6 9005348
7 5080712
8 6302856
3 6085041
9 4739028
2 596641
8 642529
3 6803116
5 8731853
9 910299
1 9009050
500 8029
2 3099556
1 5129102
8 5842435
2 680071
7 8200686
8 6947327
800 60733
1 8867408
1 7612710
3 9644046
4 778176
3 1434675
1 1142862
5 1367645
2 5000012
7 1587357
7 9302190
2 7813891
8 223868
2 1006694
9 855480
4 6558604
50 162026
80 844081
6 6817555
1 2075058
5 100891
8 3228018
6 7987339
3 9452089
20 604184
4 9266857
2 9640097
7 6497457
3 3471479
8 5944
7 7030536
5 116864
600 4372
5 1901044
1 7082462
5 4739064
2 683894
9 7805669
5 6020233
2 2071442
1 726616
5 6082108
40 935503
9 952090
8 37036
1 2096635
100 20685
7 403054
80 139644
30 397218
3 6006289
6 4782421
-1
400 28775
2 1013898
7 6428920
20 20505
3 220798
1 738
900 34611
4 5070887
8 8560256
-1
9 7126605
5 317297
2 7098589
9 8063764
9 9100184
10 504653
1 5177065
9 7754338
4 5413055
1 382385
80 2004
6 2042063
4 8880973
20 31227
7 7697276
7 4366838
6 9065664
70 31028
6 7476527
30 589154
9 7300087
-1
9 1455057
2 7282183
3 543135
2 37014
50 707051
1 4769890
2 1089100
9 6595723
7 891633
9 370680
6 5196436
8 5957064
8 3486491
2 8906459
3 60944
5 7260173
800 2501
5 8920656
4 9616557
2 561971
5 9230654
6 1908143
3 6757394
20 461053
2 2919606
5 1473817
2 7776625
3 8000032
8 7484449
2 200130
6 2069327
2 5477321
8 2931718
9 5617664
7 7394081
5 272068
7 3253078
20 890414
6 2154039
6 8859526
8 7941126
2 4835974
1 7925504
7 7105524
6 9120257
30 512277
4 6700000
5 23004
4 2193013
70 858481
6 6087642
3 7558507
5 4376878
5 4940399
9 652260
7 1454067
7 4954533
4 5252003
10 16458
6 732180
6 4809984
8 5802854
8 935434
80 506352
4 5041262
6 7002293
5 4071907
1 1527747
2 8005072
2 9001306
8 4098066
3 1337870
-1
1 1214937
8 8247384
1 1792076
6 8503789
7 4856782
7 4868659
9 7691894
4 6288095
10 498428
80 288179
6 3187749
2 508591
5 603553
9 1359
60 880380
6 1033884
10 58639
8 73096
1 8576623
8 3731986
5 8047017
2 9404356
6 2909240
5 108081
1 6041716
70 300084
9 600035
6 170076
4 7571948
8 329699
1 6746096
4 1606041
8 633433
1 4180546
30 870333
8 370588
1 8404477
-1
6 9859184
80 29018
10 100236
7 2049654
1 479422
2 203164
5 5742158
2 914919
6 777716
7 9627016
4 15739
5 3444920
5 1090211
90 567305
9 2046054
5 86117
80 139830
5 5783027
1 484037
4 433471
5 2142307
8 9125899
6 2630498
7 3319098
9 4808504
3 8008929
20 837171
80 440433
900 14060
3 274701
8 2181042
2 8779923
2 4030540
8 1086109
6 9497665
30 100036
4000 6020
4 80061
5 4416930
20 109041
10 214368
3 335047
8 1797522
9 410651
2 398212
7 72762
4 3019027
8 9438878
8 6590337
5 2281690
2 276297
2 4474358
200 59923
3 72588
2 7514202
4 8900825
3 2769571
8 2306376
5 7099954
9 5525268
1 670028
1 7819945
5 7097323
7 1183713
3 10066
7 2950784
30 176973
30 422
7 4080396
3 500900
90 90691
3 9909798
2 5831684
8 6072339
1 6480612
1 3464041
60 128424
3 5887484
4 9000289
1 7454546
800 40099
90 402618
1 3836670
5 826577
4 3102641
8 9990084
90 818889
4 7310375
500 97069
4 9060071
6 1070948
9 2580911
2 4319023
1 70154
5 8000546
8 3300927
2 4615896
2 3012054
8 3277548
2 8629078
5 9260808
2 99479
5 516011
1 25656
1 507542
-1
3 8824263
1 7560609
2 720039
6 1493206
9 6672545
8 329182
50 320548
1 6088352
2 7010193
4 2651070
7 992904
6 78446
1 3138245
5 2709220
4 2337493
2 8594054
-1
2 6057330
9 1879964
2 116141
1 2637139
90 186817
4 6340616
7 1343970
1 6920066
4 2383380
9 2792334
4 9775068
1 3814330
40 779756
6 95028
2 5905034
9 3125654
8 565638
8 882933
9 1652601
6 6055081
6 6223872
6 7880581
7 7151772
50 4068
80 850502
3 3019872
7 5714288
50 370320
5 5820314
7 4328600
2 809476
5 8583924
20 461665
4 894342
1 7729914
6 5403072
7 424915
3 7262330
9 8680541
4 3783577
50 59253
3 6721588
40 761302
1 9120503
9 4054098
8 2061978
3 502243
30 144390
-1
8 485183
50 703061
6 3700043
1 5039871
-1
9 309767
3 7242023
1 4896279
5 420123
2 6148409
30 680006
9 10783
7 222879
1 8954189
10 92012
1 1018069
40 156647
8 5053014
7 7370037
4 4322832
3 5888311
2 5043449
9 1072575
8 3119235
9 8735260
70 320833
8 5311187
700 87126
4 10065
6 7908993
1 6540752
7 3499066
4 810099
20 877
80 64700
8 9068337
5 3004267
4 8602060
5 792027
7 4098228
2 776407
80 210
2 5700506
6 6201363
